<?xml version="1.0" encoding="UTF-8"?>
<testsuite name="com.gruntik.hibernateex.userorder.UserOrderTests" tests="1" skipped="0" failures="0" errors="0" timestamp="2022-06-07T18:52:34" hostname="GIGOR" time="0.573">
  <properties/>
  <testcase name="lazy()" classname="com.gruntik.hibernateex.userorder.UserOrderTests" time="0.573"/>
  <system-out><![CDATA[21:52:29.408 [Test worker] DEBUG org.springframework.test.context.BootstrapUtils - Instantiating CacheAwareContextLoaderDelegate from class [org.springframework.test.context.cache.DefaultCacheAwareContextLoaderDelegate]
21:52:29.420 [Test worker] DEBUG org.springframework.test.context.BootstrapUtils - Instantiating BootstrapContext using constructor [public org.springframework.test.context.support.DefaultBootstrapContext(java.lang.Class,org.springframework.test.context.CacheAwareContextLoaderDelegate)]
21:52:29.458 [Test worker] DEBUG org.springframework.test.context.BootstrapUtils - Instantiating TestContextBootstrapper for test class [com.gruntik.hibernateex.userorder.UserOrderTests] from class [org.springframework.boot.test.context.SpringBootTestContextBootstrapper]
21:52:29.467 [Test worker] INFO org.springframework.boot.test.context.SpringBootTestContextBootstrapper - Neither @ContextConfiguration nor @ContextHierarchy found for test class [com.gruntik.hibernateex.userorder.UserOrderTests], using SpringBootContextLoader
21:52:29.471 [Test worker] DEBUG org.springframework.test.context.support.AbstractContextLoader - Did not detect default resource location for test class [com.gruntik.hibernateex.userorder.UserOrderTests]: class path resource [com/gruntik/hibernateex/userorder/UserOrderTests-context.xml] does not exist
21:52:29.471 [Test worker] DEBUG org.springframework.test.context.support.AbstractContextLoader - Did not detect default resource location for test class [com.gruntik.hibernateex.userorder.UserOrderTests]: class path resource [com/gruntik/hibernateex/userorder/UserOrderTestsContext.groovy] does not exist
21:52:29.472 [Test worker] INFO org.springframework.test.context.support.AbstractContextLoader - Could not detect default resource locations for test class [com.gruntik.hibernateex.userorder.UserOrderTests]: no resource found for suffixes {-context.xml, Context.groovy}.
21:52:29.472 [Test worker] INFO org.springframework.test.context.support.AnnotationConfigContextLoaderUtils - Could not detect default configuration classes for test class [com.gruntik.hibernateex.userorder.UserOrderTests]: UserOrderTests does not declare any static, non-private, non-final, nested classes annotated with @Configuration.
21:52:29.523 [Test worker] DEBUG org.springframework.test.context.support.ActiveProfilesUtils - Could not find an 'annotation declaring class' for annotation type [org.springframework.test.context.ActiveProfiles] and class [com.gruntik.hibernateex.userorder.UserOrderTests]
21:52:29.598 [Test worker] DEBUG org.springframework.context.annotation.ClassPathScanningCandidateComponentProvider - Identified candidate component class: file [D:\MyProjects\HibernateEx\build\classes\java\main\com\gruntik\hibernateex\Main.class]
21:52:29.600 [Test worker] INFO org.springframework.boot.test.context.SpringBootTestContextBootstrapper - Found @SpringBootConfiguration com.gruntik.hibernateex.Main for test class com.gruntik.hibernateex.userorder.UserOrderTests
21:52:29.703 [Test worker] DEBUG org.springframework.boot.test.context.SpringBootTestContextBootstrapper - @TestExecutionListeners is not present for class [com.gruntik.hibernateex.userorder.UserOrderTests]: using defaults.
21:52:29.704 [Test worker] INFO org.springframework.boot.test.context.SpringBootTestContextBootstrapper - Loaded default TestExecutionListener class names from location [META-INF/spring.factories]: [org.springframework.boot.test.autoconfigure.restdocs.RestDocsTestExecutionListener, org.springframework.boot.test.autoconfigure.web.client.MockRestServiceServerResetTestExecutionListener, org.springframework.boot.test.autoconfigure.web.servlet.MockMvcPrintOnlyOnFailureTestExecutionListener, org.springframework.boot.test.autoconfigure.web.servlet.WebDriverTestExecutionListener, org.springframework.boot.test.autoconfigure.webservices.client.MockWebServiceServerTestExecutionListener, org.springframework.boot.test.mock.mockito.MockitoTestExecutionListener, org.springframework.boot.test.mock.mockito.ResetMocksTestExecutionListener, org.springframework.test.context.web.ServletTestExecutionListener, org.springframework.test.context.support.DirtiesContextBeforeModesTestExecutionListener, org.springframework.test.context.event.ApplicationEventsTestExecutionListener, org.springframework.test.context.support.DependencyInjectionTestExecutionListener, org.springframework.test.context.support.DirtiesContextTestExecutionListener, org.springframework.test.context.transaction.TransactionalTestExecutionListener, org.springframework.test.context.jdbc.SqlScriptsTestExecutionListener, org.springframework.test.context.event.EventPublishingTestExecutionListener]
21:52:29.720 [Test worker] INFO org.springframework.boot.test.context.SpringBootTestContextBootstrapper - Using TestExecutionListeners: [org.springframework.test.context.web.ServletTestExecutionListener@bce02b5, org.springframework.test.context.support.DirtiesContextBeforeModesTestExecutionListener@162da24, org.springframework.test.context.event.ApplicationEventsTestExecutionListener@321ec0d0, org.springframework.boot.test.mock.mockito.MockitoTestExecutionListener@6ad3c382, org.springframework.boot.test.autoconfigure.SpringBootDependencyInjectionTestExecutionListener@1173afc7, org.springframework.test.context.support.DirtiesContextTestExecutionListener@657f437, org.springframework.test.context.transaction.TransactionalTestExecutionListener@428bac6d, org.springframework.test.context.jdbc.SqlScriptsTestExecutionListener@3630a86d, org.springframework.test.context.event.EventPublishingTestExecutionListener@3a3124fb, org.springframework.boot.test.autoconfigure.restdocs.RestDocsTestExecutionListener@37e89c6, org.springframework.boot.test.autoconfigure.web.client.MockRestServiceServerResetTestExecutionListener@1c09a500, org.springframework.boot.test.autoconfigure.web.servlet.MockMvcPrintOnlyOnFailureTestExecutionListener@2f49052c, org.springframework.boot.test.autoconfigure.web.servlet.WebDriverTestExecutionListener@1c6cfac2, org.springframework.boot.test.autoconfigure.webservices.client.MockWebServiceServerTestExecutionListener@6bab6030, org.springframework.boot.test.mock.mockito.ResetMocksTestExecutionListener@3a5be9e0]
21:52:29.723 [Test worker] DEBUG org.springframework.test.context.support.AbstractDirtiesContextTestExecutionListener - Before test class: context [DefaultTestContext@32ca9cad testClass = UserOrderTests, testInstance = [null], testMethod = [null], testException = [null], mergedContextConfiguration = [WebMergedContextConfiguration@12cab134 testClass = UserOrderTests, locations = '{}', classes = '{class com.gruntik.hibernateex.Main}', contextInitializerClasses = '[]', activeProfiles = '{}', propertySourceLocations = '{}', propertySourceProperties = '{org.springframework.boot.test.context.SpringBootTestContextBootstrapper=true}', contextCustomizers = set[org.springframework.boot.test.autoconfigure.actuate.metrics.MetricsExportContextCustomizerFactory$DisableMetricExportContextCustomizer@77eb6e3d, org.springframework.boot.test.autoconfigure.properties.PropertyMappingContextCustomizer@0, org.springframework.boot.test.autoconfigure.web.servlet.WebDriverContextCustomizerFactory$Customizer@77e7fd3d, org.springframework.boot.test.context.filter.ExcludeFilterContextCustomizer@38c48c12, org.springframework.boot.test.json.DuplicateJsonObjectContextCustomizerFactory$DuplicateJsonObjectContextCustomizer@19e86a20, org.springframework.boot.test.mock.mockito.MockitoContextCustomizer@0, org.springframework.boot.test.web.client.TestRestTemplateContextCustomizer@3d85fc79, org.springframework.boot.test.context.SpringBootTestArgs@1, org.springframework.boot.test.context.SpringBootTestWebEnvironment@64e77a75], resourceBasePath = 'src/main/webapp', contextLoader = 'org.springframework.boot.test.context.SpringBootContextLoader', parent = [null]], attributes = map['org.springframework.test.context.web.ServletTestExecutionListener.activateListener' -> true]], class annotated with @DirtiesContext [false] with mode [null].
21:52:29.783 [Test worker] DEBUG org.jboss.logging - Logging Provider: org.jboss.logging.Log4j2LoggerProvider
21:52:29.791 [Test worker] DEBUG org.hibernate.integrator.internal.IntegratorServiceImpl - Adding Integrator [org.hibernate.cfg.beanvalidation.BeanValidationIntegrator].
21:52:29.792 [Test worker] DEBUG org.hibernate.integrator.internal.IntegratorServiceImpl - Adding Integrator [org.hibernate.secure.spi.JaccIntegrator].
21:52:29.796 [Test worker] DEBUG org.hibernate.integrator.internal.IntegratorServiceImpl - Adding Integrator [org.hibernate.cache.internal.CollectionCacheInvalidator].
21:52:29.819 [Test worker] INFO org.hibernate.Version - HHH000412: Hibernate ORM core version 5.6.9.Final
21:52:29.820 [Test worker] DEBUG org.hibernate.cfg.Environment - HHH000206: hibernate.properties not found
21:52:30.019 [Test worker] DEBUG org.hibernate.integrator.internal.IntegratorServiceImpl - Adding Integrator [org.hibernate.cfg.beanvalidation.BeanValidationIntegrator].
21:52:30.019 [Test worker] DEBUG org.hibernate.integrator.internal.IntegratorServiceImpl - Adding Integrator [org.hibernate.secure.spi.JaccIntegrator].
21:52:30.020 [Test worker] DEBUG org.hibernate.integrator.internal.IntegratorServiceImpl - Adding Integrator [org.hibernate.cache.internal.CollectionCacheInvalidator].
21:52:30.028 [Test worker] DEBUG org.hibernate.service.spi.ServiceBinding - Overriding existing service binding [org.hibernate.secure.spi.JaccService]
21:52:30.029 [Test worker] DEBUG org.hibernate.cfg.Configuration - Building session factory using provided StandardServiceRegistry
21:52:30.047 [Test worker] DEBUG org.hibernate.cache.internal.RegionFactoryInitiator - Cannot default RegionFactory based on registered strategies as `[]` RegionFactory strategies were registered
21:52:30.049 [Test worker] DEBUG org.hibernate.cache.internal.RegionFactoryInitiator - Cache region factory : org.hibernate.cache.internal.NoCachingRegionFactory
21:52:30.070 [Test worker] INFO org.hibernate.annotations.common.Version - HCANN000001: Hibernate Commons Annotations {5.1.2.Final}
21:52:30.106 [Test worker] DEBUG org.hibernate.type.BasicTypeRegistry - Adding type registration boolean -> org.hibernate.type.BooleanType@5169f0f9
21:52:30.106 [Test worker] DEBUG org.hibernate.type.BasicTypeRegistry - Adding type registration boolean -> org.hibernate.type.BooleanType@5169f0f9
21:52:30.106 [Test worker] DEBUG org.hibernate.type.BasicTypeRegistry - Adding type registration java.lang.Boolean -> org.hibernate.type.BooleanType@5169f0f9
21:52:30.107 [Test worker] DEBUG org.hibernate.type.BasicTypeRegistry - Adding type registration numeric_boolean -> org.hibernate.type.NumericBooleanType@480001
21:52:30.108 [Test worker] DEBUG org.hibernate.type.BasicTypeRegistry - Adding type registration true_false -> org.hibernate.type.TrueFalseType@71cb3002
21:52:30.109 [Test worker] DEBUG org.hibernate.type.BasicTypeRegistry - Adding type registration yes_no -> org.hibernate.type.YesNoType@6d0c57a6
21:52:30.111 [Test worker] DEBUG org.hibernate.type.BasicTypeRegistry - Adding type registration byte -> org.hibernate.type.ByteType@42201b71
21:52:30.111 [Test worker] DEBUG org.hibernate.type.BasicTypeRegistry - Adding type registration byte -> org.hibernate.type.ByteType@42201b71
21:52:30.111 [Test worker] DEBUG org.hibernate.type.BasicTypeRegistry - Adding type registration java.lang.Byte -> org.hibernate.type.ByteType@42201b71
21:52:30.112 [Test worker] DEBUG org.hibernate.type.BasicTypeRegistry - Adding type registration character -> org.hibernate.type.CharacterType@67864e36
21:52:30.112 [Test worker] DEBUG org.hibernate.type.BasicTypeRegistry - Adding type registration char -> org.hibernate.type.CharacterType@67864e36
21:52:30.113 [Test worker] DEBUG org.hibernate.type.BasicTypeRegistry - Adding type registration java.lang.Character -> org.hibernate.type.CharacterType@67864e36
21:52:30.114 [Test worker] DEBUG org.hibernate.type.BasicTypeRegistry - Adding type registration short -> org.hibernate.type.ShortType@15c12e0a
21:52:30.114 [Test worker] DEBUG org.hibernate.type.BasicTypeRegistry - Adding type registration short -> org.hibernate.type.ShortType@15c12e0a
21:52:30.114 [Test worker] DEBUG org.hibernate.type.BasicTypeRegistry - Adding type registration java.lang.Short -> org.hibernate.type.ShortType@15c12e0a
21:52:30.116 [Test worker] DEBUG org.hibernate.type.BasicTypeRegistry - Adding type registration integer -> org.hibernate.type.IntegerType@22d56e95
21:52:30.116 [Test worker] DEBUG org.hibernate.type.BasicTypeRegistry - Adding type registration int -> org.hibernate.type.IntegerType@22d56e95
21:52:30.116 [Test worker] DEBUG org.hibernate.type.BasicTypeRegistry - Adding type registration java.lang.Integer -> org.hibernate.type.IntegerType@22d56e95
21:52:30.118 [Test worker] DEBUG org.hibernate.type.BasicTypeRegistry - Adding type registration long -> org.hibernate.type.LongType@25c21539
21:52:30.118 [Test worker] DEBUG org.hibernate.type.BasicTypeRegistry - Adding type registration long -> org.hibernate.type.LongType@25c21539
21:52:30.118 [Test worker] DEBUG org.hibernate.type.BasicTypeRegistry - Adding type registration java.lang.Long -> org.hibernate.type.LongType@25c21539
21:52:30.119 [Test worker] DEBUG org.hibernate.type.BasicTypeRegistry - Adding type registration float -> org.hibernate.type.FloatType@74cf487b
21:52:30.119 [Test worker] DEBUG org.hibernate.type.BasicTypeRegistry - Adding type registration float -> org.hibernate.type.FloatType@74cf487b
21:52:30.119 [Test worker] DEBUG org.hibernate.type.BasicTypeRegistry - Adding type registration java.lang.Float -> org.hibernate.type.FloatType@74cf487b
21:52:30.120 [Test worker] DEBUG org.hibernate.type.BasicTypeRegistry - Adding type registration double -> org.hibernate.type.DoubleType@55dd0db0
21:52:30.120 [Test worker] DEBUG org.hibernate.type.BasicTypeRegistry - Adding type registration double -> org.hibernate.type.DoubleType@55dd0db0
21:52:30.121 [Test worker] DEBUG org.hibernate.type.BasicTypeRegistry - Adding type registration java.lang.Double -> org.hibernate.type.DoubleType@55dd0db0
21:52:30.122 [Test worker] DEBUG org.hibernate.type.BasicTypeRegistry - Adding type registration big_decimal -> org.hibernate.type.BigDecimalType@2cfdcea8
21:52:30.122 [Test worker] DEBUG org.hibernate.type.BasicTypeRegistry - Adding type registration java.math.BigDecimal -> org.hibernate.type.BigDecimalType@2cfdcea8
21:52:30.124 [Test worker] DEBUG org.hibernate.type.BasicTypeRegistry - Adding type registration big_integer -> org.hibernate.type.BigIntegerType@5470e1f8
21:52:30.124 [Test worker] DEBUG org.hibernate.type.BasicTypeRegistry - Adding type registration java.math.BigInteger -> org.hibernate.type.BigIntegerType@5470e1f8
21:52:30.126 [Test worker] DEBUG org.hibernate.type.BasicTypeRegistry - Adding type registration string -> org.hibernate.type.StringType@5aa519e3
21:52:30.126 [Test worker] DEBUG org.hibernate.type.BasicTypeRegistry - Adding type registration java.lang.String -> org.hibernate.type.StringType@5aa519e3
21:52:30.127 [Test worker] DEBUG org.hibernate.type.BasicTypeRegistry - Adding type registration nstring -> org.hibernate.type.StringNVarcharType@68131c4
21:52:30.128 [Test worker] DEBUG org.hibernate.type.BasicTypeRegistry - Adding type registration ncharacter -> org.hibernate.type.CharacterNCharType@73fd1271
21:52:30.129 [Test worker] DEBUG org.hibernate.type.BasicTypeRegistry - Adding type registration url -> org.hibernate.type.UrlType@537378e4
21:52:30.130 [Test worker] DEBUG org.hibernate.type.BasicTypeRegistry - Adding type registration java.net.URL -> org.hibernate.type.UrlType@537378e4
21:52:30.131 [Test worker] DEBUG org.hibernate.type.BasicTypeRegistry - Adding type registration Duration -> org.hibernate.type.DurationType@72b0dd9c
21:52:30.131 [Test worker] DEBUG org.hibernate.type.BasicTypeRegistry - Adding type registration java.time.Duration -> org.hibernate.type.DurationType@72b0dd9c
21:52:30.132 [Test worker] DEBUG org.hibernate.type.BasicTypeRegistry - Adding type registration Instant -> org.hibernate.type.InstantType@287726ad
21:52:30.133 [Test worker] DEBUG org.hibernate.type.BasicTypeRegistry - Adding type registration java.time.Instant -> org.hibernate.type.InstantType@287726ad
21:52:30.134 [Test worker] DEBUG org.hibernate.type.BasicTypeRegistry - Adding type registration LocalDateTime -> org.hibernate.type.LocalDateTimeType@a519b88
21:52:30.135 [Test worker] DEBUG org.hibernate.type.BasicTypeRegistry - Adding type registration java.time.LocalDateTime -> org.hibernate.type.LocalDateTimeType@a519b88
21:52:30.136 [Test worker] DEBUG org.hibernate.type.BasicTypeRegistry - Adding type registration LocalDate -> org.hibernate.type.LocalDateType@20a41680
21:52:30.137 [Test worker] DEBUG org.hibernate.type.BasicTypeRegistry - Adding type registration java.time.LocalDate -> org.hibernate.type.LocalDateType@20a41680
21:52:30.138 [Test worker] DEBUG org.hibernate.type.BasicTypeRegistry - Adding type registration LocalTime -> org.hibernate.type.LocalTimeType@6f345b87
21:52:30.139 [Test worker] DEBUG org.hibernate.type.BasicTypeRegistry - Adding type registration java.time.LocalTime -> org.hibernate.type.LocalTimeType@6f345b87
21:52:30.140 [Test worker] DEBUG org.hibernate.type.BasicTypeRegistry - Adding type registration OffsetDateTime -> org.hibernate.type.OffsetDateTimeType@4fd759c0
21:52:30.141 [Test worker] DEBUG org.hibernate.type.BasicTypeRegistry - Adding type registration java.time.OffsetDateTime -> org.hibernate.type.OffsetDateTimeType@4fd759c0
21:52:30.142 [Test worker] DEBUG org.hibernate.type.BasicTypeRegistry - Adding type registration OffsetTime -> org.hibernate.type.OffsetTimeType@2d912fa0
21:52:30.143 [Test worker] DEBUG org.hibernate.type.BasicTypeRegistry - Adding type registration java.time.OffsetTime -> org.hibernate.type.OffsetTimeType@2d912fa0
21:52:30.146 [Test worker] DEBUG org.hibernate.type.BasicTypeRegistry - Adding type registration ZonedDateTime -> org.hibernate.type.ZonedDateTimeType@207a0e48
21:52:30.147 [Test worker] DEBUG org.hibernate.type.BasicTypeRegistry - Adding type registration java.time.ZonedDateTime -> org.hibernate.type.ZonedDateTimeType@207a0e48
21:52:30.149 [Test worker] DEBUG org.hibernate.type.BasicTypeRegistry - Adding type registration date -> org.hibernate.type.DateType@1ae33a86
21:52:30.150 [Test worker] DEBUG org.hibernate.type.BasicTypeRegistry - Adding type registration java.sql.Date -> org.hibernate.type.DateType@1ae33a86
21:52:30.152 [Test worker] DEBUG org.hibernate.type.BasicTypeRegistry - Adding type registration time -> org.hibernate.type.TimeType@591646c9
21:52:30.153 [Test worker] DEBUG org.hibernate.type.BasicTypeRegistry - Adding type registration java.sql.Time -> org.hibernate.type.TimeType@591646c9
21:52:30.155 [Test worker] DEBUG org.hibernate.type.BasicTypeRegistry - Adding type registration timestamp -> org.hibernate.type.TimestampType@4f2ddc4b
21:52:30.156 [Test worker] DEBUG org.hibernate.type.BasicTypeRegistry - Adding type registration java.sql.Timestamp -> org.hibernate.type.TimestampType@4f2ddc4b
21:52:30.156 [Test worker] DEBUG org.hibernate.type.BasicTypeRegistry - Adding type registration java.util.Date -> org.hibernate.type.TimestampType@4f2ddc4b
21:52:30.159 [Test worker] DEBUG org.hibernate.type.BasicTypeRegistry - Adding type registration dbtimestamp -> org.hibernate.type.DbTimestampType@670d02bb
21:52:30.161 [Test worker] DEBUG org.hibernate.type.BasicTypeRegistry - Adding type registration calendar -> org.hibernate.type.CalendarType@4eae19e7
21:52:30.161 [Test worker] DEBUG org.hibernate.type.BasicTypeRegistry - Adding type registration java.util.Calendar -> org.hibernate.type.CalendarType@4eae19e7
21:52:30.161 [Test worker] DEBUG org.hibernate.type.BasicTypeRegistry - Adding type registration java.util.GregorianCalendar -> org.hibernate.type.CalendarType@4eae19e7
21:52:30.162 [Test worker] DEBUG org.hibernate.type.BasicTypeRegistry - Adding type registration calendar_date -> org.hibernate.type.CalendarDateType@4b2456fc
21:52:30.164 [Test worker] DEBUG org.hibernate.type.BasicTypeRegistry - Adding type registration calendar_time -> org.hibernate.type.CalendarTimeType@129fb929
21:52:30.165 [Test worker] DEBUG org.hibernate.type.BasicTypeRegistry - Adding type registration locale -> org.hibernate.type.LocaleType@62a38b1c
21:52:30.166 [Test worker] DEBUG org.hibernate.type.BasicTypeRegistry - Adding type registration java.util.Locale -> org.hibernate.type.LocaleType@62a38b1c
21:52:30.167 [Test worker] DEBUG org.hibernate.type.BasicTypeRegistry - Adding type registration currency -> org.hibernate.type.CurrencyType@62895a6b
21:52:30.167 [Test worker] DEBUG org.hibernate.type.BasicTypeRegistry - Adding type registration java.util.Currency -> org.hibernate.type.CurrencyType@62895a6b
21:52:30.169 [Test worker] DEBUG org.hibernate.type.BasicTypeRegistry - Adding type registration timezone -> org.hibernate.type.TimeZoneType@255d6428
21:52:30.169 [Test worker] DEBUG org.hibernate.type.BasicTypeRegistry - Adding type registration java.util.TimeZone -> org.hibernate.type.TimeZoneType@255d6428
21:52:30.170 [Test worker] DEBUG org.hibernate.type.BasicTypeRegistry - Adding type registration class -> org.hibernate.type.ClassType@206d7b2f
21:52:30.170 [Test worker] DEBUG org.hibernate.type.BasicTypeRegistry - Adding type registration java.lang.Class -> org.hibernate.type.ClassType@206d7b2f
21:52:30.172 [Test worker] DEBUG org.hibernate.type.BasicTypeRegistry - Adding type registration uuid-binary -> org.hibernate.type.UUIDBinaryType@52476176
21:52:30.172 [Test worker] DEBUG org.hibernate.type.BasicTypeRegistry - Adding type registration java.util.UUID -> org.hibernate.type.UUIDBinaryType@52476176
21:52:30.173 [Test worker] DEBUG org.hibernate.type.BasicTypeRegistry - Adding type registration uuid-char -> org.hibernate.type.UUIDCharType@301690fc
21:52:30.174 [Test worker] DEBUG org.hibernate.type.BasicTypeRegistry - Adding type registration binary -> org.hibernate.type.BinaryType@1d27885d
21:52:30.175 [Test worker] DEBUG org.hibernate.type.BasicTypeRegistry - Adding type registration byte[] -> org.hibernate.type.BinaryType@1d27885d
21:52:30.175 [Test worker] DEBUG org.hibernate.type.BasicTypeRegistry - Adding type registration [B -> org.hibernate.type.BinaryType@1d27885d
21:52:30.176 [Test worker] DEBUG org.hibernate.type.BasicTypeRegistry - Adding type registration wrapper-binary -> org.hibernate.type.WrapperBinaryType@6e4d38cf
21:52:30.176 [Test worker] DEBUG org.hibernate.type.BasicTypeRegistry - Adding type registration Byte[] -> org.hibernate.type.WrapperBinaryType@6e4d38cf
21:52:30.177 [Test worker] DEBUG org.hibernate.type.BasicTypeRegistry - Adding type registration [Ljava.lang.Byte; -> org.hibernate.type.WrapperBinaryType@6e4d38cf
21:52:30.178 [Test worker] DEBUG org.hibernate.type.BasicTypeRegistry - Adding type registration row_version -> org.hibernate.type.RowVersionType@595d2e67
21:52:30.179 [Test worker] DEBUG org.hibernate.type.BasicTypeRegistry - Adding type registration image -> org.hibernate.type.ImageType@f6503d2
21:52:30.180 [Test worker] DEBUG org.hibernate.type.BasicTypeRegistry - Adding type registration characters -> org.hibernate.type.CharArrayType@2fd50b35
21:52:30.181 [Test worker] DEBUG org.hibernate.type.BasicTypeRegistry - Adding type registration char[] -> org.hibernate.type.CharArrayType@2fd50b35
21:52:30.181 [Test worker] DEBUG org.hibernate.type.BasicTypeRegistry - Adding type registration [C -> org.hibernate.type.CharArrayType@2fd50b35
21:52:30.183 [Test worker] DEBUG org.hibernate.type.BasicTypeRegistry - Adding type registration wrapper-characters -> org.hibernate.type.CharacterArrayType@a668068
21:52:30.183 [Test worker] DEBUG org.hibernate.type.BasicTypeRegistry - Adding type registration [Ljava.lang.Character; -> org.hibernate.type.CharacterArrayType@a668068
21:52:30.184 [Test worker] DEBUG org.hibernate.type.BasicTypeRegistry - Adding type registration Character[] -> org.hibernate.type.CharacterArrayType@a668068
21:52:30.185 [Test worker] DEBUG org.hibernate.type.BasicTypeRegistry - Adding type registration text -> org.hibernate.type.TextType@64b334a8
21:52:30.186 [Test worker] DEBUG org.hibernate.type.BasicTypeRegistry - Adding type registration ntext -> org.hibernate.type.NTextType@436967dc
21:52:30.189 [Test worker] DEBUG org.hibernate.type.BasicTypeRegistry - Adding type registration blob -> org.hibernate.type.BlobType@197227aa
21:52:30.189 [Test worker] DEBUG org.hibernate.type.BasicTypeRegistry - Adding type registration java.sql.Blob -> org.hibernate.type.BlobType@197227aa
21:52:30.190 [Test worker] DEBUG org.hibernate.type.BasicTypeRegistry - Adding type registration materialized_blob -> org.hibernate.type.MaterializedBlobType@4aba788d
21:52:30.192 [Test worker] DEBUG org.hibernate.type.BasicTypeRegistry - Adding type registration clob -> org.hibernate.type.ClobType@2adb3277
21:52:30.193 [Test worker] DEBUG org.hibernate.type.BasicTypeRegistry - Adding type registration java.sql.Clob -> org.hibernate.type.ClobType@2adb3277
21:52:30.195 [Test worker] DEBUG org.hibernate.type.BasicTypeRegistry - Adding type registration nclob -> org.hibernate.type.NClobType@5fc009b6
21:52:30.195 [Test worker] DEBUG org.hibernate.type.BasicTypeRegistry - Adding type registration java.sql.NClob -> org.hibernate.type.NClobType@5fc009b6
21:52:30.196 [Test worker] DEBUG org.hibernate.type.BasicTypeRegistry - Adding type registration materialized_clob -> org.hibernate.type.MaterializedClobType@48b18d06
21:52:30.197 [Test worker] DEBUG org.hibernate.type.BasicTypeRegistry - Adding type registration materialized_nclob -> org.hibernate.type.MaterializedNClobType@65bac3b7
21:52:30.199 [Test worker] DEBUG org.hibernate.type.BasicTypeRegistry - Adding type registration serializable -> org.hibernate.type.SerializableType@37920b9e
21:52:30.203 [Test worker] DEBUG org.hibernate.type.BasicTypeRegistry - Adding type registration object -> org.hibernate.type.ObjectType@7ae8564a
21:52:30.203 [Test worker] DEBUG org.hibernate.type.BasicTypeRegistry - Adding type registration java.lang.Object -> org.hibernate.type.ObjectType@7ae8564a
21:52:30.204 [Test worker] DEBUG org.hibernate.type.BasicTypeRegistry - Adding type registration imm_date -> org.hibernate.type.AdaptedImmutableType@8157ca8
21:52:30.205 [Test worker] DEBUG org.hibernate.type.BasicTypeRegistry - Adding type registration imm_time -> org.hibernate.type.AdaptedImmutableType@66352f29
21:52:30.206 [Test worker] DEBUG org.hibernate.type.BasicTypeRegistry - Adding type registration imm_timestamp -> org.hibernate.type.AdaptedImmutableType@d0e854d
21:52:30.206 [Test worker] DEBUG org.hibernate.type.BasicTypeRegistry - Adding type registration imm_dbtimestamp -> org.hibernate.type.AdaptedImmutableType@44732f0
21:52:30.207 [Test worker] DEBUG org.hibernate.type.BasicTypeRegistry - Adding type registration imm_calendar -> org.hibernate.type.AdaptedImmutableType@2714eeec
21:52:30.207 [Test worker] DEBUG org.hibernate.type.BasicTypeRegistry - Adding type registration imm_calendar_date -> org.hibernate.type.AdaptedImmutableType@6897c140
21:52:30.207 [Test worker] DEBUG org.hibernate.type.BasicTypeRegistry - Adding type registration imm_binary -> org.hibernate.type.AdaptedImmutableType@114a15f2
21:52:30.207 [Test worker] DEBUG org.hibernate.type.BasicTypeRegistry - Adding type registration imm_serializable -> org.hibernate.type.AdaptedImmutableType@2c277599
21:52:30.270 [Test worker] DEBUG org.hibernate.id.factory.internal.DefaultIdentifierGeneratorFactory - Registering IdentifierGenerator strategy [uuid2] -> [org.hibernate.id.UUIDGenerator]
21:52:30.271 [Test worker] DEBUG org.hibernate.id.factory.internal.DefaultIdentifierGeneratorFactory - Registering IdentifierGenerator strategy [guid] -> [org.hibernate.id.GUIDGenerator]
21:52:30.272 [Test worker] DEBUG org.hibernate.id.factory.internal.DefaultIdentifierGeneratorFactory - Registering IdentifierGenerator strategy [uuid] -> [org.hibernate.id.UUIDHexGenerator]
21:52:30.272 [Test worker] DEBUG org.hibernate.id.factory.internal.DefaultIdentifierGeneratorFactory - Registering IdentifierGenerator strategy [uuid.hex] -> [org.hibernate.id.UUIDHexGenerator]
21:52:30.273 [Test worker] DEBUG org.hibernate.id.factory.internal.DefaultIdentifierGeneratorFactory - Registering IdentifierGenerator strategy [assigned] -> [org.hibernate.id.Assigned]
21:52:30.276 [Test worker] DEBUG org.hibernate.id.factory.internal.DefaultIdentifierGeneratorFactory - Registering IdentifierGenerator strategy [identity] -> [org.hibernate.id.IdentityGenerator]
21:52:30.277 [Test worker] DEBUG org.hibernate.id.factory.internal.DefaultIdentifierGeneratorFactory - Registering IdentifierGenerator strategy [select] -> [org.hibernate.id.SelectGenerator]
21:52:30.278 [Test worker] DEBUG org.hibernate.id.factory.internal.DefaultIdentifierGeneratorFactory - Registering IdentifierGenerator strategy [sequence] -> [org.hibernate.id.enhanced.SequenceStyleGenerator]
21:52:30.279 [Test worker] DEBUG org.hibernate.id.factory.internal.DefaultIdentifierGeneratorFactory - Registering IdentifierGenerator strategy [seqhilo] -> [org.hibernate.id.SequenceHiLoGenerator]
21:52:30.279 [Test worker] DEBUG org.hibernate.id.factory.internal.DefaultIdentifierGeneratorFactory - Registering IdentifierGenerator strategy [increment] -> [org.hibernate.id.IncrementGenerator]
21:52:30.280 [Test worker] DEBUG org.hibernate.id.factory.internal.DefaultIdentifierGeneratorFactory - Registering IdentifierGenerator strategy [foreign] -> [org.hibernate.id.ForeignGenerator]
21:52:30.280 [Test worker] DEBUG org.hibernate.id.factory.internal.DefaultIdentifierGeneratorFactory - Registering IdentifierGenerator strategy [sequence-identity] -> [org.hibernate.id.SequenceIdentityGenerator]
21:52:30.281 [Test worker] DEBUG org.hibernate.id.factory.internal.DefaultIdentifierGeneratorFactory - Registering IdentifierGenerator strategy [enhanced-sequence] -> [org.hibernate.id.enhanced.SequenceStyleGenerator]
21:52:30.282 [Test worker] DEBUG org.hibernate.id.factory.internal.DefaultIdentifierGeneratorFactory - Registering IdentifierGenerator strategy [enhanced-table] -> [org.hibernate.id.enhanced.TableGenerator]
21:52:30.288 [Test worker] WARN org.hibernate.orm.connections.pooling - HHH10001002: Using Hibernate built-in connection pool (not for production use!)
21:52:30.293 [Test worker] INFO org.hibernate.orm.connections.pooling - HHH10001005: using driver [org.h2.Driver] at URL [jdbc:h2:mem:db:DB_CLOSE_DELAY=-1;DB_CLOSE_ON_EXIT=FALSE]
21:52:30.294 [Test worker] INFO org.hibernate.orm.connections.pooling - HHH10001001: Connection properties: {password=sa, user=sa}
21:52:30.294 [Test worker] INFO org.hibernate.orm.connections.pooling - HHH10001003: Autocommit mode: false
21:52:30.298 [Test worker] DEBUG org.hibernate.engine.jdbc.connections.internal.DriverManagerConnectionProviderImpl - Initializing Connection pool with 1 Connections
21:52:30.298 [Test worker] INFO org.hibernate.engine.jdbc.connections.internal.DriverManagerConnectionProviderImpl - HHH000115: Hibernate connection pool size: 20 (min=1)
21:52:30.431 [Test worker] DEBUG org.hibernate.engine.jdbc.env.internal.JdbcEnvironmentInitiator - Database ->
       name : H2
    version : 1.3.176 (2014-04-05)
      major : 1
      minor : 3
21:52:30.431 [Test worker] DEBUG org.hibernate.engine.jdbc.env.internal.JdbcEnvironmentInitiator - Driver ->
       name : H2 JDBC Driver
    version : 1.3.176 (2014-04-05)
      major : 1
      minor : 3
21:52:30.431 [Test worker] DEBUG org.hibernate.engine.jdbc.env.internal.JdbcEnvironmentInitiator - JDBC version : 4.0
21:52:30.445 [Test worker] INFO org.hibernate.dialect.Dialect - HHH000400: Using dialect: org.hibernate.dialect.H2Dialect
21:52:30.474 [Test worker] DEBUG org.hibernate.engine.jdbc.env.internal.DefaultSchemaNameResolver - Unable to use Java 1.7 Connection#getSchema
21:52:30.480 [Test worker] DEBUG org.hibernate.engine.jdbc.env.internal.JdbcEnvironmentImpl - Unable to resolve connection default schema
org.hibernate.HibernateException: Use of DefaultSchemaNameResolver requires Dialect to provide the proper SQL statement/command but provided Dialect [org.hibernate.dialect.H2Dialect] did not return anything from Dialect#getCurrentSchemaCommand
	at org.hibernate.engine.jdbc.env.internal.DefaultSchemaNameResolver$SchemaNameResolverFallbackDelegate.resolveSchemaName(DefaultSchemaNameResolver.java:100)
	at org.hibernate.engine.jdbc.env.internal.DefaultSchemaNameResolver.resolveSchemaName(DefaultSchemaNameResolver.java:76)
	at org.hibernate.engine.jdbc.env.internal.JdbcEnvironmentImpl.determineCurrentSchemaName(JdbcEnvironmentImpl.java:315)
	at org.hibernate.engine.jdbc.env.internal.JdbcEnvironmentImpl.<init>(JdbcEnvironmentImpl.java:273)
	at org.hibernate.engine.jdbc.env.internal.JdbcEnvironmentInitiator.initiateService(JdbcEnvironmentInitiator.java:114)
	at org.hibernate.engine.jdbc.env.internal.JdbcEnvironmentInitiator.initiateService(JdbcEnvironmentInitiator.java:35)
	at org.hibernate.boot.registry.internal.StandardServiceRegistryImpl.initiateService(StandardServiceRegistryImpl.java:101)
	at org.hibernate.service.internal.AbstractServiceRegistryImpl.createService(AbstractServiceRegistryImpl.java:263)
	at org.hibernate.service.internal.AbstractServiceRegistryImpl.initializeService(AbstractServiceRegistryImpl.java:237)
	at org.hibernate.service.internal.AbstractServiceRegistryImpl.getService(AbstractServiceRegistryImpl.java:214)
	at org.hibernate.id.factory.internal.DefaultIdentifierGeneratorFactory.injectServices(DefaultIdentifierGeneratorFactory.java:175)
	at org.hibernate.service.internal.AbstractServiceRegistryImpl.injectDependencies(AbstractServiceRegistryImpl.java:286)
	at org.hibernate.service.internal.AbstractServiceRegistryImpl.initializeService(AbstractServiceRegistryImpl.java:243)
	at org.hibernate.service.internal.AbstractServiceRegistryImpl.getService(AbstractServiceRegistryImpl.java:214)
	at org.hibernate.boot.internal.InFlightMetadataCollectorImpl.<init>(InFlightMetadataCollectorImpl.java:173)
	at org.hibernate.boot.model.process.spi.MetadataBuildingProcess.complete(MetadataBuildingProcess.java:127)
	at org.hibernate.boot.model.process.spi.MetadataBuildingProcess.build(MetadataBuildingProcess.java:86)
	at org.hibernate.boot.internal.MetadataBuilderImpl.build(MetadataBuilderImpl.java:479)
	at org.hibernate.boot.internal.MetadataBuilderImpl.build(MetadataBuilderImpl.java:85)
	at org.hibernate.cfg.Configuration.buildSessionFactory(Configuration.java:709)
	at com.gruntik.hibernateex.util.HibernateUtil.buildSessionFactory(HibernateUtil.java:48)
	at com.gruntik.hibernateex.util.HibernateUtil.getSessionFactory(HibernateUtil.java:55)
	at com.gruntik.hibernateex.userorder.UserOrderTests.<clinit>(UserOrderTests.java:21)
	at java.base/jdk.internal.reflect.NativeConstructorAccessorImpl.newInstance0(Native Method)
	at java.base/jdk.internal.reflect.NativeConstructorAccessorImpl.newInstance(NativeConstructorAccessorImpl.java:62)
	at java.base/jdk.internal.reflect.DelegatingConstructorAccessorImpl.newInstance(DelegatingConstructorAccessorImpl.java:45)
	at java.base/java.lang.reflect.Constructor.newInstance(Constructor.java:490)
	at org.junit.platform.commons.util.ReflectionUtils.newInstance(ReflectionUtils.java:550)
	at org.junit.jupiter.engine.execution.ConstructorInvocation.proceed(ConstructorInvocation.java:56)
	at org.junit.jupiter.engine.execution.InvocationInterceptorChain$ValidatingInvocation.proceed(InvocationInterceptorChain.java:131)
	at org.junit.jupiter.api.extension.InvocationInterceptor.interceptTestClassConstructor(InvocationInterceptor.java:73)
	at org.junit.jupiter.engine.execution.ExecutableInvoker.lambda$invoke$0(ExecutableInvoker.java:105)
	at org.junit.jupiter.engine.execution.InvocationInterceptorChain$InterceptedInvocation.proceed(InvocationInterceptorChain.java:106)
	at org.junit.jupiter.engine.execution.InvocationInterceptorChain.proceed(InvocationInterceptorChain.java:64)
	at org.junit.jupiter.engine.execution.InvocationInterceptorChain.chainAndInvoke(InvocationInterceptorChain.java:45)
	at org.junit.jupiter.engine.execution.InvocationInterceptorChain.invoke(InvocationInterceptorChain.java:37)
	at org.junit.jupiter.engine.execution.ExecutableInvoker.invoke(ExecutableInvoker.java:104)
	at org.junit.jupiter.engine.execution.ExecutableInvoker.invoke(ExecutableInvoker.java:77)
	at org.junit.jupiter.engine.descriptor.ClassBasedTestDescriptor.invokeTestClassConstructor(ClassBasedTestDescriptor.java:355)
	at org.junit.jupiter.engine.descriptor.ClassBasedTestDescriptor.instantiateTestClass(ClassBasedTestDescriptor.java:302)
	at org.junit.jupiter.engine.descriptor.ClassTestDescriptor.instantiateTestClass(ClassTestDescriptor.java:79)
	at org.junit.jupiter.engine.descriptor.ClassBasedTestDescriptor.instantiateAndPostProcessTestInstance(ClassBasedTestDescriptor.java:280)
	at org.junit.jupiter.engine.descriptor.ClassBasedTestDescriptor.lambda$testInstancesProvider$4(ClassBasedTestDescriptor.java:272)
	at java.base/java.util.Optional.orElseGet(Optional.java:369)
	at org.junit.jupiter.engine.descriptor.ClassBasedTestDescriptor.lambda$testInstancesProvider$5(ClassBasedTestDescriptor.java:271)
	at org.junit.jupiter.engine.execution.TestInstancesProvider.getTestInstances(TestInstancesProvider.java:31)
	at org.junit.jupiter.engine.descriptor.TestMethodTestDescriptor.lambda$prepare$0(TestMethodTestDescriptor.java:102)
	at org.junit.platform.engine.support.hierarchical.ThrowableCollector.execute(ThrowableCollector.java:73)
	at org.junit.jupiter.engine.descriptor.TestMethodTestDescriptor.prepare(TestMethodTestDescriptor.java:101)
	at org.junit.jupiter.engine.descriptor.TestMethodTestDescriptor.prepare(TestMethodTestDescriptor.java:66)
	at org.junit.platform.engine.support.hierarchical.NodeTestTask.lambda$prepare$2(NodeTestTask.java:123)
	at org.junit.platform.engine.support.hierarchical.ThrowableCollector.execute(ThrowableCollector.java:73)
	at org.junit.platform.engine.support.hierarchical.NodeTestTask.prepare(NodeTestTask.java:123)
	at org.junit.platform.engine.support.hierarchical.NodeTestTask.execute(NodeTestTask.java:90)
	at java.base/java.util.ArrayList.forEach(ArrayList.java:1541)
	at org.junit.platform.engine.support.hierarchical.SameThreadHierarchicalTestExecutorService.invokeAll(SameThreadHierarchicalTestExecutorService.java:41)
	at org.junit.platform.engine.support.hierarchical.NodeTestTask.lambda$executeRecursively$6(NodeTestTask.java:155)
	at org.junit.platform.engine.support.hierarchical.ThrowableCollector.execute(ThrowableCollector.java:73)
	at org.junit.platform.engine.support.hierarchical.NodeTestTask.lambda$executeRecursively$8(NodeTestTask.java:141)
	at org.junit.platform.engine.support.hierarchical.Node.around(Node.java:137)
	at org.junit.platform.engine.support.hierarchical.NodeTestTask.lambda$executeRecursively$9(NodeTestTask.java:139)
	at org.junit.platform.engine.support.hierarchical.ThrowableCollector.execute(ThrowableCollector.java:73)
	at org.junit.platform.engine.support.hierarchical.NodeTestTask.executeRecursively(NodeTestTask.java:138)
	at org.junit.platform.engine.support.hierarchical.NodeTestTask.execute(NodeTestTask.java:95)
	at java.base/java.util.ArrayList.forEach(ArrayList.java:1541)
	at org.junit.platform.engine.support.hierarchical.SameThreadHierarchicalTestExecutorService.invokeAll(SameThreadHierarchicalTestExecutorService.java:41)
	at org.junit.platform.engine.support.hierarchical.NodeTestTask.lambda$executeRecursively$6(NodeTestTask.java:155)
	at org.junit.platform.engine.support.hierarchical.ThrowableCollector.execute(ThrowableCollector.java:73)
	at org.junit.platform.engine.support.hierarchical.NodeTestTask.lambda$executeRecursively$8(NodeTestTask.java:141)
	at org.junit.platform.engine.support.hierarchical.Node.around(Node.java:137)
	at org.junit.platform.engine.support.hierarchical.NodeTestTask.lambda$executeRecursively$9(NodeTestTask.java:139)
	at org.junit.platform.engine.support.hierarchical.ThrowableCollector.execute(ThrowableCollector.java:73)
	at org.junit.platform.engine.support.hierarchical.NodeTestTask.executeRecursively(NodeTestTask.java:138)
	at org.junit.platform.engine.support.hierarchical.NodeTestTask.execute(NodeTestTask.java:95)
	at org.junit.platform.engine.support.hierarchical.SameThreadHierarchicalTestExecutorService.submit(SameThreadHierarchicalTestExecutorService.java:35)
	at org.junit.platform.engine.support.hierarchical.HierarchicalTestExecutor.execute(HierarchicalTestExecutor.java:57)
	at org.junit.platform.engine.support.hierarchical.HierarchicalTestEngine.execute(HierarchicalTestEngine.java:54)
	at org.junit.platform.launcher.core.EngineExecutionOrchestrator.execute(EngineExecutionOrchestrator.java:108)
	at org.junit.platform.launcher.core.EngineExecutionOrchestrator.execute(EngineExecutionOrchestrator.java:88)
	at org.junit.platform.launcher.core.EngineExecutionOrchestrator.lambda$execute$0(EngineExecutionOrchestrator.java:54)
	at org.junit.platform.launcher.core.EngineExecutionOrchestrator.withInterceptedStreams(EngineExecutionOrchestrator.java:67)
	at org.junit.platform.launcher.core.EngineExecutionOrchestrator.execute(EngineExecutionOrchestrator.java:52)
	at org.junit.platform.launcher.core.DefaultLauncher.execute(DefaultLauncher.java:96)
	at org.junit.platform.launcher.core.DefaultLauncher.execute(DefaultLauncher.java:75)
	at org.gradle.api.internal.tasks.testing.junitplatform.JUnitPlatformTestClassProcessor$CollectAllTestClassesExecutor.processAllTestClasses(JUnitPlatformTestClassProcessor.java:99)
	at org.gradle.api.internal.tasks.testing.junitplatform.JUnitPlatformTestClassProcessor$CollectAllTestClassesExecutor.access$000(JUnitPlatformTestClassProcessor.java:79)
	at org.gradle.api.internal.tasks.testing.junitplatform.JUnitPlatformTestClassProcessor.stop(JUnitPlatformTestClassProcessor.java:75)
	at org.gradle.api.internal.tasks.testing.SuiteTestClassProcessor.stop(SuiteTestClassProcessor.java:61)
	at java.base/jdk.internal.reflect.NativeMethodAccessorImpl.invoke0(Native Method)
	at java.base/jdk.internal.reflect.NativeMethodAccessorImpl.invoke(NativeMethodAccessorImpl.java:62)
	at java.base/jdk.internal.reflect.DelegatingMethodAccessorImpl.invoke(DelegatingMethodAccessorImpl.java:43)
	at java.base/java.lang.reflect.Method.invoke(Method.java:566)
	at org.gradle.internal.dispatch.ReflectionDispatch.dispatch(ReflectionDispatch.java:36)
	at org.gradle.internal.dispatch.ReflectionDispatch.dispatch(ReflectionDispatch.java:24)
	at org.gradle.internal.dispatch.ContextClassLoaderDispatch.dispatch(ContextClassLoaderDispatch.java:33)
	at org.gradle.internal.dispatch.ProxyDispatchAdapter$DispatchingInvocationHandler.invoke(ProxyDispatchAdapter.java:94)
	at com.sun.proxy.$Proxy2.stop(Unknown Source)
	at org.gradle.api.internal.tasks.testing.worker.TestWorker.stop(TestWorker.java:135)
	at java.base/jdk.internal.reflect.NativeMethodAccessorImpl.invoke0(Native Method)
	at java.base/jdk.internal.reflect.NativeMethodAccessorImpl.invoke(NativeMethodAccessorImpl.java:62)
	at java.base/jdk.internal.reflect.DelegatingMethodAccessorImpl.invoke(DelegatingMethodAccessorImpl.java:43)
	at java.base/java.lang.reflect.Method.invoke(Method.java:566)
	at org.gradle.internal.dispatch.ReflectionDispatch.dispatch(ReflectionDispatch.java:36)
	at org.gradle.internal.dispatch.ReflectionDispatch.dispatch(ReflectionDispatch.java:24)
	at org.gradle.internal.remote.internal.hub.MessageHubBackedObjectConnection$DispatchWrapper.dispatch(MessageHubBackedObjectConnection.java:182)
	at org.gradle.internal.remote.internal.hub.MessageHubBackedObjectConnection$DispatchWrapper.dispatch(MessageHubBackedObjectConnection.java:164)
	at org.gradle.internal.remote.internal.hub.MessageHub$Handler.run(MessageHub.java:414)
	at org.gradle.internal.concurrent.ExecutorPolicy$CatchAndRecordFailures.onExecute(ExecutorPolicy.java:64)
	at org.gradle.internal.concurrent.ManagedExecutorImpl$1.run(ManagedExecutorImpl.java:48)
	at java.base/java.util.concurrent.ThreadPoolExecutor.runWorker(ThreadPoolExecutor.java:1128)
	at java.base/java.util.concurrent.ThreadPoolExecutor$Worker.run(ThreadPoolExecutor.java:628)
	at org.gradle.internal.concurrent.ThreadFactoryImpl$ManagedThreadRunnable.run(ThreadFactoryImpl.java:56)
	at java.base/java.lang.Thread.run(Thread.java:834)
21:52:30.502 [Test worker] DEBUG org.hibernate.type.spi.TypeConfiguration$Scope - Scoping TypeConfiguration [org.hibernate.type.spi.TypeConfiguration@4910510] to MetadataBuildingContext [org.hibernate.boot.internal.MetadataBuildingContextRootImpl@6639a5bb]
21:52:30.536 [Test worker] DEBUG org.hibernate.boot.model.relational.Namespace - Created database namespace [logicalName=Name{catalog=null, schema=null}, physicalName=Name{catalog=null, schema=null}]
21:52:30.550 [Test worker] DEBUG org.hibernate.cfg.AnnotationBinder - Binding entity from annotated class: com.gruntik.hibernateex.entity.Pet
21:52:30.570 [Test worker] DEBUG org.hibernate.cfg.Ejb3Column - Binding column: Ejb3DiscriminatorColumn{logicalColumnName'DTYPE', discriminatorTypeName='string'}
21:52:30.575 [Test worker] DEBUG org.hibernate.cfg.annotations.EntityBinder - Import with entity name Pet
21:52:30.577 [Test worker] DEBUG org.hibernate.cfg.annotations.EntityBinder - Bind entity com.gruntik.hibernateex.entity.Pet on table pet
21:52:30.595 [Test worker] DEBUG org.hibernate.cfg.Ejb3Column - Binding column: Ejb3Column{table=org.hibernate.mapping.Table(pet), mappingColumn=id, insertable=true, updatable=true, unique=false}
21:52:30.597 [Test worker] DEBUG org.hibernate.boot.internal.ClassLoaderAccessImpl - Not known whether passed class name [com.gruntik.hibernateex.entity.Pet] is safe
21:52:30.597 [Test worker] DEBUG org.hibernate.boot.internal.ClassLoaderAccessImpl - No temp ClassLoader provided; using live ClassLoader for loading potentially unsafe class : com.gruntik.hibernateex.entity.Pet
21:52:30.598 [Test worker] DEBUG org.hibernate.cfg.annotations.PropertyBinder - MetadataSourceProcessor property id with lazy=false
21:52:30.600 [Test worker] DEBUG org.hibernate.cfg.AbstractPropertyHolder - Attempting to locate auto-apply AttributeConverter for property [com.gruntik.hibernateex.entity.Pet:id]
21:52:30.602 [Test worker] DEBUG org.hibernate.cfg.annotations.SimpleValueBinder - building SimpleValue for id
21:52:30.604 [Test worker] DEBUG org.hibernate.cfg.annotations.PropertyBinder - Building property id
21:52:30.606 [Test worker] DEBUG org.hibernate.cfg.BinderHelper - #makeIdGenerator(org.hibernate.mapping.SimpleValue([org.hibernate.mapping.Column(id)]), id, assigned, , ...)
21:52:30.607 [Test worker] DEBUG org.hibernate.cfg.Ejb3Column - Binding column: Ejb3Column{table=org.hibernate.mapping.Table(pet), mappingColumn=age, insertable=true, updatable=true, unique=false}
21:52:30.608 [Test worker] DEBUG org.hibernate.cfg.annotations.PropertyBinder - MetadataSourceProcessor property age with lazy=false
21:52:30.608 [Test worker] DEBUG org.hibernate.cfg.AbstractPropertyHolder - Attempting to locate auto-apply AttributeConverter for property [com.gruntik.hibernateex.entity.Pet:age]
21:52:30.608 [Test worker] DEBUG org.hibernate.cfg.annotations.SimpleValueBinder - building SimpleValue for age
21:52:30.608 [Test worker] DEBUG org.hibernate.cfg.annotations.PropertyBinder - Building property age
21:52:30.608 [Test worker] DEBUG org.hibernate.cfg.Ejb3Column - Binding column: Ejb3Column{table=org.hibernate.mapping.Table(pet), mappingColumn=name, insertable=true, updatable=true, unique=false}
21:52:30.608 [Test worker] DEBUG org.hibernate.cfg.annotations.PropertyBinder - MetadataSourceProcessor property name with lazy=false
21:52:30.609 [Test worker] DEBUG org.hibernate.cfg.AbstractPropertyHolder - Attempting to locate auto-apply AttributeConverter for property [com.gruntik.hibernateex.entity.Pet:name]
21:52:30.609 [Test worker] DEBUG org.hibernate.cfg.annotations.SimpleValueBinder - building SimpleValue for name
21:52:30.609 [Test worker] DEBUG org.hibernate.cfg.annotations.PropertyBinder - Building property name
21:52:30.615 [Test worker] DEBUG org.hibernate.cfg.AnnotationBinder - Binding entity from annotated class: com.gruntik.hibernateex.entity.Person
21:52:30.615 [Test worker] DEBUG org.hibernate.cfg.Ejb3Column - Binding column: Ejb3DiscriminatorColumn{logicalColumnName'DTYPE', discriminatorTypeName='string'}
21:52:30.615 [Test worker] DEBUG org.hibernate.cfg.annotations.EntityBinder - Import with entity name Person
21:52:30.615 [Test worker] DEBUG org.hibernate.cfg.annotations.EntityBinder - Bind entity com.gruntik.hibernateex.entity.Person on table person
21:52:30.620 [Test worker] DEBUG org.hibernate.cfg.Ejb3Column - Binding column: Ejb3Column{table=org.hibernate.mapping.Table(person), mappingColumn=id, insertable=true, updatable=true, unique=false}
21:52:30.621 [Test worker] DEBUG org.hibernate.boot.internal.ClassLoaderAccessImpl - Not known whether passed class name [com.gruntik.hibernateex.entity.Person] is safe
21:52:30.621 [Test worker] DEBUG org.hibernate.boot.internal.ClassLoaderAccessImpl - No temp ClassLoader provided; using live ClassLoader for loading potentially unsafe class : com.gruntik.hibernateex.entity.Person
21:52:30.621 [Test worker] DEBUG org.hibernate.cfg.annotations.PropertyBinder - MetadataSourceProcessor property id with lazy=false
21:52:30.621 [Test worker] DEBUG org.hibernate.cfg.AbstractPropertyHolder - Attempting to locate auto-apply AttributeConverter for property [com.gruntik.hibernateex.entity.Person:id]
21:52:30.621 [Test worker] DEBUG org.hibernate.cfg.annotations.SimpleValueBinder - building SimpleValue for id
21:52:30.621 [Test worker] DEBUG org.hibernate.cfg.annotations.PropertyBinder - Building property id
21:52:30.622 [Test worker] DEBUG org.hibernate.cfg.BinderHelper - #makeIdGenerator(org.hibernate.mapping.SimpleValue([org.hibernate.mapping.Column(id)]), id, org.hibernate.id.enhanced.SequenceStyleGenerator, , ...)
21:52:30.622 [Test worker] DEBUG org.hibernate.cfg.Ejb3Column - Binding column: Ejb3Column{table=org.hibernate.mapping.Table(person), mappingColumn=name, insertable=true, updatable=true, unique=false}
21:52:30.622 [Test worker] DEBUG org.hibernate.cfg.annotations.PropertyBinder - MetadataSourceProcessor property name with lazy=false
21:52:30.622 [Test worker] DEBUG org.hibernate.cfg.AbstractPropertyHolder - Attempting to locate auto-apply AttributeConverter for property [com.gruntik.hibernateex.entity.Person:name]
21:52:30.623 [Test worker] DEBUG org.hibernate.cfg.annotations.SimpleValueBinder - building SimpleValue for name
21:52:30.623 [Test worker] DEBUG org.hibernate.cfg.annotations.PropertyBinder - Building property name
21:52:30.624 [Test worker] DEBUG org.hibernate.cfg.Ejb3Column - Binding column: Ejb3JoinColumn{logicalColumnName='null', referencedColumn='null', mappedBy='person'}
21:52:30.624 [Test worker] DEBUG org.hibernate.cfg.Ejb3Column - Binding column: Ejb3Column{table=org.hibernate.mapping.Table(person), mappingColumn=phones, insertable=true, updatable=true, unique=false}
21:52:30.626 [Test worker] DEBUG org.hibernate.cfg.Ejb3Column - Binding column: Ejb3Column{table=org.hibernate.mapping.Table(person), mappingColumn=null, insertable=true, updatable=true, unique=false}
21:52:30.633 [Test worker] DEBUG org.hibernate.cfg.Ejb3Column - Binding column: Ejb3Column{table=org.hibernate.mapping.Table(person), mappingColumn=element, insertable=true, updatable=true, unique=false}
21:52:30.633 [Test worker] DEBUG org.hibernate.cfg.Ejb3Column - Binding column: Ejb3Column{table=org.hibernate.mapping.Table(person), mappingColumn=phones_KEY, insertable=true, updatable=true, unique=false}
21:52:30.634 [Test worker] DEBUG org.hibernate.cfg.Ejb3Column - Binding column: Ejb3JoinColumn{logicalColumnName='phones_KEY', referencedColumn='null', mappedBy='null'}
21:52:30.635 [Test worker] DEBUG org.hibernate.cfg.Ejb3Column - Binding column: Ejb3JoinColumn{logicalColumnName='null', referencedColumn='null', mappedBy='person'}
21:52:30.635 [Test worker] DEBUG org.hibernate.cfg.Ejb3Column - Binding column: Ejb3JoinColumn{logicalColumnName='null', referencedColumn='null', mappedBy='person'}
21:52:30.635 [Test worker] DEBUG org.hibernate.cfg.annotations.CollectionBinder - Collection role: com.gruntik.hibernateex.entity.Person.phones
21:52:30.637 [Test worker] DEBUG org.hibernate.cfg.annotations.PropertyBinder - Building property phones
21:52:30.638 [Test worker] DEBUG org.hibernate.cfg.AnnotationBinder - Binding entity from annotated class: com.gruntik.hibernateex.entity.Phone
21:52:30.638 [Test worker] DEBUG org.hibernate.cfg.Ejb3Column - Binding column: Ejb3DiscriminatorColumn{logicalColumnName'DTYPE', discriminatorTypeName='string'}
21:52:30.638 [Test worker] DEBUG org.hibernate.cfg.annotations.EntityBinder - Import with entity name Phone
21:52:30.639 [Test worker] DEBUG org.hibernate.cfg.annotations.EntityBinder - Bind entity com.gruntik.hibernateex.entity.Phone on table phone
21:52:30.642 [Test worker] DEBUG org.hibernate.cfg.Ejb3Column - Binding column: Ejb3Column{table=org.hibernate.mapping.Table(phone), mappingColumn=id, insertable=true, updatable=true, unique=false}
21:52:30.642 [Test worker] DEBUG org.hibernate.boot.internal.ClassLoaderAccessImpl - Not known whether passed class name [com.gruntik.hibernateex.entity.Phone] is safe
21:52:30.643 [Test worker] DEBUG org.hibernate.boot.internal.ClassLoaderAccessImpl - No temp ClassLoader provided; using live ClassLoader for loading potentially unsafe class : com.gruntik.hibernateex.entity.Phone
21:52:30.643 [Test worker] DEBUG org.hibernate.cfg.annotations.PropertyBinder - MetadataSourceProcessor property id with lazy=false
21:52:30.643 [Test worker] DEBUG org.hibernate.cfg.AbstractPropertyHolder - Attempting to locate auto-apply AttributeConverter for property [com.gruntik.hibernateex.entity.Phone:id]
21:52:30.643 [Test worker] DEBUG org.hibernate.cfg.annotations.SimpleValueBinder - building SimpleValue for id
21:52:30.643 [Test worker] DEBUG org.hibernate.cfg.annotations.PropertyBinder - Building property id
21:52:30.643 [Test worker] DEBUG org.hibernate.cfg.BinderHelper - #makeIdGenerator(org.hibernate.mapping.SimpleValue([org.hibernate.mapping.Column(id)]), id, org.hibernate.id.enhanced.SequenceStyleGenerator, , ...)
21:52:30.643 [Test worker] DEBUG org.hibernate.cfg.Ejb3Column - Binding column: Ejb3Column{table=org.hibernate.mapping.Table(phone), mappingColumn=number, insertable=true, updatable=true, unique=false}
21:52:30.643 [Test worker] DEBUG org.hibernate.cfg.annotations.PropertyBinder - MetadataSourceProcessor property number with lazy=false
21:52:30.643 [Test worker] DEBUG org.hibernate.cfg.AbstractPropertyHolder - Attempting to locate auto-apply AttributeConverter for property [com.gruntik.hibernateex.entity.Phone:number]
21:52:30.643 [Test worker] DEBUG org.hibernate.cfg.annotations.SimpleValueBinder - building SimpleValue for number
21:52:30.644 [Test worker] DEBUG org.hibernate.cfg.annotations.PropertyBinder - Building property number
21:52:30.644 [Test worker] DEBUG org.hibernate.cfg.Ejb3Column - Binding column: Ejb3JoinColumn{logicalColumnName='person_id', referencedColumn='', mappedBy=''}
21:52:30.644 [Test worker] DEBUG org.hibernate.cfg.Ejb3Column - Binding column: Ejb3Column{table=org.hibernate.mapping.Table(phone), mappingColumn=person, insertable=true, updatable=true, unique=false}
21:52:30.645 [Test worker] DEBUG org.hibernate.cfg.annotations.PropertyBinder - Building property person
21:52:30.646 [Test worker] DEBUG org.hibernate.cfg.AnnotationBinder - Binding entity from annotated class: com.gruntik.hibernateex.entity.userorder.User
21:52:30.646 [Test worker] DEBUG org.hibernate.cfg.Ejb3Column - Binding column: Ejb3DiscriminatorColumn{logicalColumnName'DTYPE', discriminatorTypeName='string'}
21:52:30.646 [Test worker] DEBUG org.hibernate.cfg.annotations.EntityBinder - Import with entity name User
21:52:30.646 [Test worker] DEBUG org.hibernate.cfg.annotations.EntityBinder - Bind entity com.gruntik.hibernateex.entity.userorder.User on table user
21:52:30.649 [Test worker] DEBUG org.hibernate.cfg.Ejb3Column - Binding column: Ejb3Column{table=org.hibernate.mapping.Table(user), mappingColumn=user_id, insertable=true, updatable=true, unique=false}
21:52:30.649 [Test worker] DEBUG org.hibernate.boot.internal.ClassLoaderAccessImpl - Not known whether passed class name [com.gruntik.hibernateex.entity.userorder.User] is safe
21:52:30.649 [Test worker] DEBUG org.hibernate.boot.internal.ClassLoaderAccessImpl - No temp ClassLoader provided; using live ClassLoader for loading potentially unsafe class : com.gruntik.hibernateex.entity.userorder.User
21:52:30.649 [Test worker] DEBUG org.hibernate.cfg.annotations.PropertyBinder - MetadataSourceProcessor property userId with lazy=false
21:52:30.649 [Test worker] DEBUG org.hibernate.cfg.AbstractPropertyHolder - Attempting to locate auto-apply AttributeConverter for property [com.gruntik.hibernateex.entity.userorder.User:userId]
21:52:30.649 [Test worker] DEBUG org.hibernate.cfg.annotations.SimpleValueBinder - building SimpleValue for userId
21:52:30.649 [Test worker] DEBUG org.hibernate.cfg.annotations.PropertyBinder - Building property userId
21:52:30.650 [Test worker] DEBUG org.hibernate.cfg.BinderHelper - #makeIdGenerator(org.hibernate.mapping.SimpleValue([org.hibernate.mapping.Column(user_id)]), userId, identity, , ...)
21:52:30.650 [Test worker] DEBUG org.hibernate.cfg.Ejb3Column - Binding column: Ejb3Column{table=org.hibernate.mapping.Table(user), mappingColumn=name, insertable=true, updatable=true, unique=false}
21:52:30.650 [Test worker] DEBUG org.hibernate.cfg.annotations.PropertyBinder - MetadataSourceProcessor property name with lazy=false
21:52:30.650 [Test worker] DEBUG org.hibernate.cfg.AbstractPropertyHolder - Attempting to locate auto-apply AttributeConverter for property [com.gruntik.hibernateex.entity.userorder.User:name]
21:52:30.650 [Test worker] DEBUG org.hibernate.cfg.annotations.SimpleValueBinder - building SimpleValue for name
21:52:30.650 [Test worker] DEBUG org.hibernate.cfg.annotations.PropertyBinder - Building property name
21:52:30.651 [Test worker] DEBUG org.hibernate.cfg.Ejb3Column - Binding column: Ejb3JoinColumn{logicalColumnName='null', referencedColumn='null', mappedBy='user'}
21:52:30.651 [Test worker] DEBUG org.hibernate.cfg.Ejb3Column - Binding column: Ejb3Column{table=org.hibernate.mapping.Table(user), mappingColumn=order, insertable=true, updatable=true, unique=false}
21:52:30.651 [Test worker] DEBUG org.hibernate.cfg.Ejb3Column - Binding column: Ejb3Column{table=org.hibernate.mapping.Table(user), mappingColumn=null, insertable=true, updatable=true, unique=false}
21:52:30.651 [Test worker] DEBUG org.hibernate.cfg.Ejb3Column - Binding column: Ejb3Column{table=org.hibernate.mapping.Table(user), mappingColumn=element, insertable=true, updatable=true, unique=false}
21:52:30.652 [Test worker] DEBUG org.hibernate.cfg.Ejb3Column - Binding column: Ejb3Column{table=org.hibernate.mapping.Table(user), mappingColumn=order_KEY, insertable=true, updatable=true, unique=false}
21:52:30.652 [Test worker] DEBUG org.hibernate.cfg.Ejb3Column - Binding column: Ejb3JoinColumn{logicalColumnName='order_KEY', referencedColumn='null', mappedBy='null'}
21:52:30.653 [Test worker] DEBUG org.hibernate.cfg.Ejb3Column - Binding column: Ejb3JoinColumn{logicalColumnName='null', referencedColumn='null', mappedBy='user'}
21:52:30.653 [Test worker] DEBUG org.hibernate.cfg.Ejb3Column - Binding column: Ejb3JoinColumn{logicalColumnName='null', referencedColumn='null', mappedBy='user'}
21:52:30.653 [Test worker] DEBUG org.hibernate.cfg.annotations.CollectionBinder - Collection role: com.gruntik.hibernateex.entity.userorder.User.order
21:52:30.653 [Test worker] DEBUG org.hibernate.cfg.annotations.PropertyBinder - Building property order
21:52:30.654 [Test worker] DEBUG org.hibernate.cfg.AnnotationBinder - Binding entity from annotated class: com.gruntik.hibernateex.entity.userorder.Order
21:52:30.654 [Test worker] DEBUG org.hibernate.cfg.Ejb3Column - Binding column: Ejb3DiscriminatorColumn{logicalColumnName'DTYPE', discriminatorTypeName='string'}
21:52:30.654 [Test worker] DEBUG org.hibernate.cfg.annotations.EntityBinder - Import with entity name Order
21:52:30.654 [Test worker] DEBUG org.hibernate.cfg.annotations.EntityBinder - Bind entity com.gruntik.hibernateex.entity.userorder.Order on table order
21:52:30.655 [Test worker] DEBUG org.hibernate.cfg.Ejb3Column - Binding column: Ejb3Column{table=org.hibernate.mapping.Table(order), mappingColumn=order_id, insertable=true, updatable=true, unique=false}
21:52:30.655 [Test worker] DEBUG org.hibernate.boot.internal.ClassLoaderAccessImpl - Not known whether passed class name [com.gruntik.hibernateex.entity.userorder.Order] is safe
21:52:30.655 [Test worker] DEBUG org.hibernate.boot.internal.ClassLoaderAccessImpl - No temp ClassLoader provided; using live ClassLoader for loading potentially unsafe class : com.gruntik.hibernateex.entity.userorder.Order
21:52:30.655 [Test worker] DEBUG org.hibernate.cfg.annotations.PropertyBinder - MetadataSourceProcessor property orderId with lazy=false
21:52:30.655 [Test worker] DEBUG org.hibernate.cfg.AbstractPropertyHolder - Attempting to locate auto-apply AttributeConverter for property [com.gruntik.hibernateex.entity.userorder.Order:orderId]
21:52:30.655 [Test worker] DEBUG org.hibernate.cfg.annotations.SimpleValueBinder - building SimpleValue for orderId
21:52:30.655 [Test worker] DEBUG org.hibernate.cfg.annotations.PropertyBinder - Building property orderId
21:52:30.656 [Test worker] DEBUG org.hibernate.cfg.BinderHelper - #makeIdGenerator(org.hibernate.mapping.SimpleValue([org.hibernate.mapping.Column(order_id)]), orderId, identity, , ...)
21:52:30.656 [Test worker] DEBUG org.hibernate.cfg.Ejb3Column - Binding column: Ejb3Column{table=org.hibernate.mapping.Table(order), mappingColumn=title, insertable=true, updatable=true, unique=false}
21:52:30.656 [Test worker] DEBUG org.hibernate.cfg.annotations.PropertyBinder - MetadataSourceProcessor property title with lazy=false
21:52:30.656 [Test worker] DEBUG org.hibernate.cfg.AbstractPropertyHolder - Attempting to locate auto-apply AttributeConverter for property [com.gruntik.hibernateex.entity.userorder.Order:title]
21:52:30.656 [Test worker] DEBUG org.hibernate.cfg.annotations.SimpleValueBinder - building SimpleValue for title
21:52:30.656 [Test worker] DEBUG org.hibernate.cfg.annotations.PropertyBinder - Building property title
21:52:30.656 [Test worker] DEBUG org.hibernate.cfg.Ejb3Column - Binding column: Ejb3JoinColumn{logicalColumnName='user_id', referencedColumn='', mappedBy=''}
21:52:30.656 [Test worker] DEBUG org.hibernate.cfg.Ejb3Column - Binding column: Ejb3Column{table=org.hibernate.mapping.Table(order), mappingColumn=user, insertable=true, updatable=true, unique=false}
21:52:30.656 [Test worker] DEBUG org.hibernate.cfg.annotations.PropertyBinder - Building property user
21:52:30.657 [Test worker] DEBUG org.hibernate.cfg.AnnotationBinder - Binding entity from annotated class: com.gruntik.hibernateex.entity.univ.Store
21:52:30.657 [Test worker] DEBUG org.hibernate.cfg.Ejb3Column - Binding column: Ejb3DiscriminatorColumn{logicalColumnName'DTYPE', discriminatorTypeName='string'}
21:52:30.657 [Test worker] DEBUG org.hibernate.cfg.annotations.EntityBinder - Import with entity name Store
21:52:30.657 [Test worker] DEBUG org.hibernate.cfg.annotations.EntityBinder - Bind entity com.gruntik.hibernateex.entity.univ.Store on table store
21:52:30.659 [Test worker] DEBUG org.hibernate.cfg.Ejb3Column - Binding column: Ejb3Column{table=org.hibernate.mapping.Table(store), mappingColumn=id, insertable=true, updatable=true, unique=false}
21:52:30.659 [Test worker] DEBUG org.hibernate.boot.internal.ClassLoaderAccessImpl - Not known whether passed class name [com.gruntik.hibernateex.entity.univ.Store] is safe
21:52:30.659 [Test worker] DEBUG org.hibernate.boot.internal.ClassLoaderAccessImpl - No temp ClassLoader provided; using live ClassLoader for loading potentially unsafe class : com.gruntik.hibernateex.entity.univ.Store
21:52:30.659 [Test worker] DEBUG org.hibernate.cfg.annotations.PropertyBinder - MetadataSourceProcessor property id with lazy=false
21:52:30.659 [Test worker] DEBUG org.hibernate.cfg.AbstractPropertyHolder - Attempting to locate auto-apply AttributeConverter for property [com.gruntik.hibernateex.entity.univ.Store:id]
21:52:30.659 [Test worker] DEBUG org.hibernate.cfg.annotations.SimpleValueBinder - building SimpleValue for id
21:52:30.659 [Test worker] DEBUG org.hibernate.cfg.annotations.PropertyBinder - Building property id
21:52:30.659 [Test worker] DEBUG org.hibernate.cfg.BinderHelper - #makeIdGenerator(org.hibernate.mapping.SimpleValue([org.hibernate.mapping.Column(id)]), id, assigned, , ...)
21:52:30.660 [Test worker] DEBUG org.hibernate.cfg.Ejb3Column - Binding column: Ejb3JoinColumn{logicalColumnName='ps5_id', referencedColumn='', mappedBy=''}
21:52:30.660 [Test worker] DEBUG org.hibernate.cfg.Ejb3Column - Binding column: Ejb3Column{table=org.hibernate.mapping.Table(store), mappingColumn=ps5, insertable=true, updatable=true, unique=false}
21:52:30.660 [Test worker] DEBUG org.hibernate.cfg.annotations.PropertyBinder - Building property ps5
21:52:30.660 [Test worker] DEBUG org.hibernate.cfg.Ejb3Column - Binding column: Ejb3Column{table=org.hibernate.mapping.Table(store), mappingColumn=title, insertable=true, updatable=true, unique=false}
21:52:30.660 [Test worker] DEBUG org.hibernate.cfg.annotations.PropertyBinder - MetadataSourceProcessor property title with lazy=false
21:52:30.660 [Test worker] DEBUG org.hibernate.cfg.AbstractPropertyHolder - Attempting to locate auto-apply AttributeConverter for property [com.gruntik.hibernateex.entity.univ.Store:title]
21:52:30.660 [Test worker] DEBUG org.hibernate.cfg.annotations.SimpleValueBinder - building SimpleValue for title
21:52:30.661 [Test worker] DEBUG org.hibernate.cfg.annotations.PropertyBinder - Building property title
21:52:30.661 [Test worker] DEBUG org.hibernate.cfg.AnnotationBinder - Binding entity from annotated class: com.gruntik.hibernateex.entity.univ.Ps5
21:52:30.661 [Test worker] DEBUG org.hibernate.cfg.Ejb3Column - Binding column: Ejb3DiscriminatorColumn{logicalColumnName'DTYPE', discriminatorTypeName='string'}
21:52:30.661 [Test worker] DEBUG org.hibernate.cfg.annotations.EntityBinder - Import with entity name Ps5
21:52:30.661 [Test worker] DEBUG org.hibernate.cfg.annotations.EntityBinder - Bind entity com.gruntik.hibernateex.entity.univ.Ps5 on table ps5
21:52:30.662 [Test worker] DEBUG org.hibernate.cfg.Ejb3Column - Binding column: Ejb3Column{table=org.hibernate.mapping.Table(ps5), mappingColumn=id, insertable=true, updatable=true, unique=false}
21:52:30.662 [Test worker] DEBUG org.hibernate.boot.internal.ClassLoaderAccessImpl - Not known whether passed class name [com.gruntik.hibernateex.entity.univ.Ps5] is safe
21:52:30.662 [Test worker] DEBUG org.hibernate.boot.internal.ClassLoaderAccessImpl - No temp ClassLoader provided; using live ClassLoader for loading potentially unsafe class : com.gruntik.hibernateex.entity.univ.Ps5
21:52:30.662 [Test worker] DEBUG org.hibernate.cfg.annotations.PropertyBinder - MetadataSourceProcessor property id with lazy=false
21:52:30.662 [Test worker] DEBUG org.hibernate.cfg.AbstractPropertyHolder - Attempting to locate auto-apply AttributeConverter for property [com.gruntik.hibernateex.entity.univ.Ps5:id]
21:52:30.662 [Test worker] DEBUG org.hibernate.cfg.annotations.SimpleValueBinder - building SimpleValue for id
21:52:30.662 [Test worker] DEBUG org.hibernate.cfg.annotations.PropertyBinder - Building property id
21:52:30.662 [Test worker] DEBUG org.hibernate.cfg.BinderHelper - #makeIdGenerator(org.hibernate.mapping.SimpleValue([org.hibernate.mapping.Column(id)]), id, assigned, , ...)
21:52:30.662 [Test worker] DEBUG org.hibernate.cfg.Ejb3Column - Binding column: Ejb3Column{table=org.hibernate.mapping.Table(ps5), mappingColumn=price, insertable=true, updatable=true, unique=false}
21:52:30.663 [Test worker] DEBUG org.hibernate.cfg.annotations.PropertyBinder - MetadataSourceProcessor property price with lazy=false
21:52:30.663 [Test worker] DEBUG org.hibernate.cfg.AbstractPropertyHolder - Attempting to locate auto-apply AttributeConverter for property [com.gruntik.hibernateex.entity.univ.Ps5:price]
21:52:30.663 [Test worker] DEBUG org.hibernate.cfg.annotations.SimpleValueBinder - building SimpleValue for price
21:52:30.663 [Test worker] DEBUG org.hibernate.cfg.annotations.PropertyBinder - Building property price
21:52:30.663 [Test worker] DEBUG org.hibernate.cfg.Ejb3Column - Binding column: Ejb3JoinColumn{logicalColumnName='null', referencedColumn='null', mappedBy='ps5'}
21:52:30.663 [Test worker] DEBUG org.hibernate.cfg.Ejb3Column - Binding column: Ejb3Column{table=org.hibernate.mapping.Table(ps5), mappingColumn=store, insertable=true, updatable=true, unique=false}
21:52:30.665 [Test worker] DEBUG org.hibernate.cfg.AnnotationBinder - Binding entity from annotated class: com.gruntik.hibernateex.entity.example.Book
21:52:30.665 [Test worker] DEBUG org.hibernate.cfg.Ejb3Column - Binding column: Ejb3DiscriminatorColumn{logicalColumnName'DTYPE', discriminatorTypeName='string'}
21:52:30.665 [Test worker] DEBUG org.hibernate.cfg.annotations.EntityBinder - Import with entity name Book
21:52:30.666 [Test worker] DEBUG org.hibernate.cfg.annotations.EntityBinder - Bind entity com.gruntik.hibernateex.entity.example.Book on table Book
21:52:30.669 [Test worker] DEBUG org.hibernate.cfg.Ejb3Column - Binding column: Ejb3Column{table=org.hibernate.mapping.Table(Book), mappingColumn=id, insertable=true, updatable=true, unique=false}
21:52:30.669 [Test worker] DEBUG org.hibernate.boot.internal.ClassLoaderAccessImpl - Not known whether passed class name [com.gruntik.hibernateex.entity.example.Book] is safe
21:52:30.669 [Test worker] DEBUG org.hibernate.boot.internal.ClassLoaderAccessImpl - No temp ClassLoader provided; using live ClassLoader for loading potentially unsafe class : com.gruntik.hibernateex.entity.example.Book
21:52:30.670 [Test worker] DEBUG org.hibernate.cfg.annotations.PropertyBinder - MetadataSourceProcessor property id with lazy=false
21:52:30.670 [Test worker] DEBUG org.hibernate.cfg.AbstractPropertyHolder - Attempting to locate auto-apply AttributeConverter for property [com.gruntik.hibernateex.entity.example.Book:id]
21:52:30.670 [Test worker] DEBUG org.hibernate.cfg.annotations.SimpleValueBinder - building SimpleValue for id
21:52:30.670 [Test worker] DEBUG org.hibernate.cfg.annotations.PropertyBinder - Building property id
21:52:30.670 [Test worker] DEBUG org.hibernate.cfg.BinderHelper - #makeIdGenerator(org.hibernate.mapping.SimpleValue([org.hibernate.mapping.Column(id)]), id, identity, , ...)
21:52:30.670 [Test worker] DEBUG org.hibernate.cfg.Ejb3Column - Binding column: Ejb3Column{table=org.hibernate.mapping.Table(Book), mappingColumn=null, insertable=true, updatable=true, unique=false}
21:52:30.670 [Test worker] DEBUG org.hibernate.cfg.Ejb3Column - Binding column: Ejb3Column{table=org.hibernate.mapping.Table(Book), mappingColumn=element, insertable=true, updatable=true, unique=false}
21:52:30.670 [Test worker] DEBUG org.hibernate.cfg.Ejb3Column - Binding column: Ejb3Column{table=org.hibernate.mapping.Table(Book), mappingColumn=authors_KEY, insertable=true, updatable=true, unique=false}
21:52:30.670 [Test worker] DEBUG org.hibernate.cfg.Ejb3Column - Binding column: Ejb3JoinColumn{logicalColumnName='authors_KEY', referencedColumn='null', mappedBy='null'}
21:52:30.671 [Test worker] DEBUG org.hibernate.cfg.Ejb3Column - Binding column: Ejb3JoinColumn{logicalColumnName='null', referencedColumn='null', mappedBy=''}
21:52:30.671 [Test worker] DEBUG org.hibernate.cfg.Ejb3Column - Binding column: Ejb3JoinColumn{logicalColumnName='null', referencedColumn='null', mappedBy=''}
21:52:30.671 [Test worker] DEBUG org.hibernate.cfg.annotations.CollectionBinder - Collection role: com.gruntik.hibernateex.entity.example.Book.authors
21:52:30.671 [Test worker] DEBUG org.hibernate.cfg.annotations.PropertyBinder - Building property authors
21:52:30.671 [Test worker] DEBUG org.hibernate.cfg.Ejb3Column - Binding column: Ejb3Column{table=org.hibernate.mapping.Table(Book), mappingColumn=isbn, insertable=true, updatable=true, unique=false}
21:52:30.671 [Test worker] DEBUG org.hibernate.cfg.annotations.PropertyBinder - MetadataSourceProcessor property isbn with lazy=false
21:52:30.671 [Test worker] DEBUG org.hibernate.cfg.AbstractPropertyHolder - Attempting to locate auto-apply AttributeConverter for property [com.gruntik.hibernateex.entity.example.Book:isbn]
21:52:30.671 [Test worker] DEBUG org.hibernate.cfg.annotations.SimpleValueBinder - building SimpleValue for isbn
21:52:30.671 [Test worker] DEBUG org.hibernate.cfg.annotations.PropertyBinder - Building property isbn
21:52:30.671 [Test worker] DEBUG org.hibernate.cfg.Ejb3Column - Binding column: Ejb3Column{table=org.hibernate.mapping.Table(Book), mappingColumn=publicationDate, insertable=true, updatable=true, unique=false}
21:52:30.672 [Test worker] DEBUG org.hibernate.cfg.annotations.PropertyBinder - MetadataSourceProcessor property publicationDate with lazy=false
21:52:30.672 [Test worker] DEBUG org.hibernate.cfg.AbstractPropertyHolder - Attempting to locate auto-apply AttributeConverter for property [com.gruntik.hibernateex.entity.example.Book:publicationDate]
21:52:30.673 [Test worker] DEBUG org.hibernate.cfg.annotations.SimpleValueBinder - building SimpleValue for publicationDate
21:52:30.673 [Test worker] DEBUG org.hibernate.cfg.annotations.PropertyBinder - Building property publicationDate
21:52:30.673 [Test worker] DEBUG org.hibernate.cfg.Ejb3Column - Binding column: Ejb3Column{table=org.hibernate.mapping.Table(Book), mappingColumn=title, insertable=true, updatable=true, unique=false}
21:52:30.673 [Test worker] DEBUG org.hibernate.cfg.annotations.PropertyBinder - MetadataSourceProcessor property title with lazy=false
21:52:30.673 [Test worker] DEBUG org.hibernate.cfg.AbstractPropertyHolder - Attempting to locate auto-apply AttributeConverter for property [com.gruntik.hibernateex.entity.example.Book:title]
21:52:30.674 [Test worker] DEBUG org.hibernate.cfg.annotations.SimpleValueBinder - building SimpleValue for title
21:52:30.674 [Test worker] DEBUG org.hibernate.cfg.annotations.PropertyBinder - Building property title
21:52:30.674 [Test worker] DEBUG org.hibernate.cfg.AnnotationBinder - Binding entity from annotated class: com.gruntik.hibernateex.entity.example.Author
21:52:30.674 [Test worker] DEBUG org.hibernate.cfg.Ejb3Column - Binding column: Ejb3DiscriminatorColumn{logicalColumnName'DTYPE', discriminatorTypeName='string'}
21:52:30.674 [Test worker] DEBUG org.hibernate.cfg.annotations.EntityBinder - Import with entity name Author
21:52:30.674 [Test worker] DEBUG org.hibernate.cfg.annotations.EntityBinder - Bind entity com.gruntik.hibernateex.entity.example.Author on table Author
21:52:30.675 [Test worker] DEBUG org.hibernate.cfg.Ejb3Column - Binding column: Ejb3Column{table=org.hibernate.mapping.Table(Author), mappingColumn=id, insertable=true, updatable=true, unique=false}
21:52:30.675 [Test worker] DEBUG org.hibernate.boot.internal.ClassLoaderAccessImpl - Not known whether passed class name [com.gruntik.hibernateex.entity.example.Author] is safe
21:52:30.675 [Test worker] DEBUG org.hibernate.boot.internal.ClassLoaderAccessImpl - No temp ClassLoader provided; using live ClassLoader for loading potentially unsafe class : com.gruntik.hibernateex.entity.example.Author
21:52:30.676 [Test worker] DEBUG org.hibernate.cfg.annotations.PropertyBinder - MetadataSourceProcessor property id with lazy=false
21:52:30.676 [Test worker] DEBUG org.hibernate.cfg.AbstractPropertyHolder - Attempting to locate auto-apply AttributeConverter for property [com.gruntik.hibernateex.entity.example.Author:id]
21:52:30.676 [Test worker] DEBUG org.hibernate.cfg.annotations.SimpleValueBinder - building SimpleValue for id
21:52:30.676 [Test worker] DEBUG org.hibernate.cfg.annotations.PropertyBinder - Building property id
21:52:30.676 [Test worker] DEBUG org.hibernate.cfg.BinderHelper - #makeIdGenerator(org.hibernate.mapping.SimpleValue([org.hibernate.mapping.Column(id)]), id, identity, , ...)
21:52:30.676 [Test worker] DEBUG org.hibernate.cfg.Ejb3Column - Binding column: Ejb3Column{table=org.hibernate.mapping.Table(Author), mappingColumn=null, insertable=true, updatable=true, unique=false}
21:52:30.676 [Test worker] DEBUG org.hibernate.cfg.Ejb3Column - Binding column: Ejb3Column{table=org.hibernate.mapping.Table(Author), mappingColumn=element, insertable=true, updatable=true, unique=false}
21:52:30.676 [Test worker] DEBUG org.hibernate.cfg.Ejb3Column - Binding column: Ejb3Column{table=org.hibernate.mapping.Table(Author), mappingColumn=books_KEY, insertable=true, updatable=true, unique=false}
21:52:30.676 [Test worker] DEBUG org.hibernate.cfg.Ejb3Column - Binding column: Ejb3JoinColumn{logicalColumnName='books_KEY', referencedColumn='null', mappedBy='null'}
21:52:30.676 [Test worker] DEBUG org.hibernate.cfg.Ejb3Column - Binding column: Ejb3JoinColumn{logicalColumnName='null', referencedColumn='null', mappedBy='authors'}
21:52:30.676 [Test worker] DEBUG org.hibernate.cfg.Ejb3Column - Binding column: Ejb3JoinColumn{logicalColumnName='null', referencedColumn='null', mappedBy='authors'}
21:52:30.676 [Test worker] DEBUG org.hibernate.cfg.annotations.CollectionBinder - Collection role: com.gruntik.hibernateex.entity.example.Author.books
21:52:30.677 [Test worker] DEBUG org.hibernate.cfg.annotations.PropertyBinder - Building property books
21:52:30.677 [Test worker] DEBUG org.hibernate.cfg.Ejb3Column - Binding column: Ejb3Column{table=org.hibernate.mapping.Table(Author), mappingColumn=fullName, insertable=true, updatable=true, unique=false}
21:52:30.677 [Test worker] DEBUG org.hibernate.cfg.annotations.PropertyBinder - MetadataSourceProcessor property fullName with lazy=false
21:52:30.677 [Test worker] DEBUG org.hibernate.cfg.AbstractPropertyHolder - Attempting to locate auto-apply AttributeConverter for property [com.gruntik.hibernateex.entity.example.Author:fullName]
21:52:30.677 [Test worker] DEBUG org.hibernate.cfg.annotations.SimpleValueBinder - building SimpleValue for fullName
21:52:30.677 [Test worker] DEBUG org.hibernate.cfg.annotations.PropertyBinder - Building property fullName
21:52:30.679 [Test worker] DEBUG org.hibernate.cfg.annotations.SimpleValueBinder - Starting fillSimpleValue for id
21:52:30.679 [Test worker] DEBUG org.hibernate.cfg.annotations.SimpleValueBinder - Starting fillSimpleValue for age
21:52:30.679 [Test worker] DEBUG org.hibernate.cfg.annotations.SimpleValueBinder - Starting fillSimpleValue for name
21:52:30.679 [Test worker] DEBUG org.hibernate.cfg.annotations.SimpleValueBinder - Starting fillSimpleValue for id
21:52:30.679 [Test worker] DEBUG org.hibernate.cfg.annotations.SimpleValueBinder - Starting fillSimpleValue for name
21:52:30.679 [Test worker] DEBUG org.hibernate.cfg.annotations.SimpleValueBinder - Starting fillSimpleValue for id
21:52:30.679 [Test worker] DEBUG org.hibernate.cfg.annotations.SimpleValueBinder - Starting fillSimpleValue for number
21:52:30.679 [Test worker] DEBUG org.hibernate.cfg.annotations.SimpleValueBinder - Starting fillSimpleValue for userId
21:52:30.679 [Test worker] DEBUG org.hibernate.cfg.annotations.SimpleValueBinder - Starting fillSimpleValue for name
21:52:30.679 [Test worker] DEBUG org.hibernate.cfg.annotations.SimpleValueBinder - Starting fillSimpleValue for orderId
21:52:30.679 [Test worker] DEBUG org.hibernate.cfg.annotations.SimpleValueBinder - Starting fillSimpleValue for title
21:52:30.679 [Test worker] DEBUG org.hibernate.cfg.annotations.SimpleValueBinder - Starting fillSimpleValue for id
21:52:30.679 [Test worker] DEBUG org.hibernate.cfg.annotations.SimpleValueBinder - Starting fillSimpleValue for title
21:52:30.679 [Test worker] DEBUG org.hibernate.cfg.annotations.SimpleValueBinder - Starting fillSimpleValue for id
21:52:30.679 [Test worker] DEBUG org.hibernate.cfg.annotations.SimpleValueBinder - Starting fillSimpleValue for price
21:52:30.680 [Test worker] DEBUG org.hibernate.cfg.annotations.SimpleValueBinder - Starting fillSimpleValue for id
21:52:30.680 [Test worker] DEBUG org.hibernate.cfg.annotations.SimpleValueBinder - Starting fillSimpleValue for isbn
21:52:30.680 [Test worker] DEBUG org.hibernate.cfg.annotations.SimpleValueBinder - Starting fillSimpleValue for publicationDate
21:52:30.680 [Test worker] DEBUG org.hibernate.cfg.annotations.SimpleValueBinder - Starting fillSimpleValue for title
21:52:30.680 [Test worker] DEBUG org.hibernate.cfg.annotations.SimpleValueBinder - Starting fillSimpleValue for id
21:52:30.680 [Test worker] DEBUG org.hibernate.cfg.annotations.SimpleValueBinder - Starting fillSimpleValue for fullName
21:52:30.684 [Test worker] DEBUG org.hibernate.mapping.PrimaryKey - Forcing column [id] to be non-null as it is part of the primary key for table [pet]
21:52:30.684 [Test worker] DEBUG org.hibernate.mapping.PrimaryKey - Forcing column [id] to be non-null as it is part of the primary key for table [person]
21:52:30.684 [Test worker] DEBUG org.hibernate.mapping.PrimaryKey - Forcing column [id] to be non-null as it is part of the primary key for table [phone]
21:52:30.684 [Test worker] DEBUG org.hibernate.mapping.PrimaryKey - Forcing column [user_id] to be non-null as it is part of the primary key for table [user]
21:52:30.684 [Test worker] DEBUG org.hibernate.mapping.PrimaryKey - Forcing column [order_id] to be non-null as it is part of the primary key for table [order]
21:52:30.684 [Test worker] DEBUG org.hibernate.mapping.PrimaryKey - Forcing column [id] to be non-null as it is part of the primary key for table [store]
21:52:30.684 [Test worker] DEBUG org.hibernate.mapping.PrimaryKey - Forcing column [id] to be non-null as it is part of the primary key for table [ps5]
21:52:30.684 [Test worker] DEBUG org.hibernate.mapping.PrimaryKey - Forcing column [id] to be non-null as it is part of the primary key for table [book]
21:52:30.684 [Test worker] DEBUG org.hibernate.mapping.PrimaryKey - Forcing column [id] to be non-null as it is part of the primary key for table [author]
21:52:30.684 [Test worker] DEBUG org.hibernate.cfg.CollectionSecondPass - Second pass for collection: com.gruntik.hibernateex.entity.example.Book.authors
21:52:30.684 [Test worker] DEBUG org.hibernate.cfg.annotations.CollectionBinder - Binding as ManyToMany: com.gruntik.hibernateex.entity.example.Book.authors
21:52:30.689 [Test worker] DEBUG org.hibernate.cfg.CollectionSecondPass - Mapped collection key: books_id, element: authors_id
21:52:30.689 [Test worker] DEBUG org.hibernate.cfg.CollectionSecondPass - Second pass for collection: com.gruntik.hibernateex.entity.Person.phones
21:52:30.689 [Test worker] DEBUG org.hibernate.cfg.annotations.CollectionBinder - Binding a OneToMany: com.gruntik.hibernateex.entity.Person.phones through a foreign key
21:52:30.690 [Test worker] DEBUG org.hibernate.cfg.annotations.CollectionBinder - Mapping collection: com.gruntik.hibernateex.entity.Person.phones -> phone
21:52:30.690 [Test worker] DEBUG org.hibernate.cfg.annotations.TableBinder - Retrieving property com.gruntik.hibernateex.entity.Phone.person
21:52:30.690 [Test worker] DEBUG org.hibernate.cfg.CollectionSecondPass - Mapped collection key: person_id, one-to-many: com.gruntik.hibernateex.entity.Phone
21:52:30.690 [Test worker] DEBUG org.hibernate.cfg.CollectionSecondPass - Second pass for collection: com.gruntik.hibernateex.entity.userorder.User.order
21:52:30.690 [Test worker] DEBUG org.hibernate.cfg.annotations.CollectionBinder - Binding a OneToMany: com.gruntik.hibernateex.entity.userorder.User.order through a foreign key
21:52:30.690 [Test worker] DEBUG org.hibernate.cfg.annotations.CollectionBinder - Mapping collection: com.gruntik.hibernateex.entity.userorder.User.order -> order
21:52:30.690 [Test worker] DEBUG org.hibernate.cfg.annotations.TableBinder - Retrieving property com.gruntik.hibernateex.entity.userorder.Order.user
21:52:30.690 [Test worker] DEBUG org.hibernate.cfg.CollectionSecondPass - Mapped collection key: user_id, one-to-many: com.gruntik.hibernateex.entity.userorder.Order
21:52:30.691 [Test worker] DEBUG org.hibernate.cfg.annotations.PropertyBinder - Building property store
21:52:30.692 [Test worker] DEBUG org.hibernate.cfg.CollectionSecondPass - Second pass for collection: com.gruntik.hibernateex.entity.example.Author.books
21:52:30.692 [Test worker] DEBUG org.hibernate.cfg.annotations.CollectionBinder - Binding as ManyToMany: com.gruntik.hibernateex.entity.example.Author.books
21:52:30.692 [Test worker] DEBUG org.hibernate.cfg.annotations.TableBinder - Retrieving property com.gruntik.hibernateex.entity.example.Book.authors
21:52:30.693 [Test worker] DEBUG org.hibernate.cfg.CollectionSecondPass - Mapped collection key: authors_id, element: books_id
21:52:30.693 [Test worker] DEBUG org.hibernate.boot.internal.InFlightMetadataCollectorImpl - Processing association property references
21:52:30.693 [Test worker] DEBUG org.hibernate.boot.internal.InFlightMetadataCollectorImpl - Resolving reference to class: com.gruntik.hibernateex.entity.example.Author
21:52:30.696 [Test worker] DEBUG org.hibernate.boot.internal.InFlightMetadataCollectorImpl - Resolving reference to class: com.gruntik.hibernateex.entity.example.Book
21:52:30.696 [Test worker] DEBUG org.hibernate.boot.internal.InFlightMetadataCollectorImpl - Resolving reference to class: com.gruntik.hibernateex.entity.userorder.User
21:52:30.696 [Test worker] DEBUG org.hibernate.boot.internal.InFlightMetadataCollectorImpl - Resolving reference to class: com.gruntik.hibernateex.entity.Person
21:52:30.696 [Test worker] DEBUG org.hibernate.boot.internal.InFlightMetadataCollectorImpl - Resolving reference to class: com.gruntik.hibernateex.entity.univ.Ps5
21:52:30.698 [Test worker] DEBUG org.hibernate.boot.internal.InFlightMetadataCollectorImpl - Processing association property references
21:52:30.698 [Test worker] DEBUG org.hibernate.boot.internal.InFlightMetadataCollectorImpl - Resolving reference to class: com.gruntik.hibernateex.entity.example.Author
21:52:30.698 [Test worker] DEBUG org.hibernate.boot.internal.InFlightMetadataCollectorImpl - Resolving reference to class: com.gruntik.hibernateex.entity.example.Book
21:52:30.698 [Test worker] DEBUG org.hibernate.boot.internal.InFlightMetadataCollectorImpl - Resolving reference to class: com.gruntik.hibernateex.entity.userorder.User
21:52:30.698 [Test worker] DEBUG org.hibernate.boot.internal.InFlightMetadataCollectorImpl - Resolving reference to class: com.gruntik.hibernateex.entity.Person
21:52:30.698 [Test worker] DEBUG org.hibernate.boot.internal.InFlightMetadataCollectorImpl - Resolving reference to class: com.gruntik.hibernateex.entity.univ.Ps5
21:52:30.733 [Test worker] DEBUG org.hibernate.internal.SessionFactoryImpl - Building session factory
21:52:30.734 [Test worker] DEBUG org.hibernate.cfg.Settings - SessionFactory name : null
21:52:30.734 [Test worker] DEBUG org.hibernate.cfg.Settings - Automatic flush during beforeCompletion(): enabled
21:52:30.734 [Test worker] DEBUG org.hibernate.cfg.Settings - Automatic session close at end of transaction: disabled
21:52:30.734 [Test worker] DEBUG org.hibernate.cfg.Settings - Statistics: disabled
21:52:30.734 [Test worker] DEBUG org.hibernate.cfg.Settings - Deleted entity synthetic identifier rollback: disabled
21:52:30.734 [Test worker] DEBUG org.hibernate.cfg.Settings - Default entity-mode: pojo
21:52:30.734 [Test worker] DEBUG org.hibernate.cfg.Settings - Check Nullability in Core (should be disabled when Bean Validation is on): enabled
21:52:30.734 [Test worker] DEBUG org.hibernate.cfg.Settings - Allow initialization of lazy state outside session : disabled
21:52:30.734 [Test worker] DEBUG org.hibernate.cfg.Settings - Using BatchFetchStyle : LEGACY
21:52:30.734 [Test worker] DEBUG org.hibernate.cfg.Settings - Default batch fetch size: -1
21:52:30.734 [Test worker] DEBUG org.hibernate.cfg.Settings - Maximum outer join fetch depth: null
21:52:30.734 [Test worker] DEBUG org.hibernate.cfg.Settings - Default null ordering: NONE
21:52:30.734 [Test worker] DEBUG org.hibernate.cfg.Settings - Order SQL updates by primary key: disabled
21:52:30.734 [Test worker] DEBUG org.hibernate.cfg.Settings - Order SQL inserts for batching: disabled
21:52:30.734 [Test worker] DEBUG org.hibernate.cfg.Settings - multi-tenancy strategy : NONE
21:52:30.734 [Test worker] DEBUG org.hibernate.cfg.Settings - JTA Track by Thread: enabled
21:52:30.735 [Test worker] DEBUG org.hibernate.cfg.Settings - Query language substitutions: {}
21:52:30.735 [Test worker] DEBUG org.hibernate.cfg.Settings - Named query checking : enabled
21:52:30.735 [Test worker] DEBUG org.hibernate.cfg.Settings - Second-level cache: disabled
21:52:30.735 [Test worker] DEBUG org.hibernate.cfg.Settings - Second-level query cache: disabled
21:52:30.735 [Test worker] DEBUG org.hibernate.cfg.Settings - Second-level query cache factory: null
21:52:30.735 [Test worker] DEBUG org.hibernate.cfg.Settings - Second-level cache region prefix: null
21:52:30.735 [Test worker] DEBUG org.hibernate.cfg.Settings - Optimize second-level cache for minimal puts: disabled
21:52:30.735 [Test worker] DEBUG org.hibernate.cfg.Settings - Structured second-level cache entries: disabled
21:52:30.735 [Test worker] DEBUG org.hibernate.cfg.Settings - Second-level cache direct-reference entries: disabled
21:52:30.735 [Test worker] DEBUG org.hibernate.cfg.Settings - Automatic eviction of collection cache: disabled
21:52:30.735 [Test worker] DEBUG org.hibernate.cfg.Settings - JDBC batch size: 15
21:52:30.735 [Test worker] DEBUG org.hibernate.cfg.Settings - JDBC batch updates for versioned data: enabled
21:52:30.735 [Test worker] DEBUG org.hibernate.cfg.Settings - Scrollable result sets: enabled
21:52:30.735 [Test worker] DEBUG org.hibernate.cfg.Settings - Wrap result sets: disabled
21:52:30.735 [Test worker] DEBUG org.hibernate.cfg.Settings - JDBC3 getGeneratedKeys(): enabled
21:52:30.735 [Test worker] DEBUG org.hibernate.cfg.Settings - JDBC result set fetch size: null
21:52:30.735 [Test worker] DEBUG org.hibernate.cfg.Settings - Connection release mode: AFTER_TRANSACTION
21:52:30.735 [Test worker] DEBUG org.hibernate.cfg.Settings - Generate SQL with comments: disabled
21:52:30.735 [Test worker] DEBUG org.hibernate.cfg.Settings - JPA compliance - query : disabled
21:52:30.735 [Test worker] DEBUG org.hibernate.cfg.Settings - JPA compliance - closed-handling : disabled
21:52:30.735 [Test worker] DEBUG org.hibernate.cfg.Settings - JPA compliance - lists : disabled
21:52:30.735 [Test worker] DEBUG org.hibernate.cfg.Settings - JPA compliance - transactions : disabled
21:52:30.790 [Test worker] DEBUG org.hibernate.service.internal.SessionFactoryServiceRegistryImpl - EventListenerRegistry access via ServiceRegistry is deprecated.  Use `sessionFactory.getEventEngine().getListenerRegistry()` instead
21:52:30.791 [Test worker] DEBUG org.hibernate.service.internal.SessionFactoryServiceRegistryImpl - EventListenerRegistry access via ServiceRegistry is deprecated.  Use `sessionFactory.getEventEngine().getListenerRegistry()` instead
21:52:30.808 [Test worker] DEBUG org.hibernate.internal.SessionFactoryImpl - Session factory constructed with filter configurations : {}
21:52:30.808 [Test worker] DEBUG org.hibernate.internal.SessionFactoryImpl - Instantiating session factory with properties: {sun.desktop=windows, awt.toolkit=sun.awt.windows.WToolkit, java.specification.version=11, sun.cpu.isalist=amd64, sun.jnu.encoding=Cp1251, hibernate.dialect=org.hibernate.dialect.H2Dialect, org.gradle.test.worker=21, java.class.path=C:\\Users\\grunt\\.gradle\\caches\\7.1\\workerMain\\gradle-worker.jar;D:\\MyProjects\\HibernateEx\\build\\classes\\java\\test;D:\\MyProjects\\HibernateEx\\build\\resources\\test;D:\\MyProjects\\HibernateEx\\build\\classes\\java\\main;D:\\MyProjects\\HibernateEx\\build\\resources\\main;C:\\Users\\grunt\\.gradle\\caches\\modules-2\\files-2.1\\org.springframework.boot\\spring-boot-starter-web\\2.7.0\\7bf2381d030023970b5375c1090545e480467aa1\\spring-boot-starter-web-2.7.0.jar;C:\\Users\\grunt\\.gradle\\caches\\modules-2\\files-2.1\\org.springframework.boot\\spring-boot-starter-data-jpa\\2.7.0\\773d8c4fbe92493655f4c7db3a2d95388b8f6eb8\\spring-boot-starter-data-jpa-2.7.0.jar;C:\\Users\\grunt\\.gradle\\caches\\modules-2\\files-2.1\\com.h2database\\h2\\1.3.176\\fd369423346b2f1525c413e33f8cf95b09c92cbd\\h2-1.3.176.jar;C:\\Users\\grunt\\.gradle\\caches\\modules-2\\files-2.1\\org.springframework.boot\\spring-boot-starter-test\\2.7.0\\417764bfd907f7deffd617fb31b3ea0900547287\\spring-boot-starter-test-2.7.0.jar;C:\\Users\\grunt\\.gradle\\caches\\modules-2\\files-2.1\\org.junit.jupiter\\junit-jupiter-engine\\5.8.1\\21b86e08aae2720bbf017703669948be96d1388c\\junit-jupiter-engine-5.8.1.jar;C:\\Users\\grunt\\.gradle\\caches\\modules-2\\files-2.1\\org.junit.jupiter\\junit-jupiter-params\\5.8.2\\ddeafe92fc263f895bfb73ffeca7fd56e23c2cce\\junit-jupiter-params-5.8.2.jar;C:\\Users\\grunt\\.gradle\\caches\\modules-2\\files-2.1\\org.junit.platform\\junit-platform-engine\\1.8.2\\b737de09f19864bd136805c84df7999a142fec29\\junit-platform-engine-1.8.2.jar;C:\\Users\\grunt\\.gradle\\caches\\modules-2\\files-2.1\\org.junit.platform\\junit-platform-commons\\1.8.2\\32c8b8617c1342376fd5af2053da6410d8866861\\junit-platform-commons-1.8.2.jar;C:\\Users\\grunt\\.gradle\\caches\\modules-2\\files-2.1\\org.junit.jupiter\\junit-jupiter\\5.8.2\\5a817b1e63f1217e5c586090c45e681281f097ad\\junit-jupiter-5.8.2.jar;C:\\Users\\grunt\\.gradle\\caches\\modules-2\\files-2.1\\org.mockito\\mockito-junit-jupiter\\4.5.1\\f81fb60bd69b3a6e5537ae23b883326f01632a61\\mockito-junit-jupiter-4.5.1.jar;C:\\Users\\grunt\\.gradle\\caches\\modules-2\\files-2.1\\org.junit.jupiter\\junit-jupiter-api\\5.8.1\\6538b88eb8bf8811bc7b6efb5246f835c15e0bfe\\junit-jupiter-api-5.8.1.jar;C:\\Users\\grunt\\.gradle\\caches\\modules-2\\files-2.1\\org.springframework.boot\\spring-boot-starter-json\\2.7.0\\f7120f4a6fd5dd2ca2128061e420e45ae2294943\\spring-boot-starter-json-2.7.0.jar;C:\\Users\\grunt\\.gradle\\caches\\modules-2\\files-2.1\\org.springframework.boot\\spring-boot-starter-aop\\2.7.0\\49f204ec9672800932f8f7b344221251b1422da6\\spring-boot-starter-aop-2.7.0.jar;C:\\Users\\grunt\\.gradle\\caches\\modules-2\\files-2.1\\org.springframework.boot\\spring-boot-starter-jdbc\\2.7.0\\dd69f21efd63a2a16d631210b5656dc30348451b\\spring-boot-starter-jdbc-2.7.0.jar;C:\\Users\\grunt\\.gradle\\caches\\modules-2\\files-2.1\\org.springframework.boot\\spring-boot-starter\\2.7.0\\64fd3c21486dd20df9a62566599337dae2eb62cc\\spring-boot-starter-2.7.0.jar;C:\\Users\\grunt\\.gradle\\caches\\modules-2\\files-2.1\\org.springframework.boot\\spring-boot-starter-tomcat\\2.7.0\\b8e5cd8cd4bf3935a68468fe32fe2e7550f96b8a\\spring-boot-starter-tomcat-2.7.0.jar;C:\\Users\\grunt\\.gradle\\caches\\modules-2\\files-2.1\\org.springframework\\spring-webmvc\\5.3.20\\8ac1b72a1f5c41fdc2cb3340cd94f795af260301\\spring-webmvc-5.3.20.jar;C:\\Users\\grunt\\.gradle\\caches\\modules-2\\files-2.1\\org.springframework\\spring-web\\5.3.20\\3c2fe9363760d62d5b7c9f087bb4255e3377a0b2\\spring-web-5.3.20.jar;C:\\Users\\grunt\\.gradle\\caches\\modules-2\\files-2.1\\jakarta.transaction\\jakarta.transaction-api\\1.3.3\\c4179d48720a1e87202115fbed6089bdc4195405\\jakarta.transaction-api-1.3.3.jar;C:\\Users\\grunt\\.gradle\\caches\\modules-2\\files-2.1\\jakarta.persistence\\jakarta.persistence-api\\2.2.3\\8f6ea5daedc614f07a3654a455660145286f024e\\jakarta.persistence-api-2.2.3.jar;C:\\Users\\grunt\\.gradle\\caches\\modules-2\\files-2.1\\org.hibernate\\hibernate-core\\5.6.9.Final\\8ec2c7b13de2fbcb19feddfb3a30932bb6a8228a\\hibernate-core-5.6.9.Final.jar;C:\\Users\\grunt\\.gradle\\caches\\modules-2\\files-2.1\\org.springframework.data\\spring-data-jpa\\2.7.0\\f82986cdf2beda49b0bbb28a880ca644a1eb6c42\\spring-data-jpa-2.7.0.jar;C:\\Users\\grunt\\.gradle\\caches\\modules-2\\files-2.1\\org.springframework\\spring-aspects\\5.3.20\\161a2ccb1d68aed17922981909081bd6d1e46628\\spring-aspects-5.3.20.jar;C:\\Users\\grunt\\.gradle\\caches\\modules-2\\files-2.1\\org.springframework.boot\\spring-boot-test-autoconfigure\\2.7.0\\e0270c5cf20211c43f7b485c64e3e6a96f16b991\\spring-boot-test-autoconfigure-2.7.0.jar;C:\\Users\\grunt\\.gradle\\caches\\modules-2\\files-2.1\\org.springframework.boot\\spring-boot-test\\2.7.0\\8be4bc652e4bd0ae0f61b99e164ae26ac269f154\\spring-boot-test-2.7.0.jar;C:\\Users\\grunt\\.gradle\\caches\\modules-2\\files-2.1\\com.jayway.jsonpath\\json-path\\2.7.0\\f9d7d9659f2694e61142046ff8a216c047f263e8\\json-path-2.7.0.jar;C:\\Users\\grunt\\.gradle\\caches\\modules-2\\files-2.1\\org.glassfish.jaxb\\jaxb-runtime\\2.3.6\\1e6cd0e5d9f9919c8c8824fb4d310b09a978a60e\\jaxb-runtime-2.3.6.jar;C:\\Users\\grunt\\.gradle\\caches\\modules-2\\files-2.1\\jakarta.xml.bind\\jakarta.xml.bind-api\\2.3.3\\48e3b9cfc10752fba3521d6511f4165bea951801\\jakarta.xml.bind-api-2.3.3.jar;C:\\Users\\grunt\\.gradle\\caches\\modules-2\\files-2.1\\org.assertj\\assertj-core\\3.22.0\\c300c0c6a24559f35fa0bd3a5472dc1edcd0111e\\assertj-core-3.22.0.jar;C:\\Users\\grunt\\.gradle\\caches\\modules-2\\files-2.1\\org.hamcrest\\hamcrest\\2.2\\1820c0968dba3a11a1b30669bb1f01978a91dedc\\hamcrest-2.2.jar;C:\\Users\\grunt\\.gradle\\caches\\modules-2\\files-2.1\\org.mockito\\mockito-core\\4.5.1\\ed456e623e5afc6f4cee3ae58144e5c45f3b3bf\\mockito-core-4.5.1.jar;C:\\Users\\grunt\\.gradle\\caches\\modules-2\\files-2.1\\org.skyscreamer\\jsonassert\\1.5.0\\6c9d5fe2f59da598d9aefc1cfc6528ff3cf32df3\\jsonassert-1.5.0.jar;C:\\Users\\grunt\\.gradle\\caches\\modules-2\\files-2.1\\org.springframework\\spring-test\\5.3.20\\33a92d5066fb810023969a0d70fac96387962769\\spring-test-5.3.20.jar;C:\\Users\\grunt\\.gradle\\caches\\modules-2\\files-2.1\\org.springframework.boot\\spring-boot-autoconfigure\\2.7.0\\483f9a66d0e8326583c5054038d0aa0a95045dc3\\spring-boot-autoconfigure-2.7.0.jar;C:\\Users\\grunt\\.gradle\\caches\\modules-2\\files-2.1\\org.springframework.boot\\spring-boot\\2.7.0\\df8bd106d6c6a6494b787b71d23cef6d2dc73703\\spring-boot-2.7.0.jar;C:\\Users\\grunt\\.gradle\\caches\\modules-2\\files-2.1\\org.springframework\\spring-context\\5.3.20\\517a42165221ea944c8b794154c10b69c0128281\\spring-context-5.3.20.jar;C:\\Users\\grunt\\.gradle\\caches\\modules-2\\files-2.1\\org.springframework\\spring-aop\\5.3.20\\c82f17997ab18ecafa8d08ce34a7c7aa4a04ef9e\\spring-aop-5.3.20.jar;C:\\Users\\grunt\\.gradle\\caches\\modules-2\\files-2.1\\org.springframework\\spring-orm\\5.3.20\\4eaf36c114a3aa2d1603834cfb197b5742ccde5b\\spring-orm-5.3.20.jar;C:\\Users\\grunt\\.gradle\\caches\\modules-2\\files-2.1\\org.springframework\\spring-jdbc\\5.3.20\\140414df1080754fcefe12921543c599e51dfbb2\\spring-jdbc-5.3.20.jar;C:\\Users\\grunt\\.gradle\\caches\\modules-2\\files-2.1\\org.springframework.data\\spring-data-commons\\2.7.0\\6dc643cf1512fdc5c2d63f55c83080b60b629d10\\spring-data-commons-2.7.0.jar;C:\\Users\\grunt\\.gradle\\caches\\modules-2\\files-2.1\\org.springframework\\spring-tx\\5.3.20\\9a4ec2249dc3523ac70e0710a64288c14fc3ff78\\spring-tx-5.3.20.jar;C:\\Users\\grunt\\.gradle\\caches\\modules-2\\files-2.1\\org.springframework\\spring-beans\\5.3.20\\ab88bd9e3a8307f5c0516c15d295c88ec318659\\spring-beans-5.3.20.jar;C:\\Users\\grunt\\.gradle\\caches\\modules-2\\files-2.1\\org.springframework\\spring-expression\\5.3.20\\20e179f0dfabf0a46428f22c2150c9c4850fd15d\\spring-expression-5.3.20.jar;C:\\Users\\grunt\\.gradle\\caches\\modules-2\\files-2.1\\org.springframework\\spring-core\\5.3.20\\4b88aa3c401ede3d6c8ac78ea0c646cf326ec24b\\spring-core-5.3.20.jar;C:\\Users\\grunt\\.gradle\\caches\\modules-2\\files-2.1\\org.xmlunit\\xmlunit-core\\2.9.0\\8959725d90eecfee28acd7110e2bb8460285d876\\xmlunit-core-2.9.0.jar;C:\\Users\\grunt\\.gradle\\caches\\modules-2\\files-2.1\\org.opentest4j\\opentest4j\\1.2.0\\28c11eb91f9b6d8e200631d46e20a7f407f2a046\\opentest4j-1.2.0.jar;C:\\Users\\grunt\\.gradle\\caches\\modules-2\\files-2.1\\org.springframework.boot\\spring-boot-starter-logging\\2.7.0\\5ff2a55d345ad824f39d55eaa32203865a92b30f\\spring-boot-starter-logging-2.7.0.jar;C:\\Users\\grunt\\.gradle\\caches\\modules-2\\files-2.1\\jakarta.annotation\\jakarta.annotation-api\\1.3.5\\59eb84ee0d616332ff44aba065f3888cf002cd2d\\jakarta.annotation-api-1.3.5.jar;C:\\Users\\grunt\\.gradle\\caches\\modules-2\\files-2.1\\org.yaml\\snakeyaml\\1.30\\8fde7fe2586328ac3c68db92045e1c8759125000\\snakeyaml-1.30.jar;C:\\Users\\grunt\\.gradle\\caches\\modules-2\\files-2.1\\com.fasterxml.jackson.datatype\\jackson-datatype-jsr310\\2.13.3\\ad2f4c61aeb9e2a8bb5e4a3ed782cfddec52d972\\jackson-datatype-jsr310-2.13.3.jar;C:\\Users\\grunt\\.gradle\\caches\\modules-2\\files-2.1\\com.fasterxml.jackson.module\\jackson-module-parameter-names\\2.13.3\\f71c4ecc1a403787c963f68bc619b78ce1d2687b\\jackson-module-parameter-names-2.13.3.jar;C:\\Users\\grunt\\.gradle\\caches\\modules-2\\files-2.1\\com.fasterxml.jackson.core\\jackson-annotations\\2.13.3\\7198b3aac15285a49e218e08441c5f70af00fc51\\jackson-annotations-2.13.3.jar;C:\\Users\\grunt\\.gradle\\caches\\modules-2\\files-2.1\\com.fasterxml.jackson.core\\jackson-core\\2.13.3\\a27014716e4421684416e5fa83d896ddb87002da\\jackson-core-2.13.3.jar;C:\\Users\\grunt\\.gradle\\caches\\modules-2\\files-2.1\\com.fasterxml.jackson.datatype\\jackson-datatype-jdk8\\2.13.3\\d4884595d5aab5babdb00ddbd693b8fd36b5ec3c\\jackson-datatype-jdk8-2.13.3.jar;C:\\Users\\grunt\\.gradle\\caches\\modules-2\\files-2.1\\com.fasterxml.jackson.core\\jackson-databind\\2.13.3\\56deb9ea2c93a7a556b3afbedd616d342963464e\\jackson-databind-2.13.3.jar;C:\\Users\\grunt\\.gradle\\caches\\modules-2\\files-2.1\\org.apache.tomcat.embed\\tomcat-embed-websocket\\9.0.63\\c0bedf7bad4c0552e1805b2bc802604171c64146\\tomcat-embed-websocket-9.0.63.jar;C:\\Users\\grunt\\.gradle\\caches\\modules-2\\files-2.1\\org.apache.tomcat.embed\\tomcat-embed-core\\9.0.63\\f427a282d02439570f1e2af2c00376d4188c5291\\tomcat-embed-core-9.0.63.jar;C:\\Users\\grunt\\.gradle\\caches\\modules-2\\files-2.1\\org.apache.tomcat.embed\\tomcat-embed-el\\9.0.63\\b595f0bdae0392c8b3c8592fea10023956a3f619\\tomcat-embed-el-9.0.63.jar;C:\\Users\\grunt\\.gradle\\caches\\modules-2\\files-2.1\\org.aspectj\\aspectjweaver\\1.9.7\\158f5c255cd3e4408e795b79f7c3fbae9b53b7ca\\aspectjweaver-1.9.7.jar;C:\\Users\\grunt\\.gradle\\caches\\modules-2\\files-2.1\\com.zaxxer\\HikariCP\\4.0.3\\107cbdf0db6780a065f895ae9d8fbf3bb0e1c21f\\HikariCP-4.0.3.jar;C:\\Users\\grunt\\.gradle\\caches\\modules-2\\files-2.1\\org.hibernate.common\\hibernate-commons-annotations\\5.1.2.Final\\e59ffdbc6ad09eeb33507b39ffcf287679a498c8\\hibernate-commons-annotations-5.1.2.Final.jar;C:\\Users\\grunt\\.gradle\\caches\\modules-2\\files-2.1\\org.jboss.logging\\jboss-logging\\3.4.3.Final\\c4bd7e12a745c0e7f6cf98c45cdcdf482fd827ea\\jboss-logging-3.4.3.Final.jar;C:\\Users\\grunt\\.gradle\\caches\\modules-2\\files-2.1\\net.bytebuddy\\byte-buddy\\1.12.10\\f34127d93639fad8c6fb84b3ca30292697d6c55d\\byte-buddy-1.12.10.jar;C:\\Users\\grunt\\.gradle\\caches\\modules-2\\files-2.1\\antlr\\antlr\\2.7.7\\83cd2cd674a217ade95a4bb83a8a14f351f48bd0\\antlr-2.7.7.jar;C:\\Users\\grunt\\.gradle\\caches\\modules-2\\files-2.1\\org.jboss\\jandex\\2.4.2.Final\\1e1c385990b258ff1a24c801e84aebbacf70eb39\\jandex-2.4.2.Final.jar;C:\\Users\\grunt\\.gradle\\caches\\modules-2\\files-2.1\\com.fasterxml\\classmate\\1.5.1\\3fe0bed568c62df5e89f4f174c101eab25345b6c\\classmate-1.5.1.jar;C:\\Users\\grunt\\.gradle\\caches\\modules-2\\files-2.1\\ch.qos.logback\\logback-classic\\1.2.11\\4741689214e9d1e8408b206506cbe76d1c6a7d60\\logback-classic-1.2.11.jar;C:\\Users\\grunt\\.gradle\\caches\\modules-2\\files-2.1\\org.apache.logging.log4j\\log4j-to-slf4j\\2.17.2\\17dd0fae2747d9a28c67bc9534108823d2376b46\\log4j-to-slf4j-2.17.2.jar;C:\\Users\\grunt\\.gradle\\caches\\modules-2\\files-2.1\\org.slf4j\\jul-to-slf4j\\1.7.36\\ed46d81cef9c412a88caef405b58f93a678ff2ca\\jul-to-slf4j-1.7.36.jar;C:\\Users\\grunt\\.gradle\\caches\\modules-2\\files-2.1\\org.slf4j\\slf4j-api\\1.7.36\\6c62681a2f655b49963a5983b8b0950a6120ae14\\slf4j-api-1.7.36.jar;C:\\Users\\grunt\\.gradle\\caches\\modules-2\\files-2.1\\net.minidev\\json-smart\\2.4.8\\7c62f5f72ab05eb54d40e2abf0360a2fe9ea477f\\json-smart-2.4.8.jar;C:\\Users\\grunt\\.gradle\\caches\\modules-2\\files-2.1\\jakarta.activation\\jakarta.activation-api\\1.2.2\\99f53adba383cb1bf7c3862844488574b559621f\\jakarta.activation-api-1.2.2.jar;C:\\Users\\grunt\\.gradle\\caches\\modules-2\\files-2.1\\net.bytebuddy\\byte-buddy-agent\\1.12.10\\1f097f8d6cad60e8f93e5eb670cf5dc9b64da32\\byte-buddy-agent-1.12.10.jar;C:\\Users\\grunt\\.gradle\\caches\\modules-2\\files-2.1\\org.objenesis\\objenesis\\3.2\\7fadf57620c8b8abdf7519533e5527367cb51f09\\objenesis-3.2.jar;C:\\Users\\grunt\\.gradle\\caches\\modules-2\\files-2.1\\com.vaadin.external.google\\android-json\\0.0.20131108.vaadin1\\fa26d351fe62a6a17f5cda1287c1c6110dec413f\\android-json-0.0.20131108.vaadin1.jar;C:\\Users\\grunt\\.gradle\\caches\\modules-2\\files-2.1\\org.springframework\\spring-jcl\\5.3.20\\35119231d09863699567ce579c21512ddcbc5407\\spring-jcl-5.3.20.jar;C:\\Users\\grunt\\.gradle\\caches\\modules-2\\files-2.1\\org.glassfish.jaxb\\txw2\\2.3.6\\45db7b69a8f1ec2c21eb7d4fc0ee729f53c1addc\\txw2-2.3.6.jar;C:\\Users\\grunt\\.gradle\\caches\\modules-2\\files-2.1\\com.sun.istack\\istack-commons-runtime\\3.0.12\\cbbe1a62b0cc6c85972e99d52aaee350153dc530\\istack-commons-runtime-3.0.12.jar;C:\\Users\\grunt\\.gradle\\caches\\modules-2\\files-2.1\\com.sun.activation\\jakarta.activation\\1.2.2\\74548703f9851017ce2f556066659438019e7eb5\\jakarta.activation-1.2.2.jar;C:\\Users\\grunt\\.gradle\\caches\\modules-2\\files-2.1\\net.minidev\\accessors-smart\\2.4.8\\6e1bee5a530caba91893604d6ab41d0edcecca9a\\accessors-smart-2.4.8.jar;C:\\Users\\grunt\\.gradle\\caches\\modules-2\\files-2.1\\ch.qos.logback\\logback-core\\1.2.11\\a01230df5ca5c34540cdaa3ad5efb012f1f1f792\\logback-core-1.2.11.jar;C:\\Users\\grunt\\.gradle\\caches\\modules-2\\files-2.1\\org.apache.logging.log4j\\log4j-api\\2.17.2\\f42d6afa111b4dec5d2aea0fe2197240749a4ea6\\log4j-api-2.17.2.jar;C:\\Users\\grunt\\.gradle\\caches\\modules-2\\files-2.1\\org.ow2.asm\\asm\\9.1\\a99500cf6eea30535eeac6be73899d048f8d12a8\\asm-9.1.jar, java.vm.vendor=Oracle Corporation, sun.arch.data.model=64, user.variant=, java.vendor.url=https://openjdk.java.net/, user.timezone=Europe/Moscow, os.name=Windows 10, java.vm.specification.version=11, user.country=RU, sun.java.launcher=SUN_STANDARD, sun.boot.library.path=C:\Program Files\Java\jdk-11.0.9\bin, sun.java.command=worker.org.gradle.process.internal.worker.GradleWorkerMain 'Gradle Test Executor 21', jdk.debug=release, sun.cpu.endian=little, user.home=C:\Users\grunt, user.language=ru, java.specification.vendor=Oracle Corporation, org.gradle.native=false, java.version.date=2020-10-20, java.home=C:\Program Files\Java\jdk-11.0.9, file.separator=\, java.vm.compressedOopsMode=32-bit, line.separator=
, java.specification.name=Java Platform API Specification, java.vm.specification.vendor=Oracle Corporation, java.awt.graphicsenv=sun.awt.Win32GraphicsEnvironment, hibernate.hbm2ddl.auto=create-drop, user.script=, sun.management.compiler=HotSpot 64-Bit Tiered Compilers, java.runtime.version=11.0.9+7-LTS, user.name=grunt, path.separator=;, hibernate.connection.username=****, os.version=10.0, java.runtime.name=Java(TM) SE Runtime Environment, hibernate.connection.url=jdbc:h2:mem:db:DB_CLOSE_DELAY=-1;DB_CLOSE_ON_EXIT=FALSE, file.encoding=windows-1251, java.vm.name=Java HotSpot(TM) 64-Bit Server VM, hibernate.show_sql=true, java.vendor.version=18.9, hibernate.connection.driver_class=org.h2.Driver, java.vendor.url.bug=https://bugreport.java.com/bugreport/, java.io.tmpdir=C:\Users\grunt\AppData\Local\Temp\, java.version=11.0.9, user.dir=D:\MyProjects\HibernateEx, os.arch=amd64, java.vm.specification.name=Java Virtual Machine Specification, java.awt.printerjob=sun.awt.windows.WPrinterJob, hibernate.connection.password=****, sun.os.patch.level=, org.gradle.internal.worker.tmpdir=D:\MyProjects\HibernateEx\build\tmp\test\work, hibernate.boot.CfgXmlAccessService.key=org.hibernate.boot.cfgxml.spi.LoadedConfig@6ea5c8f9, java.library.path=C:\Program Files\Java\jdk-11.0.9\bin;C:\WINDOWS\Sun\Java\bin;C:\WINDOWS\system32;C:\WINDOWS;C:\Users\grunt\Downloads\WINDOWS.X64_193000_db_home\bin;C:\Python310\Scripts\;C:\Python310\;C:\Program Files (x86)\VMware\VMware Workstation\bin\;C:\Program Files\Common Files\Oracle\Java\javapath;C:\Windows\system32;C:\Windows;C:\Windows\System32\Wbem;C:\Windows\System32\WindowsPowerShell\v1.0\;C:\Windows\System32\OpenSSH\;C:\Program Files\NVIDIA Corporation\NVIDIA NvDLISR;C:\Program Files (x86)\AOMEI\AOMEI Backupper 6.4.0;C:\Program Files (x86)\Microsoft SQL Server\150\DTS\Binn\;C:\Program Files\Azure Data Studio\bin;C:\Program Files\Microsoft SQL Server\Client SDK\ODBC\170\Tools\Binn\;C:\Program Files (x86)\Microsoft SQL Server\150\Tools\Binn\;C:\Program Files\Microsoft SQL Server\150\Tools\Binn\;C:\Program Files\Microsoft SQL Server\150\DTS\Binn\;C:\Program Files\Maven\bin;C:\Program Files (x86)\NVIDIA Corporation\PhysX\Common;C:\Program Files\dotnet\;D:\Git\cmd;C:\Program Files\PostgreSQL\12\bin;C:\ProgramData\chocolatey\bin;C:\WINDOWS\system32;C:\WINDOWS;C:\WINDOWS\System32\Wbem;C:\WINDOWS\System32\WindowsPowerShell\v1.0\;C:\WINDOWS\System32\OpenSSH\;%ZOOKEEPER_HOME%\bin;C:\php-7.3.33-nts-Win32-VC15-x64;C:\php-8.1.2-nts-Win32-vs16-x64;C:\Program Files\nodejs\;C:\Program Files (x86)\dotnet\;C:\gradle-7.4.2\bin;;C:\Program Files\Docker\Docker\resources\bin;C:\ProgramData\DockerDesktop\version-bin;C:\Users\grunt\AppData\Local\Microsoft\WindowsApps;C:\Program Files\Azure Data Studio\bin;C:\Users\grunt\AppData\Local\Programs\Microsoft VS Code\bin;C:\Program Files\Apache Software Foundation\Tomcat 10.0\bin;C:\Zookeeper\apache-zookeeper-3.7.0-bin\bin;C:\Users\grunt\AppData\Roaming\npm;., java.vendor=Oracle Corporation, java.vm.info=mixed mode, java.vm.version=11.0.9+7-LTS, hibernate.bytecode.use_reflection_optimizer=false, sun.io.unicode.encoding=UnicodeLittle, java.class.version=55.0}
21:52:30.818 [Test worker] DEBUG org.hibernate.secure.spi.JaccIntegrator - Skipping JACC integration as it was not enabled
21:52:30.819 [Test worker] DEBUG org.hibernate.internal.SessionFactoryImpl - Instantiated session factory
21:52:30.820 [Test worker] DEBUG org.hibernate.type.spi.TypeConfiguration$Scope - Scoping TypeConfiguration [org.hibernate.type.spi.TypeConfiguration@4910510] to SessionFactoryImpl [org.hibernate.internal.SessionFactoryImpl@28456353]
21:52:30.878 [Test worker] DEBUG org.hibernate.boot.internal.ClassLoaderAccessImpl - Not known whether passed class name [com.gruntik.hibernateex.entity.example.Book] is safe
21:52:30.878 [Test worker] DEBUG org.hibernate.boot.internal.ClassLoaderAccessImpl - No temp ClassLoader provided; using live ClassLoader for loading potentially unsafe class : com.gruntik.hibernateex.entity.example.Book
21:52:31.041 [Test worker] DEBUG org.hibernate.boot.internal.ClassLoaderAccessImpl - Not known whether passed class name [com.gruntik.hibernateex.entity.userorder.User] is safe
21:52:31.042 [Test worker] DEBUG org.hibernate.boot.internal.ClassLoaderAccessImpl - No temp ClassLoader provided; using live ClassLoader for loading potentially unsafe class : com.gruntik.hibernateex.entity.userorder.User
21:52:31.054 [Test worker] DEBUG org.hibernate.orm.bytecode.interceptor - To-one property `com.gruntik.hibernateex.entity.Phone#person` was mapped with LAZY + NO_PROXY but the class was not enhanced
21:52:31.054 [Test worker] DEBUG org.hibernate.orm.bytecode.interceptor - To-one property `com.gruntik.hibernateex.entity.Phone#person` was mapped with LAZY + NO_PROXY but the class was not enhanced
21:52:31.055 [Test worker] DEBUG org.hibernate.boot.internal.ClassLoaderAccessImpl - Not known whether passed class name [com.gruntik.hibernateex.entity.Phone] is safe
21:52:31.055 [Test worker] DEBUG org.hibernate.boot.internal.ClassLoaderAccessImpl - No temp ClassLoader provided; using live ClassLoader for loading potentially unsafe class : com.gruntik.hibernateex.entity.Phone
21:52:31.064 [Test worker] DEBUG org.hibernate.orm.bytecode.interceptor - To-one property `com.gruntik.hibernateex.entity.Phone#person` was mapped with LAZY + NO_PROXY but the class was not enhanced
21:52:31.064 [Test worker] DEBUG org.hibernate.orm.bytecode.interceptor - To-one property `com.gruntik.hibernateex.entity.Phone#person` was mapped with LAZY + NO_PROXY but the class was not enhanced
21:52:31.064 [Test worker] DEBUG org.hibernate.boot.internal.ClassLoaderAccessImpl - Not known whether passed class name [com.gruntik.hibernateex.entity.Pet] is safe
21:52:31.064 [Test worker] DEBUG org.hibernate.boot.internal.ClassLoaderAccessImpl - No temp ClassLoader provided; using live ClassLoader for loading potentially unsafe class : com.gruntik.hibernateex.entity.Pet
21:52:31.072 [Test worker] DEBUG org.hibernate.orm.bytecode.interceptor - To-one property `com.gruntik.hibernateex.entity.univ.Store#ps5` was mapped with LAZY + NO_PROXY but the class was not enhanced
21:52:31.072 [Test worker] DEBUG org.hibernate.orm.bytecode.interceptor - To-one property `com.gruntik.hibernateex.entity.univ.Store#ps5` was mapped with LAZY + NO_PROXY but the class was not enhanced
21:52:31.072 [Test worker] DEBUG org.hibernate.boot.internal.ClassLoaderAccessImpl - Not known whether passed class name [com.gruntik.hibernateex.entity.univ.Store] is safe
21:52:31.072 [Test worker] DEBUG org.hibernate.boot.internal.ClassLoaderAccessImpl - No temp ClassLoader provided; using live ClassLoader for loading potentially unsafe class : com.gruntik.hibernateex.entity.univ.Store
21:52:31.078 [Test worker] DEBUG org.hibernate.orm.bytecode.interceptor - To-one property `com.gruntik.hibernateex.entity.univ.Store#ps5` was mapped with LAZY + NO_PROXY but the class was not enhanced
21:52:31.079 [Test worker] DEBUG org.hibernate.orm.bytecode.interceptor - To-one property `com.gruntik.hibernateex.entity.univ.Store#ps5` was mapped with LAZY + NO_PROXY but the class was not enhanced
21:52:31.079 [Test worker] DEBUG org.hibernate.boot.internal.ClassLoaderAccessImpl - Not known whether passed class name [com.gruntik.hibernateex.entity.example.Author] is safe
21:52:31.079 [Test worker] DEBUG org.hibernate.boot.internal.ClassLoaderAccessImpl - No temp ClassLoader provided; using live ClassLoader for loading potentially unsafe class : com.gruntik.hibernateex.entity.example.Author
21:52:31.087 [Test worker] DEBUG org.hibernate.orm.bytecode.interceptor - To-one property `com.gruntik.hibernateex.entity.univ.Ps5#store` was mapped with LAZY + NO_PROXY but the class was not enhanced
21:52:31.087 [Test worker] DEBUG org.hibernate.orm.bytecode.interceptor - To-one property `com.gruntik.hibernateex.entity.univ.Ps5#store` was mapped with LAZY + NO_PROXY but the class was not enhanced
21:52:31.087 [Test worker] DEBUG org.hibernate.boot.internal.ClassLoaderAccessImpl - Not known whether passed class name [com.gruntik.hibernateex.entity.univ.Ps5] is safe
21:52:31.087 [Test worker] DEBUG org.hibernate.boot.internal.ClassLoaderAccessImpl - No temp ClassLoader provided; using live ClassLoader for loading potentially unsafe class : com.gruntik.hibernateex.entity.univ.Ps5
21:52:31.093 [Test worker] DEBUG org.hibernate.orm.bytecode.interceptor - To-one property `com.gruntik.hibernateex.entity.univ.Ps5#store` was mapped with LAZY + NO_PROXY but the class was not enhanced
21:52:31.093 [Test worker] DEBUG org.hibernate.orm.bytecode.interceptor - To-one property `com.gruntik.hibernateex.entity.univ.Ps5#store` was mapped with LAZY + NO_PROXY but the class was not enhanced
21:52:31.094 [Test worker] DEBUG org.hibernate.boot.internal.ClassLoaderAccessImpl - Not known whether passed class name [com.gruntik.hibernateex.entity.Person] is safe
21:52:31.094 [Test worker] DEBUG org.hibernate.boot.internal.ClassLoaderAccessImpl - No temp ClassLoader provided; using live ClassLoader for loading potentially unsafe class : com.gruntik.hibernateex.entity.Person
21:52:31.101 [Test worker] DEBUG org.hibernate.boot.internal.ClassLoaderAccessImpl - Not known whether passed class name [com.gruntik.hibernateex.entity.userorder.Order] is safe
21:52:31.101 [Test worker] DEBUG org.hibernate.boot.internal.ClassLoaderAccessImpl - No temp ClassLoader provided; using live ClassLoader for loading potentially unsafe class : com.gruntik.hibernateex.entity.userorder.Order
21:52:31.117 [Test worker] DEBUG org.hibernate.persister.collection.AbstractCollectionPersister - Static SQL for collection: com.gruntik.hibernateex.entity.example.Book.authors
21:52:31.117 [Test worker] DEBUG org.hibernate.persister.collection.AbstractCollectionPersister -  Row insert: insert into Book_Author (books_id, authors_id) values (?, ?)
21:52:31.117 [Test worker] DEBUG org.hibernate.persister.collection.AbstractCollectionPersister -  Row update: update Book_Author set authors_id=? where books_id=? and authors_id=?
21:52:31.117 [Test worker] DEBUG org.hibernate.persister.collection.AbstractCollectionPersister -  Row delete: delete from Book_Author where books_id=? and authors_id=?
21:52:31.117 [Test worker] DEBUG org.hibernate.persister.collection.AbstractCollectionPersister -  One-shot delete: delete from Book_Author where books_id=?
21:52:31.119 [Test worker] DEBUG org.hibernate.persister.collection.AbstractCollectionPersister - Static SQL for collection: com.gruntik.hibernateex.entity.userorder.User.order
21:52:31.119 [Test worker] DEBUG org.hibernate.persister.collection.AbstractCollectionPersister -  Row insert: update "order" set user_id=? where order_id=?
21:52:31.119 [Test worker] DEBUG org.hibernate.persister.collection.AbstractCollectionPersister -  Row update: update "order" set  where order_id=?
21:52:31.119 [Test worker] DEBUG org.hibernate.persister.collection.AbstractCollectionPersister -  Row delete: update "order" set user_id=null where user_id=? and order_id=?
21:52:31.119 [Test worker] DEBUG org.hibernate.persister.collection.AbstractCollectionPersister -  One-shot delete: update "order" set user_id=null where user_id=?
21:52:31.119 [Test worker] DEBUG org.hibernate.persister.collection.AbstractCollectionPersister - Static SQL for collection: com.gruntik.hibernateex.entity.example.Author.books
21:52:31.119 [Test worker] DEBUG org.hibernate.persister.collection.AbstractCollectionPersister -  Row insert: insert into Book_Author (authors_id, books_id) values (?, ?)
21:52:31.119 [Test worker] DEBUG org.hibernate.persister.collection.AbstractCollectionPersister -  Row update: update Book_Author set books_id=? where authors_id=? and books_id=?
21:52:31.119 [Test worker] DEBUG org.hibernate.persister.collection.AbstractCollectionPersister -  Row delete: delete from Book_Author where authors_id=? and books_id=?
21:52:31.119 [Test worker] DEBUG org.hibernate.persister.collection.AbstractCollectionPersister -  One-shot delete: delete from Book_Author where authors_id=?
21:52:31.119 [Test worker] DEBUG org.hibernate.persister.collection.AbstractCollectionPersister - Static SQL for collection: com.gruntik.hibernateex.entity.Person.phones
21:52:31.119 [Test worker] DEBUG org.hibernate.persister.collection.AbstractCollectionPersister -  Row insert: update phone set person_id=? where id=?
21:52:31.120 [Test worker] DEBUG org.hibernate.persister.collection.AbstractCollectionPersister -  Row update: update phone set  where id=?
21:52:31.120 [Test worker] DEBUG org.hibernate.persister.collection.AbstractCollectionPersister -  Row delete: update phone set person_id=null where person_id=? and id=?
21:52:31.120 [Test worker] DEBUG org.hibernate.persister.collection.AbstractCollectionPersister -  One-shot delete: update phone set person_id=null where person_id=?
21:52:31.123 [Test worker] DEBUG org.hibernate.persister.entity.AbstractEntityPersister - Static SQL for entity: com.gruntik.hibernateex.entity.example.Book
21:52:31.123 [Test worker] DEBUG org.hibernate.persister.entity.AbstractEntityPersister -  Version select: select id from Book where id =?
21:52:31.123 [Test worker] DEBUG org.hibernate.persister.entity.AbstractEntityPersister -  Snapshot select: select book_.id, book_.isbn as isbn2_1_, book_.publicationDate as publicat3_1_, book_.title as title4_1_ from Book book_ where book_.id=?
21:52:31.123 [Test worker] DEBUG org.hibernate.persister.entity.AbstractEntityPersister -  Insert 0: insert into Book (isbn, publicationDate, title, id) values (?, ?, ?, ?)
21:52:31.123 [Test worker] DEBUG org.hibernate.persister.entity.AbstractEntityPersister -  Update 0: update Book set isbn=?, publicationDate=?, title=? where id=?
21:52:31.123 [Test worker] DEBUG org.hibernate.persister.entity.AbstractEntityPersister -  Delete 0: delete from Book where id=?
21:52:31.123 [Test worker] DEBUG org.hibernate.persister.entity.AbstractEntityPersister -  Identity insert: insert into Book (id, isbn, publicationDate, title) values (default, ?, ?, ?)
21:52:31.146 [Test worker] DEBUG org.hibernate.loader.plan.build.internal.spaces.QuerySpacesImpl - Adding QuerySpace : uid = <gen:0> -> org.hibernate.loader.plan.build.internal.spaces.EntityQuerySpaceImpl@6682c704]
21:52:31.147 [Test worker] DEBUG org.hibernate.persister.walking.spi.MetamodelGraphWalker - Visiting attribute path : authors
21:52:31.149 [Test worker] DEBUG org.hibernate.loader.plan.build.internal.spaces.QuerySpacesImpl - Adding QuerySpace : uid = <gen:1> -> org.hibernate.loader.plan.build.internal.spaces.CollectionQuerySpaceImpl@3ffefe24]
21:52:31.150 [Test worker] DEBUG org.hibernate.loader.plan.build.internal.spaces.QuerySpacesImpl - Adding QuerySpace : uid = <gen:2> -> org.hibernate.loader.plan.build.internal.spaces.EntityQuerySpaceImpl@333332c8]
21:52:31.150 [Test worker] DEBUG org.hibernate.persister.walking.spi.MetamodelGraphWalker - Visiting attribute path : isbn
21:52:31.150 [Test worker] DEBUG org.hibernate.persister.walking.spi.MetamodelGraphWalker - Visiting attribute path : publicationDate
21:52:31.150 [Test worker] DEBUG org.hibernate.persister.walking.spi.MetamodelGraphWalker - Visiting attribute path : title
21:52:31.151 [Test worker] DEBUG org.hibernate.loader.plan.build.internal.FetchStyleLoadPlanBuildingAssociationVisitationStrategy - Building LoadPlan...
21:52:31.158 [Test worker] DEBUG org.hibernate.loader.plan.exec.internal.LoadQueryJoinAndFetchProcessor - processing queryspace <gen:0>
21:52:31.161 [Test worker] DEBUG org.hibernate.loader.plan.build.spi.LoadPlanTreePrinter - LoadPlan(entity=com.gruntik.hibernateex.entity.example.Book)
    - Returns
       - EntityReturnImpl(entity=com.gruntik.hibernateex.entity.example.Book, querySpaceUid=<gen:0>, path=com.gruntik.hibernateex.entity.example.Book)
          - CollectionAttributeFetchImpl(collection=com.gruntik.hibernateex.entity.example.Book.authors, querySpaceUid=<gen:1>, path=com.gruntik.hibernateex.entity.example.Book.authors)
             - (collection element) CollectionFetchableElementEntityGraph(entity=com.gruntik.hibernateex.entity.example.Author, querySpaceUid=<gen:2>, path=com.gruntik.hibernateex.entity.example.Book.authors.<elements>)
    - QuerySpaces
       - EntityQuerySpaceImpl(uid=<gen:0>, entity=com.gruntik.hibernateex.entity.example.Book)
          - SQL table alias mapping - book0_
          - alias suffix - 0_
          - suffixed key columns - {id1_1_0_}

21:52:31.162 [Test worker] DEBUG org.hibernate.loader.entity.plan.EntityLoader - Static select for entity com.gruntik.hibernateex.entity.example.Book [NONE]: select book0_.id as id1_1_0_, book0_.isbn as isbn2_1_0_, book0_.publicationDate as publicat3_1_0_, book0_.title as title4_1_0_ from Book book0_ where book0_.id=?
21:52:31.162 [Test worker] DEBUG org.hibernate.persister.entity.AbstractEntityPersister - Static SQL for entity: com.gruntik.hibernateex.entity.userorder.User
21:52:31.163 [Test worker] DEBUG org.hibernate.persister.entity.AbstractEntityPersister -  Version select: select user_id from "user" where user_id =?
21:52:31.163 [Test worker] DEBUG org.hibernate.persister.entity.AbstractEntityPersister -  Snapshot select: select user_.user_id, user_.name as name2_9_ from "user" user_ where user_.user_id=?
21:52:31.163 [Test worker] DEBUG org.hibernate.persister.entity.AbstractEntityPersister -  Insert 0: insert into "user" (name, user_id) values (?, ?)
21:52:31.163 [Test worker] DEBUG org.hibernate.persister.entity.AbstractEntityPersister -  Update 0: update "user" set name=? where user_id=?
21:52:31.163 [Test worker] DEBUG org.hibernate.persister.entity.AbstractEntityPersister -  Delete 0: delete from "user" where user_id=?
21:52:31.163 [Test worker] DEBUG org.hibernate.persister.entity.AbstractEntityPersister -  Identity insert: insert into "user" (user_id, name) values (default, ?)
21:52:31.163 [Test worker] DEBUG org.hibernate.loader.plan.build.internal.spaces.QuerySpacesImpl - Adding QuerySpace : uid = <gen:0> -> org.hibernate.loader.plan.build.internal.spaces.EntityQuerySpaceImpl@5b051ab2]
21:52:31.163 [Test worker] DEBUG org.hibernate.persister.walking.spi.MetamodelGraphWalker - Visiting attribute path : name
21:52:31.163 [Test worker] DEBUG org.hibernate.persister.walking.spi.MetamodelGraphWalker - Visiting attribute path : order
21:52:31.163 [Test worker] DEBUG org.hibernate.loader.plan.build.internal.spaces.QuerySpacesImpl - Adding QuerySpace : uid = <gen:1> -> org.hibernate.loader.plan.build.internal.spaces.CollectionQuerySpaceImpl@3910d4b3]
21:52:31.163 [Test worker] DEBUG org.hibernate.loader.plan.build.internal.spaces.QuerySpacesImpl - Adding QuerySpace : uid = <gen:2> -> org.hibernate.loader.plan.build.internal.spaces.EntityQuerySpaceImpl@5b1c0509]
21:52:31.163 [Test worker] DEBUG org.hibernate.loader.plan.build.internal.FetchStyleLoadPlanBuildingAssociationVisitationStrategy - Building LoadPlan...
21:52:31.163 [Test worker] DEBUG org.hibernate.loader.plan.exec.internal.LoadQueryJoinAndFetchProcessor - processing queryspace <gen:0>
21:52:31.164 [Test worker] DEBUG org.hibernate.loader.plan.build.spi.LoadPlanTreePrinter - LoadPlan(entity=com.gruntik.hibernateex.entity.userorder.User)
    - Returns
       - EntityReturnImpl(entity=com.gruntik.hibernateex.entity.userorder.User, querySpaceUid=<gen:0>, path=com.gruntik.hibernateex.entity.userorder.User)
          - CollectionAttributeFetchImpl(collection=com.gruntik.hibernateex.entity.userorder.User.order, querySpaceUid=<gen:1>, path=com.gruntik.hibernateex.entity.userorder.User.order)
             - (collection element) CollectionFetchableElementEntityGraph(entity=com.gruntik.hibernateex.entity.userorder.Order, querySpaceUid=<gen:2>, path=com.gruntik.hibernateex.entity.userorder.User.order.<elements>)
    - QuerySpaces
       - EntityQuerySpaceImpl(uid=<gen:0>, entity=com.gruntik.hibernateex.entity.userorder.User)
          - SQL table alias mapping - user0_
          - alias suffix - 0_
          - suffixed key columns - {user_id1_9_0_}

21:52:31.164 [Test worker] DEBUG org.hibernate.loader.entity.plan.EntityLoader - Static select for entity com.gruntik.hibernateex.entity.userorder.User [NONE]: select user0_.user_id as user_id1_9_0_, user0_.name as name2_9_0_ from "user" user0_ where user0_.user_id=?
21:52:31.164 [Test worker] DEBUG org.hibernate.persister.entity.AbstractEntityPersister - Static SQL for entity: com.gruntik.hibernateex.entity.Phone
21:52:31.164 [Test worker] DEBUG org.hibernate.persister.entity.AbstractEntityPersister -  Version select: select id from phone where id =?
21:52:31.164 [Test worker] DEBUG org.hibernate.persister.entity.AbstractEntityPersister -  Snapshot select: select phone_.id, phone_.number as number2_6_, phone_.person_id as person_i3_6_ from phone phone_ where phone_.id=?
21:52:31.164 [Test worker] DEBUG org.hibernate.persister.entity.AbstractEntityPersister -  Insert 0: insert into phone (number, person_id, id) values (?, ?, ?)
21:52:31.164 [Test worker] DEBUG org.hibernate.persister.entity.AbstractEntityPersister -  Update 0: update phone set number=?, person_id=? where id=?
21:52:31.164 [Test worker] DEBUG org.hibernate.persister.entity.AbstractEntityPersister -  Delete 0: delete from phone where id=?
21:52:31.164 [Test worker] DEBUG org.hibernate.loader.plan.build.internal.spaces.QuerySpacesImpl - Adding QuerySpace : uid = <gen:0> -> org.hibernate.loader.plan.build.internal.spaces.EntityQuerySpaceImpl@283f4452]
21:52:31.164 [Test worker] DEBUG org.hibernate.persister.walking.spi.MetamodelGraphWalker - Visiting attribute path : number
21:52:31.164 [Test worker] DEBUG org.hibernate.persister.walking.spi.MetamodelGraphWalker - Visiting attribute path : person
21:52:31.164 [Test worker] DEBUG org.hibernate.loader.plan.build.internal.spaces.QuerySpacesImpl - Adding QuerySpace : uid = <gen:1> -> org.hibernate.loader.plan.build.internal.spaces.EntityQuerySpaceImpl@624cfd94]
21:52:31.166 [Test worker] DEBUG org.hibernate.persister.walking.spi.MetamodelGraphWalker - Visiting attribute path : person.name
21:52:31.166 [Test worker] DEBUG org.hibernate.persister.walking.spi.MetamodelGraphWalker - Visiting attribute path : person.phones
21:52:31.166 [Test worker] DEBUG org.hibernate.persister.walking.spi.MetamodelGraphWalker - Property path deemed to be circular : person.phones
21:52:31.166 [Test worker] DEBUG org.hibernate.loader.plan.build.internal.FetchStyleLoadPlanBuildingAssociationVisitationStrategy - Building LoadPlan...
21:52:31.166 [Test worker] DEBUG org.hibernate.loader.plan.exec.internal.LoadQueryJoinAndFetchProcessor - processing queryspace <gen:0>
21:52:31.167 [Test worker] DEBUG org.hibernate.loader.plan.build.spi.LoadPlanTreePrinter - LoadPlan(entity=com.gruntik.hibernateex.entity.Phone)
    - Returns
       - EntityReturnImpl(entity=com.gruntik.hibernateex.entity.Phone, querySpaceUid=<gen:0>, path=com.gruntik.hibernateex.entity.Phone)
          - EntityAttributeFetchImpl(entity=com.gruntik.hibernateex.entity.Person, querySpaceUid=<gen:1>, path=com.gruntik.hibernateex.entity.Phone.person)
    - QuerySpaces
       - EntityQuerySpaceImpl(uid=<gen:0>, entity=com.gruntik.hibernateex.entity.Phone)
          - SQL table alias mapping - phone0_
          - alias suffix - 0_
          - suffixed key columns - {id1_6_0_}
          - JOIN (JoinDefinedByMetadata(person)) : <gen:0> -> <gen:1>
             - EntityQuerySpaceImpl(uid=<gen:1>, entity=com.gruntik.hibernateex.entity.Person)
                - SQL table alias mapping - person1_
                - alias suffix - 1_
                - suffixed key columns - {id1_4_1_}

21:52:31.167 [Test worker] DEBUG org.hibernate.loader.entity.plan.EntityLoader - Static select for entity com.gruntik.hibernateex.entity.Phone [NONE]: select phone0_.id as id1_6_0_, phone0_.number as number2_6_0_, phone0_.person_id as person_i3_6_0_, person1_.id as id1_4_1_, person1_.name as name2_4_1_ from phone phone0_ left outer join person person1_ on phone0_.person_id=person1_.id where phone0_.id=?
21:52:31.167 [Test worker] DEBUG org.hibernate.persister.entity.AbstractEntityPersister - Static SQL for entity: com.gruntik.hibernateex.entity.Pet
21:52:31.167 [Test worker] DEBUG org.hibernate.persister.entity.AbstractEntityPersister -  Version select: select id from pet where id =?
21:52:31.167 [Test worker] DEBUG org.hibernate.persister.entity.AbstractEntityPersister -  Snapshot select: select pet_.id, pet_.age as age2_5_, pet_.name as name3_5_ from pet pet_ where pet_.id=?
21:52:31.167 [Test worker] DEBUG org.hibernate.persister.entity.AbstractEntityPersister -  Insert 0: insert into pet (age, name, id) values (?, ?, ?)
21:52:31.167 [Test worker] DEBUG org.hibernate.persister.entity.AbstractEntityPersister -  Update 0: update pet set age=?, name=? where id=?
21:52:31.167 [Test worker] DEBUG org.hibernate.persister.entity.AbstractEntityPersister -  Delete 0: delete from pet where id=?
21:52:31.167 [Test worker] DEBUG org.hibernate.loader.plan.build.internal.spaces.QuerySpacesImpl - Adding QuerySpace : uid = <gen:0> -> org.hibernate.loader.plan.build.internal.spaces.EntityQuerySpaceImpl@46425b69]
21:52:31.167 [Test worker] DEBUG org.hibernate.persister.walking.spi.MetamodelGraphWalker - Visiting attribute path : age
21:52:31.167 [Test worker] DEBUG org.hibernate.persister.walking.spi.MetamodelGraphWalker - Visiting attribute path : name
21:52:31.167 [Test worker] DEBUG org.hibernate.loader.plan.build.internal.FetchStyleLoadPlanBuildingAssociationVisitationStrategy - Building LoadPlan...
21:52:31.167 [Test worker] DEBUG org.hibernate.loader.plan.exec.internal.LoadQueryJoinAndFetchProcessor - processing queryspace <gen:0>
21:52:31.168 [Test worker] DEBUG org.hibernate.loader.plan.build.spi.LoadPlanTreePrinter - LoadPlan(entity=com.gruntik.hibernateex.entity.Pet)
    - Returns
       - EntityReturnImpl(entity=com.gruntik.hibernateex.entity.Pet, querySpaceUid=<gen:0>, path=com.gruntik.hibernateex.entity.Pet)
    - QuerySpaces
       - EntityQuerySpaceImpl(uid=<gen:0>, entity=com.gruntik.hibernateex.entity.Pet)
          - SQL table alias mapping - pet0_
          - alias suffix - 0_
          - suffixed key columns - {id1_5_0_}

21:52:31.168 [Test worker] DEBUG org.hibernate.loader.entity.plan.EntityLoader - Static select for entity com.gruntik.hibernateex.entity.Pet [NONE]: select pet0_.id as id1_5_0_, pet0_.age as age2_5_0_, pet0_.name as name3_5_0_ from pet pet0_ where pet0_.id=?
21:52:31.168 [Test worker] DEBUG org.hibernate.persister.entity.AbstractEntityPersister - Static SQL for entity: com.gruntik.hibernateex.entity.univ.Store
21:52:31.168 [Test worker] DEBUG org.hibernate.persister.entity.AbstractEntityPersister -  Version select: select id from store where id =?
21:52:31.168 [Test worker] DEBUG org.hibernate.persister.entity.AbstractEntityPersister -  Snapshot select: select store_.id, store_.ps5_id as ps3_8_, store_.title as title2_8_ from store store_ where store_.id=?
21:52:31.168 [Test worker] DEBUG org.hibernate.persister.entity.AbstractEntityPersister -  Insert 0: insert into store (ps5_id, title, id) values (?, ?, ?)
21:52:31.168 [Test worker] DEBUG org.hibernate.persister.entity.AbstractEntityPersister -  Update 0: update store set ps5_id=?, title=? where id=?
21:52:31.168 [Test worker] DEBUG org.hibernate.persister.entity.AbstractEntityPersister -  Delete 0: delete from store where id=?
21:52:31.168 [Test worker] DEBUG org.hibernate.loader.plan.build.internal.spaces.QuerySpacesImpl - Adding QuerySpace : uid = <gen:0> -> org.hibernate.loader.plan.build.internal.spaces.EntityQuerySpaceImpl@268ce068]
21:52:31.168 [Test worker] DEBUG org.hibernate.persister.walking.spi.MetamodelGraphWalker - Visiting attribute path : ps5
21:52:31.168 [Test worker] DEBUG org.hibernate.loader.plan.build.internal.spaces.QuerySpacesImpl - Adding QuerySpace : uid = <gen:1> -> org.hibernate.loader.plan.build.internal.spaces.EntityQuerySpaceImpl@1f5f83c6]
21:52:31.168 [Test worker] DEBUG org.hibernate.persister.walking.spi.MetamodelGraphWalker - Visiting attribute path : ps5.price
21:52:31.168 [Test worker] DEBUG org.hibernate.persister.walking.spi.MetamodelGraphWalker - Visiting attribute path : ps5.store
21:52:31.168 [Test worker] DEBUG org.hibernate.persister.walking.spi.MetamodelGraphWalker - Property path deemed to be circular : ps5.store
21:52:31.169 [Test worker] DEBUG org.hibernate.persister.walking.spi.MetamodelGraphWalker - Visiting attribute path : title
21:52:31.169 [Test worker] DEBUG org.hibernate.loader.plan.build.internal.FetchStyleLoadPlanBuildingAssociationVisitationStrategy - Building LoadPlan...
21:52:31.169 [Test worker] DEBUG org.hibernate.loader.plan.exec.internal.LoadQueryJoinAndFetchProcessor - processing queryspace <gen:0>
21:52:31.169 [Test worker] DEBUG org.hibernate.loader.plan.build.spi.LoadPlanTreePrinter - LoadPlan(entity=com.gruntik.hibernateex.entity.univ.Store)
    - Returns
       - EntityReturnImpl(entity=com.gruntik.hibernateex.entity.univ.Store, querySpaceUid=<gen:0>, path=com.gruntik.hibernateex.entity.univ.Store)
          - EntityAttributeFetchImpl(entity=com.gruntik.hibernateex.entity.univ.Ps5, querySpaceUid=<gen:1>, path=com.gruntik.hibernateex.entity.univ.Store.ps5)
    - QuerySpaces
       - EntityQuerySpaceImpl(uid=<gen:0>, entity=com.gruntik.hibernateex.entity.univ.Store)
          - SQL table alias mapping - store0_
          - alias suffix - 0_
          - suffixed key columns - {id1_8_0_}
          - JOIN (JoinDefinedByMetadata(ps5)) : <gen:0> -> <gen:1>
             - EntityQuerySpaceImpl(uid=<gen:1>, entity=com.gruntik.hibernateex.entity.univ.Ps5)
                - SQL table alias mapping - ps5x1_
                - alias suffix - 1_
                - suffixed key columns - {id1_7_1_}

21:52:31.169 [Test worker] DEBUG org.hibernate.loader.entity.plan.EntityLoader - Static select for entity com.gruntik.hibernateex.entity.univ.Store [NONE]: select store0_.id as id1_8_0_, store0_.ps5_id as ps3_8_0_, store0_.title as title2_8_0_, ps5x1_.id as id1_7_1_, ps5x1_.price as price2_7_1_ from store store0_ left outer join ps5 ps5x1_ on store0_.ps5_id=ps5x1_.id where store0_.id=?
21:52:31.176 [Test worker] DEBUG org.hibernate.loader.Loader - Static select for entity com.gruntik.hibernateex.entity.univ.Store [NONE]: select store0_.id as id1_8_1_, store0_.ps5_id as ps3_8_1_, store0_.title as title2_8_1_, ps5x1_.id as id1_7_0_, ps5x1_.price as price2_7_0_ from store store0_ left outer join ps5 ps5x1_ on store0_.ps5_id=ps5x1_.id where store0_.ps5_id=?
21:52:31.176 [Test worker] DEBUG org.hibernate.persister.entity.AbstractEntityPersister - Static SQL for entity: com.gruntik.hibernateex.entity.example.Author
21:52:31.176 [Test worker] DEBUG org.hibernate.persister.entity.AbstractEntityPersister -  Version select: select id from Author where id =?
21:52:31.176 [Test worker] DEBUG org.hibernate.persister.entity.AbstractEntityPersister -  Snapshot select: select author_.id, author_.fullName as fullname2_0_ from Author author_ where author_.id=?
21:52:31.176 [Test worker] DEBUG org.hibernate.persister.entity.AbstractEntityPersister -  Insert 0: insert into Author (fullName, id) values (?, ?)
21:52:31.176 [Test worker] DEBUG org.hibernate.persister.entity.AbstractEntityPersister -  Update 0: update Author set fullName=? where id=?
21:52:31.176 [Test worker] DEBUG org.hibernate.persister.entity.AbstractEntityPersister -  Delete 0: delete from Author where id=?
21:52:31.176 [Test worker] DEBUG org.hibernate.persister.entity.AbstractEntityPersister -  Identity insert: insert into Author (id, fullName) values (default, ?)
21:52:31.176 [Test worker] DEBUG org.hibernate.loader.plan.build.internal.spaces.QuerySpacesImpl - Adding QuerySpace : uid = <gen:0> -> org.hibernate.loader.plan.build.internal.spaces.EntityQuerySpaceImpl@2b884edf]
21:52:31.177 [Test worker] DEBUG org.hibernate.persister.walking.spi.MetamodelGraphWalker - Visiting attribute path : books
21:52:31.177 [Test worker] DEBUG org.hibernate.loader.plan.build.internal.spaces.QuerySpacesImpl - Adding QuerySpace : uid = <gen:1> -> org.hibernate.loader.plan.build.internal.spaces.CollectionQuerySpaceImpl@2ed1462c]
21:52:31.177 [Test worker] DEBUG org.hibernate.loader.plan.build.internal.spaces.QuerySpacesImpl - Adding QuerySpace : uid = <gen:2> -> org.hibernate.loader.plan.build.internal.spaces.EntityQuerySpaceImpl@1a1bda01]
21:52:31.177 [Test worker] DEBUG org.hibernate.persister.walking.spi.MetamodelGraphWalker - Visiting attribute path : fullName
21:52:31.177 [Test worker] DEBUG org.hibernate.loader.plan.build.internal.FetchStyleLoadPlanBuildingAssociationVisitationStrategy - Building LoadPlan...
21:52:31.177 [Test worker] DEBUG org.hibernate.loader.plan.exec.internal.LoadQueryJoinAndFetchProcessor - processing queryspace <gen:0>
21:52:31.177 [Test worker] DEBUG org.hibernate.loader.plan.build.spi.LoadPlanTreePrinter - LoadPlan(entity=com.gruntik.hibernateex.entity.example.Author)
    - Returns
       - EntityReturnImpl(entity=com.gruntik.hibernateex.entity.example.Author, querySpaceUid=<gen:0>, path=com.gruntik.hibernateex.entity.example.Author)
          - CollectionAttributeFetchImpl(collection=com.gruntik.hibernateex.entity.example.Author.books, querySpaceUid=<gen:1>, path=com.gruntik.hibernateex.entity.example.Author.books)
             - (collection element) CollectionFetchableElementEntityGraph(entity=com.gruntik.hibernateex.entity.example.Book, querySpaceUid=<gen:2>, path=com.gruntik.hibernateex.entity.example.Author.books.<elements>)
    - QuerySpaces
       - EntityQuerySpaceImpl(uid=<gen:0>, entity=com.gruntik.hibernateex.entity.example.Author)
          - SQL table alias mapping - author0_
          - alias suffix - 0_
          - suffixed key columns - {id1_0_0_}

21:52:31.177 [Test worker] DEBUG org.hibernate.loader.entity.plan.EntityLoader - Static select for entity com.gruntik.hibernateex.entity.example.Author [NONE]: select author0_.id as id1_0_0_, author0_.fullName as fullname2_0_0_ from Author author0_ where author0_.id=?
21:52:31.177 [Test worker] DEBUG org.hibernate.persister.entity.AbstractEntityPersister - Static SQL for entity: com.gruntik.hibernateex.entity.univ.Ps5
21:52:31.177 [Test worker] DEBUG org.hibernate.persister.entity.AbstractEntityPersister -  Version select: select id from ps5 where id =?
21:52:31.177 [Test worker] DEBUG org.hibernate.persister.entity.AbstractEntityPersister -  Snapshot select: select ps5x_.id, ps5x_.price as price2_7_ from ps5 ps5x_ where ps5x_.id=?
21:52:31.177 [Test worker] DEBUG org.hibernate.persister.entity.AbstractEntityPersister -  Insert 0: insert into ps5 (price, id) values (?, ?)
21:52:31.177 [Test worker] DEBUG org.hibernate.persister.entity.AbstractEntityPersister -  Update 0: update ps5 set price=? where id=?
21:52:31.177 [Test worker] DEBUG org.hibernate.persister.entity.AbstractEntityPersister -  Delete 0: delete from ps5 where id=?
21:52:31.177 [Test worker] DEBUG org.hibernate.loader.plan.build.internal.spaces.QuerySpacesImpl - Adding QuerySpace : uid = <gen:0> -> org.hibernate.loader.plan.build.internal.spaces.EntityQuerySpaceImpl@730c812b]
21:52:31.178 [Test worker] DEBUG org.hibernate.persister.walking.spi.MetamodelGraphWalker - Visiting attribute path : price
21:52:31.178 [Test worker] DEBUG org.hibernate.persister.walking.spi.MetamodelGraphWalker - Visiting attribute path : store
21:52:31.178 [Test worker] DEBUG org.hibernate.loader.plan.build.internal.spaces.QuerySpacesImpl - Adding QuerySpace : uid = <gen:1> -> org.hibernate.loader.plan.build.internal.spaces.EntityQuerySpaceImpl@5575328e]
21:52:31.178 [Test worker] DEBUG org.hibernate.persister.walking.spi.MetamodelGraphWalker - Visiting attribute path : store.ps5
21:52:31.178 [Test worker] DEBUG org.hibernate.persister.walking.spi.MetamodelGraphWalker - Property path deemed to be circular : store.ps5
21:52:31.178 [Test worker] DEBUG org.hibernate.persister.walking.spi.MetamodelGraphWalker - Visiting attribute path : store.title
21:52:31.178 [Test worker] DEBUG org.hibernate.loader.plan.build.internal.FetchStyleLoadPlanBuildingAssociationVisitationStrategy - Building LoadPlan...
21:52:31.178 [Test worker] DEBUG org.hibernate.loader.plan.exec.internal.LoadQueryJoinAndFetchProcessor - processing queryspace <gen:0>
21:52:31.178 [Test worker] DEBUG org.hibernate.loader.plan.build.spi.LoadPlanTreePrinter - LoadPlan(entity=com.gruntik.hibernateex.entity.univ.Ps5)
    - Returns
       - EntityReturnImpl(entity=com.gruntik.hibernateex.entity.univ.Ps5, querySpaceUid=<gen:0>, path=com.gruntik.hibernateex.entity.univ.Ps5)
          - EntityAttributeFetchImpl(entity=com.gruntik.hibernateex.entity.univ.Store, querySpaceUid=<gen:1>, path=com.gruntik.hibernateex.entity.univ.Ps5.store)
    - QuerySpaces
       - EntityQuerySpaceImpl(uid=<gen:0>, entity=com.gruntik.hibernateex.entity.univ.Ps5)
          - SQL table alias mapping - ps5x0_
          - alias suffix - 0_
          - suffixed key columns - {id1_7_0_}
          - JOIN (JoinDefinedByMetadata(store)) : <gen:0> -> <gen:1>
             - EntityQuerySpaceImpl(uid=<gen:1>, entity=com.gruntik.hibernateex.entity.univ.Store)
                - SQL table alias mapping - store1_
                - alias suffix - 1_
                - suffixed key columns - {id1_8_1_}

21:52:31.178 [Test worker] DEBUG org.hibernate.loader.entity.plan.EntityLoader - Static select for entity com.gruntik.hibernateex.entity.univ.Ps5 [NONE]: select ps5x0_.id as id1_7_0_, ps5x0_.price as price2_7_0_, store1_.id as id1_8_1_, store1_.ps5_id as ps3_8_1_, store1_.title as title2_8_1_ from ps5 ps5x0_ left outer join store store1_ on ps5x0_.id=store1_.ps5_id where ps5x0_.id=?
21:52:31.178 [Test worker] DEBUG org.hibernate.persister.entity.AbstractEntityPersister - Static SQL for entity: com.gruntik.hibernateex.entity.Person
21:52:31.178 [Test worker] DEBUG org.hibernate.persister.entity.AbstractEntityPersister -  Version select: select id from person where id =?
21:52:31.178 [Test worker] DEBUG org.hibernate.persister.entity.AbstractEntityPersister -  Snapshot select: select person_.id, person_.name as name2_4_ from person person_ where person_.id=?
21:52:31.178 [Test worker] DEBUG org.hibernate.persister.entity.AbstractEntityPersister -  Insert 0: insert into person (name, id) values (?, ?)
21:52:31.178 [Test worker] DEBUG org.hibernate.persister.entity.AbstractEntityPersister -  Update 0: update person set name=? where id=?
21:52:31.178 [Test worker] DEBUG org.hibernate.persister.entity.AbstractEntityPersister -  Delete 0: delete from person where id=?
21:52:31.178 [Test worker] DEBUG org.hibernate.loader.plan.build.internal.spaces.QuerySpacesImpl - Adding QuerySpace : uid = <gen:0> -> org.hibernate.loader.plan.build.internal.spaces.EntityQuerySpaceImpl@6e8ff3e]
21:52:31.179 [Test worker] DEBUG org.hibernate.persister.walking.spi.MetamodelGraphWalker - Visiting attribute path : name
21:52:31.179 [Test worker] DEBUG org.hibernate.persister.walking.spi.MetamodelGraphWalker - Visiting attribute path : phones
21:52:31.179 [Test worker] DEBUG org.hibernate.loader.plan.build.internal.spaces.QuerySpacesImpl - Adding QuerySpace : uid = <gen:1> -> org.hibernate.loader.plan.build.internal.spaces.CollectionQuerySpaceImpl@4efcd69]
21:52:31.179 [Test worker] DEBUG org.hibernate.loader.plan.build.internal.spaces.QuerySpacesImpl - Adding QuerySpace : uid = <gen:2> -> org.hibernate.loader.plan.build.internal.spaces.EntityQuerySpaceImpl@44da91be]
21:52:31.180 [Test worker] DEBUG org.hibernate.persister.walking.spi.MetamodelGraphWalker - Visiting attribute path : phones.number
21:52:31.180 [Test worker] DEBUG org.hibernate.persister.walking.spi.MetamodelGraphWalker - Visiting attribute path : phones.person
21:52:31.180 [Test worker] DEBUG org.hibernate.persister.walking.spi.MetamodelGraphWalker - Property path deemed to be circular : phones.person
21:52:31.180 [Test worker] DEBUG org.hibernate.loader.plan.build.internal.FetchStyleLoadPlanBuildingAssociationVisitationStrategy - Building LoadPlan...
21:52:31.180 [Test worker] DEBUG org.hibernate.loader.plan.exec.internal.LoadQueryJoinAndFetchProcessor - processing queryspace <gen:0>
21:52:31.182 [Test worker] DEBUG org.hibernate.loader.plan.build.spi.LoadPlanTreePrinter - LoadPlan(entity=com.gruntik.hibernateex.entity.Person)
    - Returns
       - EntityReturnImpl(entity=com.gruntik.hibernateex.entity.Person, querySpaceUid=<gen:0>, path=com.gruntik.hibernateex.entity.Person)
          - CollectionAttributeFetchImpl(collection=com.gruntik.hibernateex.entity.Person.phones, querySpaceUid=<gen:1>, path=com.gruntik.hibernateex.entity.Person.phones)
             - (collection element) CollectionFetchableElementEntityGraph(entity=com.gruntik.hibernateex.entity.Phone, querySpaceUid=<gen:2>, path=com.gruntik.hibernateex.entity.Person.phones.<elements>)
    - QuerySpaces
       - EntityQuerySpaceImpl(uid=<gen:0>, entity=com.gruntik.hibernateex.entity.Person)
          - SQL table alias mapping - person0_
          - alias suffix - 0_
          - suffixed key columns - {id1_4_0_}
          - JOIN (JoinDefinedByMetadata(phones)) : <gen:0> -> <gen:1>
             - CollectionQuerySpaceImpl(uid=<gen:1>, collection=com.gruntik.hibernateex.entity.Person.phones)
                - SQL table alias mapping - phones1_
                - alias suffix - 1_
                - suffixed key columns - {person_i3_6_1_}
                - entity-element alias suffix - 2_
                - 2_entity-element suffixed key columns - id1_6_2_
                - JOIN (JoinDefinedByMetadata(elements)) : <gen:1> -> <gen:2>
                   - EntityQuerySpaceImpl(uid=<gen:2>, entity=com.gruntik.hibernateex.entity.Phone)
                      - SQL table alias mapping - phones1_
                      - alias suffix - 2_
                      - suffixed key columns - {id1_6_2_}

21:52:31.182 [Test worker] DEBUG org.hibernate.loader.entity.plan.EntityLoader - Static select for entity com.gruntik.hibernateex.entity.Person [NONE]: select person0_.id as id1_4_0_, person0_.name as name2_4_0_, phones1_.person_id as person_i3_6_1_, phones1_.id as id1_6_1_, phones1_.id as id1_6_2_, phones1_.number as number2_6_2_, phones1_.person_id as person_i3_6_2_ from person person0_ left outer join phone phones1_ on person0_.id=phones1_.person_id where person0_.id=?
21:52:31.182 [Test worker] DEBUG org.hibernate.persister.entity.AbstractEntityPersister - Static SQL for entity: com.gruntik.hibernateex.entity.userorder.Order
21:52:31.182 [Test worker] DEBUG org.hibernate.persister.entity.AbstractEntityPersister -  Version select: select order_id from "order" where order_id =?
21:52:31.182 [Test worker] DEBUG org.hibernate.persister.entity.AbstractEntityPersister -  Snapshot select: select order_.order_id, order_.title as title2_3_, order_.user_id as user_id3_3_ from "order" order_ where order_.order_id=?
21:52:31.182 [Test worker] DEBUG org.hibernate.persister.entity.AbstractEntityPersister -  Insert 0: insert into "order" (title, user_id, order_id) values (?, ?, ?)
21:52:31.182 [Test worker] DEBUG org.hibernate.persister.entity.AbstractEntityPersister -  Update 0: update "order" set title=?, user_id=? where order_id=?
21:52:31.182 [Test worker] DEBUG org.hibernate.persister.entity.AbstractEntityPersister -  Delete 0: delete from "order" where order_id=?
21:52:31.182 [Test worker] DEBUG org.hibernate.persister.entity.AbstractEntityPersister -  Identity insert: insert into "order" (order_id, title, user_id) values (default, ?, ?)
21:52:31.182 [Test worker] DEBUG org.hibernate.loader.plan.build.internal.spaces.QuerySpacesImpl - Adding QuerySpace : uid = <gen:0> -> org.hibernate.loader.plan.build.internal.spaces.EntityQuerySpaceImpl@1a658b42]
21:52:31.182 [Test worker] DEBUG org.hibernate.persister.walking.spi.MetamodelGraphWalker - Visiting attribute path : title
21:52:31.182 [Test worker] DEBUG org.hibernate.persister.walking.spi.MetamodelGraphWalker - Visiting attribute path : user
21:52:31.183 [Test worker] DEBUG org.hibernate.loader.plan.build.internal.spaces.QuerySpacesImpl - Adding QuerySpace : uid = <gen:1> -> org.hibernate.loader.plan.build.internal.spaces.EntityQuerySpaceImpl@66b9ef86]
21:52:31.183 [Test worker] DEBUG org.hibernate.loader.plan.build.internal.FetchStyleLoadPlanBuildingAssociationVisitationStrategy - Building LoadPlan...
21:52:31.183 [Test worker] DEBUG org.hibernate.loader.plan.exec.internal.LoadQueryJoinAndFetchProcessor - processing queryspace <gen:0>
21:52:31.183 [Test worker] DEBUG org.hibernate.loader.plan.build.spi.LoadPlanTreePrinter - LoadPlan(entity=com.gruntik.hibernateex.entity.userorder.Order)
    - Returns
       - EntityReturnImpl(entity=com.gruntik.hibernateex.entity.userorder.Order, querySpaceUid=<gen:0>, path=com.gruntik.hibernateex.entity.userorder.Order)
          - EntityAttributeFetchImpl(entity=com.gruntik.hibernateex.entity.userorder.User, querySpaceUid=<gen:1>, path=com.gruntik.hibernateex.entity.userorder.Order.user)
    - QuerySpaces
       - EntityQuerySpaceImpl(uid=<gen:0>, entity=com.gruntik.hibernateex.entity.userorder.Order)
          - SQL table alias mapping - order0_
          - alias suffix - 0_
          - suffixed key columns - {order_id1_3_0_}

21:52:31.183 [Test worker] DEBUG org.hibernate.loader.entity.plan.EntityLoader - Static select for entity com.gruntik.hibernateex.entity.userorder.Order [NONE]: select order0_.order_id as order_id1_3_0_, order0_.title as title2_3_0_, order0_.user_id as user_id3_3_0_ from "order" order0_ where order0_.order_id=?
21:52:31.186 [Test worker] DEBUG org.hibernate.loader.plan.build.internal.spaces.QuerySpacesImpl - Adding QuerySpace : uid = <gen:0> -> org.hibernate.loader.plan.build.internal.spaces.CollectionQuerySpaceImpl@535cfe22]
21:52:31.186 [Test worker] DEBUG org.hibernate.loader.plan.build.internal.spaces.QuerySpacesImpl - Adding QuerySpace : uid = <gen:1> -> org.hibernate.loader.plan.build.internal.spaces.EntityQuerySpaceImpl@4b6ecfde]
21:52:31.186 [Test worker] DEBUG org.hibernate.persister.walking.spi.MetamodelGraphWalker - Visiting attribute path : books
21:52:31.186 [Test worker] DEBUG org.hibernate.persister.walking.spi.MetamodelGraphWalker - Property path deemed to be circular : books
21:52:31.186 [Test worker] DEBUG org.hibernate.persister.walking.spi.MetamodelGraphWalker - Visiting attribute path : fullName
21:52:31.186 [Test worker] DEBUG org.hibernate.loader.plan.build.internal.FetchStyleLoadPlanBuildingAssociationVisitationStrategy - Building LoadPlan...
21:52:31.188 [Test worker] DEBUG org.hibernate.loader.plan.exec.internal.LoadQueryJoinAndFetchProcessor - processing queryspace <gen:0>
21:52:31.188 [Test worker] DEBUG org.hibernate.loader.plan.build.spi.LoadPlanTreePrinter - LoadPlan(collection=com.gruntik.hibernateex.entity.example.Book.authors)
    - Returns
       - CollectionReturnImpl(collection=com.gruntik.hibernateex.entity.example.Book.authors, querySpaceUid=<gen:0>, path=[com.gruntik.hibernateex.entity.example.Book.authors])
          - (collection element) CollectionFetchableElementEntityGraph(entity=com.gruntik.hibernateex.entity.example.Author, querySpaceUid=<gen:1>, path=[com.gruntik.hibernateex.entity.example.Book.authors].<elements>)
    - QuerySpaces
       - CollectionQuerySpaceImpl(uid=<gen:0>, collection=com.gruntik.hibernateex.entity.example.Book.authors)
          - SQL table alias mapping - authors0_
          - alias suffix - 0_
          - suffixed key columns - {books_id1_2_0_}
          - entity-element alias suffix - 1_
          - 1_entity-element suffixed key columns - id1_0_1_
          - JOIN (JoinDefinedByMetadata(elements)) : <gen:0> -> <gen:1>
             - EntityQuerySpaceImpl(uid=<gen:1>, entity=com.gruntik.hibernateex.entity.example.Author)
                - SQL table alias mapping - author1_
                - alias suffix - 1_
                - suffixed key columns - {id1_0_1_}

21:52:31.189 [Test worker] DEBUG org.hibernate.loader.collection.plan.CollectionLoader - Static select for collection com.gruntik.hibernateex.entity.example.Book.authors: select authors0_.books_id as books_id1_2_0_, authors0_.authors_id as authors_2_2_0_, author1_.id as id1_0_1_, author1_.fullName as fullname2_0_1_ from Book_Author authors0_ inner join Author author1_ on authors0_.authors_id=author1_.id where authors0_.books_id=?
21:52:31.189 [Test worker] DEBUG org.hibernate.loader.plan.build.internal.spaces.QuerySpacesImpl - Adding QuerySpace : uid = <gen:0> -> org.hibernate.loader.plan.build.internal.spaces.CollectionQuerySpaceImpl@36c7323f]
21:52:31.189 [Test worker] DEBUG org.hibernate.loader.plan.build.internal.spaces.QuerySpacesImpl - Adding QuerySpace : uid = <gen:1> -> org.hibernate.loader.plan.build.internal.spaces.EntityQuerySpaceImpl@78f884cd]
21:52:31.189 [Test worker] DEBUG org.hibernate.persister.walking.spi.MetamodelGraphWalker - Visiting attribute path : title
21:52:31.189 [Test worker] DEBUG org.hibernate.persister.walking.spi.MetamodelGraphWalker - Visiting attribute path : user
21:52:31.189 [Test worker] DEBUG org.hibernate.persister.walking.spi.MetamodelGraphWalker - Property path deemed to be circular : user
21:52:31.189 [Test worker] DEBUG org.hibernate.loader.plan.build.internal.FetchStyleLoadPlanBuildingAssociationVisitationStrategy - Building LoadPlan...
21:52:31.190 [Test worker] DEBUG org.hibernate.loader.plan.exec.internal.LoadQueryJoinAndFetchProcessor - processing queryspace <gen:0>
21:52:31.190 [Test worker] DEBUG org.hibernate.loader.plan.build.spi.LoadPlanTreePrinter - LoadPlan(collection=com.gruntik.hibernateex.entity.userorder.User.order)
    - Returns
       - CollectionReturnImpl(collection=com.gruntik.hibernateex.entity.userorder.User.order, querySpaceUid=<gen:0>, path=[com.gruntik.hibernateex.entity.userorder.User.order])
          - (collection element) CollectionFetchableElementEntityGraph(entity=com.gruntik.hibernateex.entity.userorder.Order, querySpaceUid=<gen:1>, path=[com.gruntik.hibernateex.entity.userorder.User.order].<elements>)
    - QuerySpaces
       - CollectionQuerySpaceImpl(uid=<gen:0>, collection=com.gruntik.hibernateex.entity.userorder.User.order)
          - SQL table alias mapping - order0_
          - alias suffix - 0_
          - suffixed key columns - {user_id3_3_0_}
          - entity-element alias suffix - 1_
          - 1_entity-element suffixed key columns - order_id1_3_1_
          - JOIN (JoinDefinedByMetadata(elements)) : <gen:0> -> <gen:1>
             - EntityQuerySpaceImpl(uid=<gen:1>, entity=com.gruntik.hibernateex.entity.userorder.Order)
                - SQL table alias mapping - order0_
                - alias suffix - 1_
                - suffixed key columns - {order_id1_3_1_}

21:52:31.190 [Test worker] DEBUG org.hibernate.loader.collection.plan.CollectionLoader - Static select for collection com.gruntik.hibernateex.entity.userorder.User.order: select order0_.user_id as user_id3_3_0_, order0_.order_id as order_id1_3_0_, order0_.order_id as order_id1_3_1_, order0_.title as title2_3_1_, order0_.user_id as user_id3_3_1_ from "order" order0_ where order0_.user_id=?
21:52:31.191 [Test worker] DEBUG org.hibernate.loader.plan.build.internal.spaces.QuerySpacesImpl - Adding QuerySpace : uid = <gen:0> -> org.hibernate.loader.plan.build.internal.spaces.CollectionQuerySpaceImpl@41500bf]
21:52:31.191 [Test worker] DEBUG org.hibernate.loader.plan.build.internal.spaces.QuerySpacesImpl - Adding QuerySpace : uid = <gen:1> -> org.hibernate.loader.plan.build.internal.spaces.EntityQuerySpaceImpl@16e6dd3c]
21:52:31.191 [Test worker] DEBUG org.hibernate.persister.walking.spi.MetamodelGraphWalker - Visiting attribute path : authors
21:52:31.191 [Test worker] DEBUG org.hibernate.persister.walking.spi.MetamodelGraphWalker - Property path deemed to be circular : authors
21:52:31.191 [Test worker] DEBUG org.hibernate.persister.walking.spi.MetamodelGraphWalker - Visiting attribute path : isbn
21:52:31.191 [Test worker] DEBUG org.hibernate.persister.walking.spi.MetamodelGraphWalker - Visiting attribute path : publicationDate
21:52:31.191 [Test worker] DEBUG org.hibernate.persister.walking.spi.MetamodelGraphWalker - Visiting attribute path : title
21:52:31.191 [Test worker] DEBUG org.hibernate.loader.plan.build.internal.FetchStyleLoadPlanBuildingAssociationVisitationStrategy - Building LoadPlan...
21:52:31.191 [Test worker] DEBUG org.hibernate.loader.plan.exec.internal.LoadQueryJoinAndFetchProcessor - processing queryspace <gen:0>
21:52:31.191 [Test worker] DEBUG org.hibernate.loader.plan.build.spi.LoadPlanTreePrinter - LoadPlan(collection=com.gruntik.hibernateex.entity.example.Author.books)
    - Returns
       - CollectionReturnImpl(collection=com.gruntik.hibernateex.entity.example.Author.books, querySpaceUid=<gen:0>, path=[com.gruntik.hibernateex.entity.example.Author.books])
          - (collection element) CollectionFetchableElementEntityGraph(entity=com.gruntik.hibernateex.entity.example.Book, querySpaceUid=<gen:1>, path=[com.gruntik.hibernateex.entity.example.Author.books].<elements>)
    - QuerySpaces
       - CollectionQuerySpaceImpl(uid=<gen:0>, collection=com.gruntik.hibernateex.entity.example.Author.books)
          - SQL table alias mapping - books0_
          - alias suffix - 0_
          - suffixed key columns - {authors_2_2_0_}
          - entity-element alias suffix - 1_
          - 1_entity-element suffixed key columns - id1_1_1_
          - JOIN (JoinDefinedByMetadata(elements)) : <gen:0> -> <gen:1>
             - EntityQuerySpaceImpl(uid=<gen:1>, entity=com.gruntik.hibernateex.entity.example.Book)
                - SQL table alias mapping - book1_
                - alias suffix - 1_
                - suffixed key columns - {id1_1_1_}

21:52:31.191 [Test worker] DEBUG org.hibernate.loader.collection.plan.CollectionLoader - Static select for collection com.gruntik.hibernateex.entity.example.Author.books: select books0_.authors_id as authors_2_2_0_, books0_.books_id as books_id1_2_0_, book1_.id as id1_1_1_, book1_.isbn as isbn2_1_1_, book1_.publicationDate as publicat3_1_1_, book1_.title as title4_1_1_ from Book_Author books0_ inner join Book book1_ on books0_.books_id=book1_.id where books0_.authors_id=?
21:52:31.191 [Test worker] DEBUG org.hibernate.loader.plan.build.internal.spaces.QuerySpacesImpl - Adding QuerySpace : uid = <gen:0> -> org.hibernate.loader.plan.build.internal.spaces.CollectionQuerySpaceImpl@72ddd356]
21:52:31.191 [Test worker] DEBUG org.hibernate.loader.plan.build.internal.spaces.QuerySpacesImpl - Adding QuerySpace : uid = <gen:1> -> org.hibernate.loader.plan.build.internal.spaces.EntityQuerySpaceImpl@5272ef0c]
21:52:31.191 [Test worker] DEBUG org.hibernate.persister.walking.spi.MetamodelGraphWalker - Visiting attribute path : number
21:52:31.191 [Test worker] DEBUG org.hibernate.persister.walking.spi.MetamodelGraphWalker - Visiting attribute path : person
21:52:31.191 [Test worker] DEBUG org.hibernate.persister.walking.spi.MetamodelGraphWalker - Property path deemed to be circular : person
21:52:31.192 [Test worker] DEBUG org.hibernate.loader.plan.build.internal.FetchStyleLoadPlanBuildingAssociationVisitationStrategy - Building LoadPlan...
21:52:31.192 [Test worker] DEBUG org.hibernate.loader.plan.exec.internal.LoadQueryJoinAndFetchProcessor - processing queryspace <gen:0>
21:52:31.192 [Test worker] DEBUG org.hibernate.loader.plan.build.spi.LoadPlanTreePrinter - LoadPlan(collection=com.gruntik.hibernateex.entity.Person.phones)
    - Returns
       - CollectionReturnImpl(collection=com.gruntik.hibernateex.entity.Person.phones, querySpaceUid=<gen:0>, path=[com.gruntik.hibernateex.entity.Person.phones])
          - (collection element) CollectionFetchableElementEntityGraph(entity=com.gruntik.hibernateex.entity.Phone, querySpaceUid=<gen:1>, path=[com.gruntik.hibernateex.entity.Person.phones].<elements>)
    - QuerySpaces
       - CollectionQuerySpaceImpl(uid=<gen:0>, collection=com.gruntik.hibernateex.entity.Person.phones)
          - SQL table alias mapping - phones0_
          - alias suffix - 0_
          - suffixed key columns - {person_i3_6_0_}
          - entity-element alias suffix - 1_
          - 1_entity-element suffixed key columns - id1_6_1_
          - JOIN (JoinDefinedByMetadata(elements)) : <gen:0> -> <gen:1>
             - EntityQuerySpaceImpl(uid=<gen:1>, entity=com.gruntik.hibernateex.entity.Phone)
                - SQL table alias mapping - phones0_
                - alias suffix - 1_
                - suffixed key columns - {id1_6_1_}

21:52:31.192 [Test worker] DEBUG org.hibernate.loader.collection.plan.CollectionLoader - Static select for collection com.gruntik.hibernateex.entity.Person.phones: select phones0_.person_id as person_i3_6_0_, phones0_.id as id1_6_0_, phones0_.id as id1_6_1_, phones0_.number as number2_6_1_, phones0_.person_id as person_i3_6_1_ from phone phones0_ where phones0_.person_id=?
21:52:31.225 [Test worker] DEBUG org.hibernate.SQL - drop table if exists Author CASCADE 
Hibernate: drop table if exists Author CASCADE 
21:52:31.226 [Test worker] INFO org.hibernate.orm.connections.access - HHH10001501: Connection obtained from JdbcConnectionAccess [org.hibernate.engine.jdbc.env.internal.JdbcEnvironmentInitiator$ConnectionProviderJdbcConnectionAccess@139f3b9d] for (non-JTA) DDL execution was not in auto-commit mode; the Connection 'local transaction' will be committed and the Connection will be set into auto-commit mode.
21:52:31.227 [Test worker] DEBUG org.hibernate.SQL - drop table if exists Book CASCADE 
Hibernate: drop table if exists Book CASCADE 
21:52:31.227 [Test worker] DEBUG org.hibernate.SQL - drop table if exists Book_Author CASCADE 
Hibernate: drop table if exists Book_Author CASCADE 
21:52:31.227 [Test worker] DEBUG org.hibernate.SQL - drop table if exists "order" CASCADE 
Hibernate: drop table if exists "order" CASCADE 
21:52:31.227 [Test worker] DEBUG org.hibernate.SQL - drop table if exists person CASCADE 
Hibernate: drop table if exists person CASCADE 
21:52:31.227 [Test worker] DEBUG org.hibernate.SQL - drop table if exists pet CASCADE 
Hibernate: drop table if exists pet CASCADE 
21:52:31.227 [Test worker] DEBUG org.hibernate.SQL - drop table if exists phone CASCADE 
Hibernate: drop table if exists phone CASCADE 
21:52:31.227 [Test worker] DEBUG org.hibernate.SQL - drop table if exists ps5 CASCADE 
Hibernate: drop table if exists ps5 CASCADE 
21:52:31.228 [Test worker] DEBUG org.hibernate.SQL - drop table if exists store CASCADE 
Hibernate: drop table if exists store CASCADE 
21:52:31.228 [Test worker] DEBUG org.hibernate.SQL - drop table if exists "user" CASCADE 
Hibernate: drop table if exists "user" CASCADE 
21:52:31.228 [Test worker] DEBUG org.hibernate.SQL - drop sequence if exists hibernate_sequence
Hibernate: drop sequence if exists hibernate_sequence
21:52:31.230 [Test worker] DEBUG org.hibernate.SQL - create sequence hibernate_sequence start with 1 increment by 1
Hibernate: create sequence hibernate_sequence start with 1 increment by 1
21:52:31.230 [Test worker] INFO org.hibernate.orm.connections.access - HHH10001501: Connection obtained from JdbcConnectionAccess [org.hibernate.engine.jdbc.env.internal.JdbcEnvironmentInitiator$ConnectionProviderJdbcConnectionAccess@4dbb9e2a] for (non-JTA) DDL execution was not in auto-commit mode; the Connection 'local transaction' will be committed and the Connection will be set into auto-commit mode.
21:52:31.231 [Test worker] DEBUG org.hibernate.SQL - create table Author (id bigint generated by default as identity, fullName varchar(255), primary key (id))
Hibernate: create table Author (id bigint generated by default as identity, fullName varchar(255), primary key (id))
21:52:31.234 [Test worker] DEBUG org.hibernate.SQL - create table Book (id bigint generated by default as identity, isbn varchar(255), publicationDate date, title varchar(255), primary key (id))
Hibernate: create table Book (id bigint generated by default as identity, isbn varchar(255), publicationDate date, title varchar(255), primary key (id))
21:52:31.235 [Test worker] DEBUG org.hibernate.SQL - create table Book_Author (books_id bigint not null, authors_id bigint not null)
Hibernate: create table Book_Author (books_id bigint not null, authors_id bigint not null)
21:52:31.235 [Test worker] DEBUG org.hibernate.SQL - create table "order" (order_id bigint generated by default as identity, title varchar(255), user_id bigint, primary key (order_id))
Hibernate: create table "order" (order_id bigint generated by default as identity, title varchar(255), user_id bigint, primary key (order_id))
21:52:31.235 [Test worker] DEBUG org.hibernate.SQL - create table person (id bigint not null, name varchar(255), primary key (id))
Hibernate: create table person (id bigint not null, name varchar(255), primary key (id))
21:52:31.236 [Test worker] DEBUG org.hibernate.SQL - create table pet (id bigint not null, age integer, name varchar(255), primary key (id))
Hibernate: create table pet (id bigint not null, age integer, name varchar(255), primary key (id))
21:52:31.236 [Test worker] DEBUG org.hibernate.SQL - create table phone (id bigint not null, number varchar(255), person_id bigint, primary key (id))
Hibernate: create table phone (id bigint not null, number varchar(255), person_id bigint, primary key (id))
21:52:31.236 [Test worker] DEBUG org.hibernate.SQL - create table ps5 (id bigint not null, price integer, primary key (id))
Hibernate: create table ps5 (id bigint not null, price integer, primary key (id))
21:52:31.237 [Test worker] DEBUG org.hibernate.SQL - create table store (id bigint not null, title varchar(255), ps5_id bigint, primary key (id))
Hibernate: create table store (id bigint not null, title varchar(255), ps5_id bigint, primary key (id))
21:52:31.237 [Test worker] DEBUG org.hibernate.SQL - create table "user" (user_id bigint generated by default as identity, name varchar(255), primary key (user_id))
Hibernate: create table "user" (user_id bigint generated by default as identity, name varchar(255), primary key (user_id))
21:52:31.238 [Test worker] DEBUG org.hibernate.SQL - alter table Book_Author add constraint FKt42qaxhbq87yfijncjfrs5ukc foreign key (authors_id) references Author
Hibernate: alter table Book_Author add constraint FKt42qaxhbq87yfijncjfrs5ukc foreign key (authors_id) references Author
21:52:31.242 [Test worker] DEBUG org.hibernate.SQL - alter table Book_Author add constraint FKimn1h9jx7v2q8d7w1s45dpsd2 foreign key (books_id) references Book
Hibernate: alter table Book_Author add constraint FKimn1h9jx7v2q8d7w1s45dpsd2 foreign key (books_id) references Book
21:52:31.243 [Test worker] DEBUG org.hibernate.SQL - alter table "order" add constraint FKrcaf946w0bh6qj0ljiw3pwpnu foreign key (user_id) references "user"
Hibernate: alter table "order" add constraint FKrcaf946w0bh6qj0ljiw3pwpnu foreign key (user_id) references "user"
21:52:31.244 [Test worker] DEBUG org.hibernate.SQL - alter table phone add constraint FKkk6uij3j6wikpnqlj9dymobs9 foreign key (person_id) references person
Hibernate: alter table phone add constraint FKkk6uij3j6wikpnqlj9dymobs9 foreign key (person_id) references person
21:52:31.245 [Test worker] DEBUG org.hibernate.SQL - alter table store add constraint FKgnf0ttwdb6nxblwve3bdykft8 foreign key (ps5_id) references ps5
Hibernate: alter table store add constraint FKgnf0ttwdb6nxblwve3bdykft8 foreign key (ps5_id) references ps5
21:52:31.248 [Test worker] DEBUG org.hibernate.engine.transaction.jta.platform.internal.JtaPlatformInitiator - No JtaPlatform was specified, checking resolver
21:52:31.248 [Test worker] DEBUG org.hibernate.engine.transaction.jta.platform.internal.JtaPlatformResolverInitiator - No JtaPlatformResolver was specified, using default [org.hibernate.engine.transaction.jta.platform.internal.StandardJtaPlatformResolver]
21:52:31.252 [Test worker] DEBUG org.hibernate.engine.transaction.jta.platform.internal.StandardJtaPlatformResolver - Could not resolve JtaPlatform, using default [org.hibernate.engine.transaction.jta.platform.internal.NoJtaPlatform]
21:52:31.252 [Test worker] INFO org.hibernate.engine.transaction.jta.platform.internal.JtaPlatformInitiator - HHH000490: Using JtaPlatform implementation: [org.hibernate.engine.transaction.jta.platform.internal.NoJtaPlatform]
21:52:31.253 [Test worker] DEBUG org.hibernate.query.spi.NamedQueryRepository - Checking 0 named HQL queries
21:52:31.253 [Test worker] DEBUG org.hibernate.query.spi.NamedQueryRepository - Checking 0 named SQL queries
21:52:31.257 [Test worker] DEBUG org.hibernate.service.internal.SessionFactoryServiceRegistryImpl - EventListenerRegistry access via ServiceRegistry is deprecated.  Use `sessionFactory.getEventEngine().getListenerRegistry()` instead
21:52:31.262 [Test worker] DEBUG org.hibernate.internal.SessionFactoryRegistry - Initializing SessionFactoryRegistry : org.hibernate.internal.SessionFactoryRegistry@569e3ca6
21:52:31.263 [Test worker] DEBUG org.hibernate.internal.SessionFactoryRegistry - Registering SessionFactory: 401be184-b09e-4c59-9492-2e0f37a44883 (<unnamed>)
21:52:31.263 [Test worker] DEBUG org.hibernate.internal.SessionFactoryRegistry - Not binding SessionFactory to JNDI, no JNDI name configured
21:52:31.305 [Test worker] DEBUG org.hibernate.stat.internal.StatisticsInitiator - Statistics initialized [enabled=false]

  .   ____          _            __ _ _
 /\\ / ___'_ __ _ _(_)_ __  __ _ \ \ \ \
( ( )\___ | '_ | '_| | '_ \/ _` | \ \ \ \
 \\/  ___)| |_)| | | | | || (_| |  ) ) ) )
  '  |____| .__|_| |_|_| |_\__, | / / / /
 =========|_|==============|___/=/_/_/_/
 :: Spring Boot ::                (v2.7.0)

2022-06-07 21:52:31.607  INFO 20672 --- [    Test worker] c.g.h.userorder.UserOrderTests           : Starting UserOrderTests using Java 11.0.9 on GIGOR with PID 20672 (started by grunt in D:\MyProjects\HibernateEx)
2022-06-07 21:52:31.608  INFO 20672 --- [    Test worker] c.g.h.userorder.UserOrderTests           : No active profile set, falling back to 1 default profile: "default"
2022-06-07 21:52:32.310  INFO 20672 --- [    Test worker] .s.d.r.c.RepositoryConfigurationDelegate : Bootstrapping Spring Data JPA repositories in DEFAULT mode.
2022-06-07 21:52:32.329  INFO 20672 --- [    Test worker] .s.d.r.c.RepositoryConfigurationDelegate : Finished Spring Data repository scanning in 9 ms. Found 0 JPA repository interfaces.
2022-06-07 21:52:32.877  INFO 20672 --- [    Test worker] com.zaxxer.hikari.HikariDataSource       : HikariPool-1 - Starting...
2022-06-07 21:52:32.899  INFO 20672 --- [    Test worker] com.zaxxer.hikari.pool.PoolBase          : HikariPool-1 - Driver does not support get/set network timeout for connections. (Receiver class org.h2.jdbc.JdbcConnection does not define or inherit an implementation of the resolved method abstract getNetworkTimeout()I of interface java.sql.Connection.)
2022-06-07 21:52:32.903  INFO 20672 --- [    Test worker] com.zaxxer.hikari.HikariDataSource       : HikariPool-1 - Start completed.
2022-06-07 21:52:32.967  INFO 20672 --- [    Test worker] o.hibernate.jpa.internal.util.LogHelper  : HHH000204: Processing PersistenceUnitInfo [name: default]
2022-06-07 21:52:33.002  INFO 20672 --- [    Test worker] org.hibernate.dialect.Dialect            : HHH000400: Using dialect: org.hibernate.dialect.H2Dialect
2022-06-07 21:52:33.121  INFO 20672 --- [    Test worker] o.h.e.t.j.p.i.JtaPlatformInitiator       : HHH000490: Using JtaPlatform implementation: [org.hibernate.engine.transaction.jta.platform.internal.NoJtaPlatform]
2022-06-07 21:52:33.121  INFO 20672 --- [    Test worker] j.LocalContainerEntityManagerFactoryBean : Initialized JPA EntityManagerFactory for persistence unit 'default'
2022-06-07 21:52:33.432  WARN 20672 --- [    Test worker] JpaBaseConfiguration$JpaWebConfiguration : spring.jpa.open-in-view is enabled by default. Therefore, database queries may be performed during view rendering. Explicitly configure spring.jpa.open-in-view to disable this warning
2022-06-07 21:52:34.364  INFO 20672 --- [    Test worker] c.g.h.userorder.UserOrderTests           : Started UserOrderTests in 3.025 seconds (JVM running for 6.257)
Hibernate: insert into "user" (user_id, name) values (default, ?)
Hibernate: insert into "order" (order_id, title, user_id) values (default, ?, ?)
Hibernate: insert into "order" (order_id, title, user_id) values (default, ?, ?)
Hibernate: select order0_.order_id as order_id1_3_0_, order0_.title as title2_3_0_, order0_.user_id as user_id3_3_0_ from "order" order0_ where order0_.order_id=?
Hibernate: delete from "order" where order_id=?
Hibernate: select user0_.user_id as user_id1_9_0_, user0_.name as name2_9_0_ from "user" user0_ where user0_.user_id=?
Hibernate: select order0_.user_id as user_id3_3_0_, order0_.order_id as order_id1_3_0_, order0_.order_id as order_id1_3_1_, order0_.title as title2_3_1_, order0_.user_id as user_id3_3_1_ from "order" order0_ where order0_.user_id=?
order after remove: [OrderDetail{orderId=1, title='magazine'}]
Hibernate: select order0_.order_id as order_id1_3_, order0_.title as title2_3_, order0_.user_id as user_id3_3_ from "order" order0_
--orders
[OrderDetail{orderId=1, title='magazine'}]
]]></system-out>
  <system-err><![CDATA[]]></system-err>
</testsuite>
